<?xml version="1.0" encoding="UTF-8"?>
<testsuite name="com.flink.practice.e2etest.ClientProducerIntegrationTest" tests="1" skipped="0" failures="0" errors="0" timestamp="2025-03-16T15:40:24" hostname="DESKTOP-FTHIR2G" time="8.729">
  <properties/>
  <testcase name="testClientProducerIntegrationTest()" classname="com.flink.practice.e2etest.ClientProducerIntegrationTest" time="8.729"/>
  <system-out><![CDATA[]]></system-out>
  <system-err><![CDATA[]]></system-err>
</testsuite>
