<?xml version="1.0" encoding="UTF-8"?>
<testsuite name="com.flink.practice.test.spring.controller.ProducerTest" tests="1" skipped="0" failures="0" errors="0" timestamp="2025-03-01T15:36:02" hostname="DESKTOP-FTHIR2G" time="3.894">
  <properties/>
  <testcase name="testStreamingAudioChunks()" classname="com.flink.practice.test.spring.controller.ProducerTest" time="3.894"/>
  <system-out><![CDATA[
  .   ____          _            __ _ _
 /\\ / ___'_ __ _ _(_)_ __  __ _ \ \ \ \
( ( )\___ | '_ | '_| | '_ \/ _` | \ \ \ \
 \\/  ___)| |_)| | | | | || (_| |  ) ) ) )
  '  |____| .__|_| |_|_| |_\__, | / / / /
 =========|_|==============|___/=/_/_/_/
 :: Spring Boot ::                (v3.1.2)

2025-03-02T00:36:01.648+09:00  INFO 23876 --- [    Test worker] c.f.p.t.spring.controller.ProducerTest   : Starting ProducerTest using Java 17.0.12 with PID 23876 (started by user in C:\Users\user\Documents\flink-practice\producer)
2025-03-02T00:36:01.649+09:00 DEBUG 23876 --- [    Test worker] c.f.p.t.spring.controller.ProducerTest   : Running with Spring Boot v3.1.2, Spring v6.0.11
2025-03-02T00:36:01.650+09:00  INFO 23876 --- [    Test worker] c.f.p.t.spring.controller.ProducerTest   : No active profile set, falling back to 1 default profile: "default"
2025-03-02T00:36:02.677+09:00  INFO 23876 --- [    Test worker] o.s.b.web.embedded.netty.NettyWebServer  : Netty started on port 8080
2025-03-02T00:36:02.682+09:00  INFO 23876 --- [    Test worker] c.f.p.t.spring.controller.ProducerTest   : Started ProducerTest in 1.207 seconds (process running for 1.902)
Issued sessionId: 6a76d6fa-b779-4c1e-99f5-2ace23bef4dd
2025-03-02T00:36:03.674+09:00  INFO 23876 --- [ctor-http-nio-4] o.a.k.clients.producer.ProducerConfig    : ProducerConfig values: 
	acks = -1
	auto.include.jmx.reporter = true
	batch.size = 16384
	bootstrap.servers = [localhost:29092]
	buffer.memory = 33554432
	client.dns.lookup = use_all_dns_ips
	client.id = producer-1
	compression.type = none
	connections.max.idle.ms = 540000
	delivery.timeout.ms = 120000
	enable.idempotence = true
	interceptor.classes = []
	key.serializer = class org.apache.kafka.common.serialization.StringSerializer
	linger.ms = 0
	max.block.ms = 60000
	max.in.flight.requests.per.connection = 5
	max.request.size = 1048576
	metadata.max.age.ms = 300000
	metadata.max.idle.ms = 300000
	metric.reporters = []
	metrics.num.samples = 2
	metrics.recording.level = INFO
	metrics.sample.window.ms = 30000
	partitioner.adaptive.partitioning.enable = true
	partitioner.availability.timeout.ms = 0
	partitioner.class = null
	partitioner.ignore.keys = false
	receive.buffer.bytes = 32768
	reconnect.backoff.max.ms = 1000
	reconnect.backoff.ms = 50
	request.timeout.ms = 30000
	retries = 2147483647
	retry.backoff.ms = 100
	sasl.client.callback.handler.class = null
	sasl.jaas.config = null
	sasl.kerberos.kinit.cmd = /usr/bin/kinit
	sasl.kerberos.min.time.before.relogin = 60000
	sasl.kerberos.service.name = null
	sasl.kerberos.ticket.renew.jitter = 0.05
	sasl.kerberos.ticket.renew.window.factor = 0.8
	sasl.login.callback.handler.class = null
	sasl.login.class = null
	sasl.login.connect.timeout.ms = null
	sasl.login.read.timeout.ms = null
	sasl.login.refresh.buffer.seconds = 300
	sasl.login.refresh.min.period.seconds = 60
	sasl.login.refresh.window.factor = 0.8
	sasl.login.refresh.window.jitter = 0.05
	sasl.login.retry.backoff.max.ms = 10000
	sasl.login.retry.backoff.ms = 100
	sasl.mechanism = GSSAPI
	sasl.oauthbearer.clock.skew.seconds = 30
	sasl.oauthbearer.expected.audience = null
	sasl.oauthbearer.expected.issuer = null
	sasl.oauthbearer.jwks.endpoint.refresh.ms = 3600000
	sasl.oauthbearer.jwks.endpoint.retry.backoff.max.ms = 10000
	sasl.oauthbearer.jwks.endpoint.retry.backoff.ms = 100
	sasl.oauthbearer.jwks.endpoint.url = null
	sasl.oauthbearer.scope.claim.name = scope
	sasl.oauthbearer.sub.claim.name = sub
	sasl.oauthbearer.token.endpoint.url = null
	security.protocol = PLAINTEXT
	security.providers = null
	send.buffer.bytes = 131072
	socket.connection.setup.timeout.max.ms = 30000
	socket.connection.setup.timeout.ms = 10000
	ssl.cipher.suites = null
	ssl.enabled.protocols = [TLSv1.2, TLSv1.3]
	ssl.endpoint.identification.algorithm = https
	ssl.engine.factory.class = null
	ssl.key.password = null
	ssl.keymanager.algorithm = SunX509
	ssl.keystore.certificate.chain = null
	ssl.keystore.key = null
	ssl.keystore.location = null
	ssl.keystore.password = null
	ssl.keystore.type = JKS
	ssl.protocol = TLSv1.3
	ssl.provider = null
	ssl.secure.random.implementation = null
	ssl.trustmanager.algorithm = PKIX
	ssl.truststore.certificates = null
	ssl.truststore.location = null
	ssl.truststore.password = null
	ssl.truststore.type = JKS
	transaction.timeout.ms = 60000
	transactional.id = null
	value.serializer = class org.apache.kafka.common.serialization.ByteArraySerializer

2025-03-02T00:36:03.708+09:00  INFO 23876 --- [ctor-http-nio-4] o.a.k.clients.producer.KafkaProducer     : [Producer clientId=producer-1] Instantiated an idempotent producer.
2025-03-02T00:36:03.731+09:00  INFO 23876 --- [ctor-http-nio-4] o.a.kafka.common.utils.AppInfoParser     : Kafka version: 3.4.1
2025-03-02T00:36:03.732+09:00  INFO 23876 --- [ctor-http-nio-4] o.a.kafka.common.utils.AppInfoParser     : Kafka commitId: 8a516edc2755df89
2025-03-02T00:36:03.732+09:00  INFO 23876 --- [ctor-http-nio-4] o.a.kafka.common.utils.AppInfoParser     : Kafka startTimeMs: 1740843363730
2025-03-02T00:36:03.895+09:00  INFO 23876 --- [ad | producer-1] org.apache.kafka.clients.Metadata        : [Producer clientId=producer-1] Resetting the last seen epoch of partition audio-packet-topic-0 to 0 since the associated topicId changed from null to 2zhzzs-nT1aG4is_JN-rdg
2025-03-02T00:36:03.897+09:00  INFO 23876 --- [ad | producer-1] org.apache.kafka.clients.Metadata        : [Producer clientId=producer-1] Cluster ID: -5Jh0S5WT2Gr_rtQRcM5Qw
Published Kafka message with sessionId: 6a76d6fa-b779-4c1e-99f5-2ace23bef4dd and chunk size: 5120 bytes.
Published Kafka message with sessionId: 6a76d6fa-b779-4c1e-99f5-2ace23bef4dd and chunk size: 5120 bytes.
2025-03-02T00:36:04.017+09:00  INFO 23876 --- [ad | producer-1] o.a.k.c.p.internals.TransactionManager   : [Producer clientId=producer-1] ProducerId set to 1000 with epoch 0
Published Kafka message with sessionId: 6a76d6fa-b779-4c1e-99f5-2ace23bef4dd and chunk size: 5120 bytes.
Published Kafka message with sessionId: 6a76d6fa-b779-4c1e-99f5-2ace23bef4dd and chunk size: 5120 bytes.
Published Kafka message with sessionId: 6a76d6fa-b779-4c1e-99f5-2ace23bef4dd and chunk size: 5120 bytes.
Published Kafka message with sessionId: 6a76d6fa-b779-4c1e-99f5-2ace23bef4dd and chunk size: 5120 bytes.
Published Kafka message with sessionId: 6a76d6fa-b779-4c1e-99f5-2ace23bef4dd and chunk size: 5120 bytes.
Published Kafka message with sessionId: 6a76d6fa-b779-4c1e-99f5-2ace23bef4dd and chunk size: 5120 bytes.
Published Kafka message with sessionId: 6a76d6fa-b779-4c1e-99f5-2ace23bef4dd and chunk size: 5120 bytes.
Published Kafka message with sessionId: 6a76d6fa-b779-4c1e-99f5-2ace23bef4dd and chunk size: 5120 bytes.
Response: OK
]]></system-out>
  <system-err><![CDATA[]]></system-err>
</testsuite>
