<?xml version="1.0" encoding="UTF-8"?>
<testsuite name="com.flink.practice.test.TritonVadClientTest" tests="2" skipped="0" failures="0" errors="0" timestamp="2025-03-16T15:47:52" hostname="DESKTOP-FTHIR2G" time="10.225">
  <properties/>
  <testcase name="testProcessAudioChunk_With512ByteChunk()" classname="com.flink.practice.test.TritonVadClientTest" time="0.243"/>
  <testcase name="testReset()" classname="com.flink.practice.test.TritonVadClientTest" time="9.981"/>
  <system-out><![CDATA[Send request for VadClientTest
Sending request to: http://localhost:8000/v2/models/vad_model/infer
Request JSON: {
  "outputs": [
    {"name": "EVENT"},
    {"name": "TIMESTAMP"}
  ],
  "inputs": [{
    "shape": [1],
    "data": ["ihU3aG80ArEWdWaopXGe1p505n4equSVUUQkdUcvGLU+Xykkz9oPBrtV+Nr1b0v0rZ+fAxCxcSpix6So1HCqwOuRgdwXRuhvCtjIryYatZ04G1mn8twTa1GU6RiWD2nO2xXUoQLdcD4TsnWu1fExtR81a8+pf/L9Dz6hd2Wlo2yepcR/QiWuOcr/m5qzspHEwe1p/FGFss2zt2+4axO0jIbS3IL7LSX/h5sB6gcBOwiERI8OuAZ0Mfa0hPepmLjBLJn+W0bKD3GHBmH4K2jgBVCUcqvgq/8+uJptC3M4CqvpBeWSr5vtcGjhmXQLqWasFACfG4HeTU95/wT48HCph13pZDW47DsGsfRHealY1lNA79p2hMzR2OC7oZKbQRud7JxfNVRbXqFIyQJBm85yNUqaMj6JOjIGOIvnycWBcDE815kzbFMCYvnQx2yLY1AdKacXk2ImWtvuO9stEIdxVbmQ6EleWYcn9h5RYbb/Ayjd1ScTljkLThVwHIf1GyihEfhlg3kkNrlSsFpWbvlFWOW8bADfC1xy4u1mhj/GQVK5dqAVgolQg4VEGFGYQ6Kxx5Umxqw1zL4vgL3Xjl0E8WXF9RkxNUQ968VdaS/sj06LGXQaoDLYdvxm4C7W8c69kxCMerU2ikxFQjxnv+qJmUBtafURFDd+6lfxNN0BYa4CLZsCLFr93jZzFf3qPgNqdh5oVooDLDK+DmeZwAFirzPc9wUsU7GGx9ZnoOdeUEfDL8pYSZWVaeRtsupuMeMz7yAT4D23lJjjV9VJ/vXffD81MmnB6qRn6S43RSvD1dnAo9+eXchnrtyGJjMN81z8B4EShRqlZmAAI3pZD1KvD3YnT4p6D9Jz5GFMAAbnk0O9Xz1OrKeHKX8Dp8SFqLY0ow1a3fvGoFWVraKeb7M1nQZlkGSIqv/UX9LPOMzWsqIg68LxOBV4wWrd9IvgiNEcC8gM6O+ciz6+yod8eZn2bIYsCFT9FoFjQ4wHJYg1oKf5z+492NchCGDhu9vzDwJmtso1sQu63jblhKgRqcP6NIFQljNuIMocKtXqPfbCNCpSD4lUl2fzTHhah+IYaJYyWDZSYpB6g5Snzx64EftJg0FpGPfKfsHmB5FYe77A36G4I2FHUMshv4OVShsoZ5l1L1Hx9z+f8NoDVgXyGWMPFd4cudt1S00vEkfssfISVq0KPl6vh8NBSsHI6SG7utErikRol/jJDdrKsBcafK1Fz4apRnSoK3xT99JjUMo3nJCCqKC0ir6LwsQrSuukH6plmiTbFpoXHc9DkTTmf80JwQ4ewTYNLPE0Pw6qoZ5yV78BfP8HyVFUGqRLdm+nwNgcfS7tsRdTlEYdrJMacwYwHA=="],
    "datatype": "BYTES",
    "name": "AUDIO_CHUNK"
  }],
  "parameters": {
    "sequence_start": true,
    "sequence_end": false,
    "sequence_id": 1742140072993
  }
}
Received response: {"model_name":"vad_model","model_version":"1","outputs":[{"name":"EVENT","datatype":"BYTES","shape":[1],"data":["STARTOFSTREAM"]},{"name":"TIMESTAMP","datatype":"FP32","shape":[1],"data":[-1.0]}]}
Response JSON (512 bytes): {"model_name":"vad_model","model_version":"1","outputs":[{"name":"EVENT","datatype":"BYTES","shape":[1],"data":["STARTOFSTREAM"]},{"name":"TIMESTAMP","datatype":"FP32","shape":[1],"data":[-1.0]}]}
Sending request to: http://localhost:8000/v2/models/vad_model/infer
Request JSON: {
  "outputs": [
    {"name": "EVENT"},
    {"name": "TIMESTAMP"}
  ],
  "inputs": [{
    "shape": [1],
    "data": ["Tigx/ToS98QtV1n3IxUvEuGxo19INE28yCpbl/FlUIeJxrdAfplK+lFudki3f8TBsWlwHQSMaXbVNvt1LeRs9+87hmJZA/nnBstyAliW47SMuW8iidp5yWNv8oTYXVTGQl3QVZ+13KWVUIznfWtW7EercHZXSrSNHDD6mB8z47eKaH2WGAB3syq3MxeujgC9PILsfCAbJhDPk1wnh36BZpFpyiAA51/0VcSUpwkboqfH5xpwS5RFoO209zpoi3j3Z64kQIq99G2KE721wBV+58onr7Ryx98BDH444W2cEA/eSy4+WJBPAaFuowuZHP5SKX1QbOQiDGVoCm+gFQIx9w6yHmcFYNHzVraRYWxkrbJPbh+dJNQPUV2WHpM1gXzI01DxjJsryVfKWrOuqQclJKg52vxo+lri7v8q1nQJJKtKTBQvHcsBTgBkyvLPpMN3JVJy7hupCddB1wUSzrvp8VhBibD/mUCoYQpNYfZMSrm76ySJW7qSKCH/PAkSQQ7nIxqqkqjx/qs5323cRsK4POSXaJB7cY5ce90MQWRwIqCW8gN/93PokzeF0Dx+BgOaHPJBHILtvknhG9gKu0X3EuEM+ga7Jej18fjs+G45evtlXNFRq2vEyQr4pm9kKCbz99UiZDpZzmJeaWNdfccCBMPLK/TjWSezUCQQwX2B65QP+pAwq2jZa1qgwq0k6HFbwaTQxU85ooIwOC3de6JNLySJegK8QKu5JfuCM3BsrKDrp06rw1DVTc6wfIWl+8lcdSvwEgy7dQfk8jd3hN1gGlLu6T9LL870boHTgpaiAqcFZpabsshnpB81Op4V63YAC/ZUFab+DAv8M8CyvygmPxzvkmO0bKWUQUxMLewpjqGwvs4nxqXxm4WZAYXiwQvCxBIgCJGGVIoc2Ps+aCIm+d31NyhRu7rBvArz4Zi6PQxNJ3jpuGyItmJWwZL5rkmEtDPxHSNIgAF2OBDtzD5sr8kRC0kOVxbhLXsguKaq10NaR5SKylnUgS6M8pg+cAKQkNovEm2ZnE14GUv/iO/C5HeT2qkIZfN8ghhqjALN146+UcT6H65Gs6ObCMdNpeP3unpCoFV4rsKzGZRq/uU36LDDbCVnEBj08wvkNbbfM/xT3EVrWz55uSkGESpvZboei71lM/jmx08PreJqGY2Rv3igMy540EUR7S68yWRlpd214RnAfH53hYQiRbjftF9D4FT+Bj9ZGEYu8IZbQhbUO1rM7ZQOlM22QikViQcGoeNL2ZHu94Z8I71xWRA+tVst6Af0f8BvQOYe4IEoobVl+Pgbgkgazka1kPcaqubSaL+TEXucFs+YmU6gTMBUraaKLOYkrth7S3VCwkN7mekO7w=="],
    "datatype": "BYTES",
    "name": "AUDIO_CHUNK"
  }],
  "parameters": {
    "sequence_start": true,
    "sequence_end": false,
    "sequence_id": 1742140073155
  }
}
Received response: {"model_name":"vad_model","model_version":"1","outputs":[{"name":"EVENT","datatype":"BYTES","shape":[1],"data":["STARTOFSTREAM"]},{"name":"TIMESTAMP","datatype":"FP32","shape":[1],"data":[-1.0]}]}
Response JSON after reset: {"model_name":"vad_model","model_version":"1","outputs":[{"name":"EVENT","datatype":"BYTES","shape":[1],"data":["STARTOFSTREAM"]},{"name":"TIMESTAMP","datatype":"FP32","shape":[1],"data":[-1.0]}]}
]]></system-out>
  <system-err><![CDATA[]]></system-err>
</testsuite>
