<?xml version="1.0" encoding="UTF-8"?>
<testsuite name="com.flink.practice.test.TritonVadClientIntegrationTest" tests="1" skipped="0" failures="0" errors="0" timestamp="2025-03-17T15:17:39" hostname="DESKTOP-FTHIR2G" time="0.2">
  <properties/>
  <testcase name="testProcessAudioChunk_SplitInto1280ByteChunks()" classname="com.flink.practice.test.TritonVadClientIntegrationTest" time="0.2"/>
  <system-out><![CDATA[Sending request for chunk 1
Sending request to: http://localhost:8000/v2/models/vad_model/infer
Request JSON: {
  "outputs": [
    {"name": "EVENT"},
    {"name": "TIMESTAMP"}
  ],
  "inputs": [{
    "shape": [1],
    "data": ["NMgCLRg+4UUEE6huGt3WOgqvU0j6/Q1KT3MBpcqJbRy+1/gwnvw8l0ydGA3esWkpInxMCqFxmkPf/tqzD9tFU2kqgcIe+3ef6mNUnSZkDPLqwsEFHsKZYKqzN7aJAOjFJA4t/E7yzFJgoGulGNkHuQIv5ujyeEEnMy3AVzlmZJhfdUMUGj9MxVQu3KIxVy8ty1S5QxJT1udjJ8D7tRqKQo+Dt2cetRDeESwu28DcwwjuhYpmZrtL6wWnHM2nDRnarSm00y9BTCwDK1Q6asb74dW1UYlLFWi3S7K2CkyejWC30k4V01tWMz/wsD2kxWjdMW6QmhLXN6ZHmTxb9XlfUC4gM4fDSyY++MTkJDwntiFy06x4f3TZPXPOq5GJys2Gl7ZZ/XA4460LV8Tj0Wl5oVK5+ARKGeyMKk8FcgK1knD6GRyvfAx0wnQpG5tWJA/tS8fWc6IzK08snPaz6ycYEWaaNxg8KDkP15QbsJM8vkMcra95pc4AxR5Cebfp+QcVa1CReT3kWSn4V570pG2bCEhnqXjovBj4CPKqHS9YUaKeKc0qvONPoEO4k7R4HucUlpNSn/WSPp7VKWC+CIX9ABkFCj4sN5r8RTJI51OI3x6S1bP8yHEQ69ZsM0FR5m2J+N9UD7ROwlMwul41TC1BkQtLeepSoVBoQAwT9/tj3X3dEaU5r7wc/FuMov7Qnu+8kxAm0vf631upf49vjhY/lmyZcxMqyO8NwI0SDR2UgEMC1oM+DySrWY9NbKuhRdQO0Hg/RWnP6ap9PMgsyFCj9vOCwF5omBRf0YM1vGO2E/s0IpFEYnoReFMwnHI4W54tRuvrnMKEpTw0wNsWFUq8d0v0Tn5AvZlRKiuqlSiDXb+ck8etUnEPIt/ImN2O7CwYycZ0w+GqQwOLuRZiKTjKZN6FGoxAvMjX37Se67bSW5TohoAbWRc4uyRjuPUdMGhEtzX7JSjkzZCkpFN7CwkHTuTjJXhtCoMASGuGKb1dcM0VdcEenaJRRoIKHNYfUvi8fwsb5hkCmzFtIe9EFTfk1ax4kuyi1mU+MYP1mhdVdjN+dhC/CwWe8qzBd9oDTFMkc+y4xC8/57VOPmTPLhw9tSnFJRElhS5+ROVHd7ssTSskGDs+sgU2pdj2dBww45fMz6tt6P4RGn8Wg4KhRaC5wcATYU6LGIU+s3vVT/81dmJA71JnYtsz9CqAjnv9KpEQCQwdR45VyhMoyEV3El+Wn1Fx8KLOAw2jKtCwRBPlr8MHl4fLhYSZyWOs47LxJR/GXE2uCPXCdMniJZrZCaG8yIQY4kKsIXTb9AUTKbrdQsS9BLaqPVjqEMYzykk4Yl6MkDbRLjP4Vz1PiARdn8PF+Va7DzFDzWpCbHzqkEsjOrP9XcHtwIyWlUwVHYdmrYFLDIR6VVOIRNwNs4KFwexyweNWp97qVz9hp6W/dOcHQSlHvVHA8K7adgmsqBhvO6YAHumOj7/QppSBwTvjkiWLm3Z9EdVSWILYYN2NFPy2njnLkKmcP0fUMN2I4j/m3DvIiQ9MfeOP47M5bwyiZDg3hM9CzynejuDVJEyENft2AJ51fyJJwSeIT1/clf92ICiFUEGjbAZ5j5GhtNh1+e0TgLQ2kkxAW4LAviIl/lb+uO45AM+Rkx+uCAZ9k7ufe9Tcwqgp+WVBVfXrgxYL+4WQ/rsZBWRV//+g5rknGL13DJM="],
    "datatype": "BYTES",
    "name": "AUDIO_CHUNK"
  }],
  "parameters": {
    "sequence_start": true,
    "sequence_end": false,
    "sequence_id": 1742224659836
  }
}
Received response: {"model_name":"vad_model","model_version":"1","outputs":[{"name":"EVENT","datatype":"BYTES","shape":[1],"data":["STARTOFSTREAM"]},{"name":"TIMESTAMP","datatype":"FP32","shape":[1],"data":[-1.0]}]}
Response JSON for chunk 1:
{"model_name":"vad_model","model_version":"1","outputs":[{"name":"EVENT","datatype":"BYTES","shape":[1],"data":["STARTOFSTREAM"]},{"name":"TIMESTAMP","datatype":"FP32","shape":[1],"data":[-1.0]}]}
Sending request for chunk 2
Sending request to: http://localhost:8000/v2/models/vad_model/infer
Request JSON: {
  "outputs": [
    {"name": "EVENT"},
    {"name": "TIMESTAMP"}
  ],
  "inputs": [{
    "shape": [1],
    "data": ["oQ/202sPiYma1QbIstYcAMdSvn+R4sSAOLJ7PrqGCOtWOLxPQiuVPSViHHSZEU6QlK/iioCbIRDaRw+iDhjVsWlfzkMLDgr6DFlbtCVAnXwfmNDbz471JwzwVvDJND22aR0RcJ32JHhvz+eanYqZnKYMdDceDudA8TtNoAueZIBmYwE/BGw3BZZQVyecvnXyLOpf0oGCsMQS8XwSijsXnnWHzX78j4xZav5z3JMlULT5PhuNAmf4GtqxBQIP2idHMGHTGnpBtib5QRNyRKsunRevFHgcEz4qGjZd1fk5eG4zdhX3JA9s1PUL4htIVOkJ1ujtB0JVpcyHE8+zuG2EjaA2ee/T+WXeNqVIWIoEffNIKREHVt2qJzcW/SJTiIuZnEngpBgH3Wg0D8i8ypWAzcbQwj0ydwvtKCniVeObr5rQ6W4ytaOb7I30cr8cPrasaQch/iMVaEq5zhlFFginTuhRkR0g1sdOhSlkD2ZG896RccM9aKpwtC8pbh6tGNkZFzmS0wNB0VOBvFSo5RDYSmL07Kq31Z/JMpPul/3z/0qSX9TPvvUsIIuWs2+obxKDQoqBN7lb0T9NyBA5ctmpXhArARbkFslk0avg0xRLJHZdJzLoinE9L3GdnroIsDOBUVO+A7pKYugmvG2YXpjoCCGukFI616IUcklyNNDkFgeUnrydu/0kWoCjhrQUoFC3wvP9GE7CqZOJPUPucZmk9B+uMWQWdUS9eDrj6pWUE4y31KPfP5jJWdCNBU+kIoj3utoOay6xcUjNxuSMlHhKXTtZ7an5eDuByemdlLfWqmU0IYfqGSBcR+H7wKyZVTJBzekuTF6Zw3rYJOyzCyxT7t0etrwiIKZnOovc3H/Cjpuwk3ChwW1b1MRObv+XJ5mrCh56RUhS990DRbd897lm+WxdjIFrpAYqOlz++GIbiiuVMtMRvLwW+4jIC34EwRUuS6sSCBrwXC1KX2wBDLWV2VpmWRRnvTYcvsQEf35d68nds6aYfaKS9+hP925GXB7qu/WbxGHM3Fy4yKkQj9zSD3QExTG5FgrJbGTm8VXhRosdnHuPew4PFDOk5QI4ab0EqRUmC+frt/AS+sQUk3tXp2nw0fa2t7HxC1jImc1yyBDV7y4xkw/k1HsNAxTuF1T2jNH3dso9PoTDluahdWNa75nfIcs/mBH+K0P8Pmj3nXX34vzIoFo+CgLV+HOrpq9YVzoB/t5vF5QJgKeSlZ26nR8ZomDY3jS2EeobGsD/keS2MlbqWc6z9OERcUQgD5rX/lVpFURU3vZeQFXzVjA0IyG9TRcOhCTq5WcBgkZg9sOQFUy+a3Dz6PuVPGTm7mvOSYTduUsUjo8oW/LAWZOm4Fgq6ycHV9fSH03tXTstxEKf7eKq1587ICIHtZc+x/742IlJNYes222kTKHG9a4hJdstbotqnwHGLzIqP++1l5ccKWQrjngEzIdwlxkI8PM2eG2rijFuTfoQRq+K+4IXYTDpOCBy2HXcbIon5jpbLOA1/Rt9S6SrNGjYoVoB2tXYpZMORr6B9esY8iUwqNB145WaEXlOQc9wP8ObSzhddZER5w9UsBQqAvWl+BVBfGYGYMSd+MKmY42Dzemq6mPMNIuzi528PoKnkfv/ikn8pTQgH2eVpGIzpIPj/ob1CLcfMwdsgQet7XIf4DRn2NdByqXpFs/lyW1Dct/lCEmJrIc="],
    "datatype": "BYTES",
    "name": "AUDIO_CHUNK"
  }],
  "parameters": {
    "sequence_start": false,
    "sequence_end": false,
    "sequence_id": 1742224659836
  }
}
Received response: {"model_name":"vad_model","model_version":"1","outputs":[{"name":"EVENT","datatype":"BYTES","shape":[1],"data":["NOEVENT"]},{"name":"TIMESTAMP","datatype":"FP32","shape":[1],"data":[-1.0]}]}
Response JSON for chunk 2:
{"model_name":"vad_model","model_version":"1","outputs":[{"name":"EVENT","datatype":"BYTES","shape":[1],"data":["NOEVENT"]},{"name":"TIMESTAMP","datatype":"FP32","shape":[1],"data":[-1.0]}]}
Sending request for chunk 3
Sending request to: http://localhost:8000/v2/models/vad_model/infer
Request JSON: {
  "outputs": [
    {"name": "EVENT"},
    {"name": "TIMESTAMP"}
  ],
  "inputs": [{
    "shape": [1],
    "data": ["qGq2u+zO0bn0qB6HWUWqPoGBUPHpYhXf6uHzIWzyMUGQLSfLe2jk3wt0gjkLQRFfjfdkGgkg4ehmOj3/+SCERxTDOQ319NUPghhuwoPzJaRitDSYEWoavMbfjqIcDxMXYC4wa1HZ9Zgbp4BNKGhm9OEs8UzC+kHyz3judhhzqMUof+tyu2Y6ybx6kkO2k4FRrKawkVGHhcSp9OK0wa1ThB5ep34PrVbe79gemryqg4SqDAYZ5jpQ1V+zB/ECCXXgfanqHmIdyJNjIhFdHsjG2YfTDqgfAYAcYj6sPVlGgqqBIT9SevwF52mT12WT4+FiMe6oGIqgCbgHkYLeVn1e4uwkgjZRpTzmd5Td7CgYEAJc0sL7LqUVEgTxnasgSl9qg33gx5abPsGpms9kuzrKt/+M914DG+Ak91ZE5+9LWYuPPM/xK26V3zuYStmAwIxI1eborHUY5aPfZlR4k/NNhV2nk66oadxxEP3Y3ID1A1bemAlc5RgkeaH4QTHsoZSBvjMsMtcaz88uR1/sFYMYdNuQySMoJ4RUhDDrCW8WmTyIlKwlNqG190AjWhBwRpaX1UVWvAbYogK1J8j4qC2JphPWXsh40RivEh2QbhN3Z3mWHGHBvBSY38QkN2ay74uLvIo7ZAQo6BcZ4BhxVx2eLi7cnSx7tXgBJWTnCsHuWw1lB4vjdIt7COkH3CHo2MVCcDLrAObroaWwcKRomPVeWfOvwX0Y3xoYvIDpW0T3NxdySFcrmH0XAyIMBPMTBpWPz1PpYXFl9Rzyd01+P9prJxFnclOczn7jmqe4a5+n+D9mmin9tvKyy4vcQV6Brn0XaquhUPO7gEscbIrsvYUqPal/QfxS7whEr2/fUAZyZR9iy2M+EkacChLTOJeDXoLEjuADb2Mq/ZgmZbBGnUqYeiDqubVhC7RBxc7G6RpB3ySNFymFPXzAzuGTxh1qLA4BjXwmhr2S4M7ogvNDQRzRHiOpBzTmOEtbbzY3gWXQ5fPbPfRk9mVRFA6N4UDInPUxUgAGtZdyJfKIOx7n2fogVfszt21S/Ea/L90uJhZcouwfO9c0QQwFR4Ymi4DlETPXJcQ5+wh1bwsnHv/PpF42HBMH1TsFnCt+53/5OP4DXI5U10dUxiEwfjeuui+A4qxtu40IULsdrjTN1TY1a34JE8cOCuQs4aU8gieEqct9S6cocbQRbHUQZn5M2JvIc7ixggjjOU9JZu6ReKZaO42FJXDYcZvYwd735L6h04TyEJrLswDZN6JLltCMfZma8m6uK4wyP/F+Ll8Nb4DOY0s2vK21E/RgsNXpD4WbzUUjWAD2IrrRXngxp6xG+2n8h4UoeN3ejT1P6XYBgCwVrYZtufM9YJb5i0Qblqc6aDsxPFM/qZAbsNv4VsDy2grZJHRXSNUthVI8JPpGzAkH4WXBkljaGLKUbt9FR5G2ZeOk/ReblKcVKRMx41u4c8T/QIuM4Bns+zTn+LH3xt8ad5utcp1H1/D30+0hFbndcn+Q2gk1reew0MVAwhO/+R5XKWrAfFZm7WZ+IZfbdcFYm9vG2no6Rw4f1oFeQ/2k49npkWNuUtuA1SBHwreQaLpkuVQDFp3e2Mip4PwVhoQzZzGRbi2STGHVejVZ2NZL1jx3kGs1ygnI6OJKV3eXjx3+m3BXdt4Za65vKO8PAfgOXA/nsEXFBNSPTpUyP/GxNrDrNsA="],
    "datatype": "BYTES",
    "name": "AUDIO_CHUNK"
  }],
  "parameters": {
    "sequence_start": false,
    "sequence_end": false,
    "sequence_id": 1742224659836
  }
}
Received response: {"model_name":"vad_model","model_version":"1","outputs":[{"name":"EVENT","datatype":"BYTES","shape":[1],"data":["NOEVENT"]},{"name":"TIMESTAMP","datatype":"FP32","shape":[1],"data":[-1.0]}]}
Response JSON for chunk 3:
{"model_name":"vad_model","model_version":"1","outputs":[{"name":"EVENT","datatype":"BYTES","shape":[1],"data":["NOEVENT"]},{"name":"TIMESTAMP","datatype":"FP32","shape":[1],"data":[-1.0]}]}
Sending request for chunk 4
Sending request to: http://localhost:8000/v2/models/vad_model/infer
Request JSON: {
  "outputs": [
    {"name": "EVENT"},
    {"name": "TIMESTAMP"}
  ],
  "inputs": [{
    "shape": [1],
    "data": ["iS5//ttIlmdTBJq3T283hHukncZCz1IQo638liI3OL2sdBLxich6VD3ylLp1DlY1TKVymXsXrvvBqemdDmisS6h6ft8cDALrjGnDG4HU/Kn0UC6hJDTQoBl+c7fCCSfcSs4MJKs+veyjlkYq/E9hA/Kwc0Eg552FDQcEEqBnyu3jvdD2fxvLvgbEBBC/POuiipNs6cPR1YlofXtznPtPuMlkhUSYQJ7r4Xo5T31axRNC4CtlVG/Zy9Qe0iHBLEDM1MdwmShRS3eBM7moN5NCnGX8VSSS36quYmYWIqxd82HiAd4VFeiIwdiVytfFcVHfgz/B8iyB6QQG1cnmD0s2yVOAAMJ7Wssr/Um3ilTodwPvdwDESFzXUxlK3uQwuqsMjU9SvyhKJl2qWHYB42YRSj9/CZ/9XLG41evVbGd3RWV5d7/FHwjeyLwbEsbFQcne0N5pa9hd5Dndn8eTo6RuiwRoMBMWx9IPt76rBCFoi+xAhLtdWwLpNLITSu7mV8FMn3VFdPedL/BATz4jdWplsvKFSwV5YdAoPlWHXcSJYQ7AZVVVY1oHuqBdg1sP0RFojfckiRyAy1RN+/o06VNXDV8LAdsqI8mqSC2bQ5PCJz99zvF2oJs3gQ/enI2Qf4I/evPt2dTqtiRHdVpkePoos3HWY6JVRPnQmF96sQxkAbGRIXolG7LHctawXzaKD+in27UX+ABIMKhhRAApQxUlGyrcehVvmp+szf9RIWoKAYtzAiTTWmyOjMQbdxkt4kw7TolYU3HIh1krl+tiCUxeyrVlxliQ+dpigzh0UlojQyEKmxn3eBaQpJHBsRUxxAN3XtHgmcEUbZRBOUGeaVn1Re+LLr0Pl0RPx2986fx3mtjzwzi+g+qmdgchfKeSm6G8k+sQpnTnoBM3WS+CWlh2CzmdqklfqbvFwf9xDB1W0zkOewehG1Ir0W2sRtuQaBCAvgLDn1BMSiO/KvYG6VjJ/H5ZofsqwWG0nU8ZgbQ0L1hPVHBGSDWXUDUFuGXmNR/hg0C6L/qA4oIdsfLqMpg3K4Awvgysl25Lu1hZcpvv0//D0BlSnNL6WeYnZsNK1F+wKAnNJtOy+YvNPcfFofcHUGfu/9NSToV4F+R9do/2virhx3eEitwQYUuUl/olfQypnS0wghEWQiByb6fvaY9yOIyCWSSTW9TP+wtto2oLnmAUT06sBtgSNt29fwuUuFTTyz8l6SESlmoCvaPpRXhkgYPMnScOocQL483g459r/OaGy4GDXfhdSm9QyL6fIhI/InV2cDx/Uakx2dLGbigC3Web21blZpO1sLibmfeAvN4uGgCGV/TD/hkVQ1u568LlXcPe20gxlQUbeqVN3f9Hw2pLBzxZOCajEgOiMIt1G5Ed+orni5BKDGeDlqp4MAGvmSP9pvFLJyg1Ucu4w9/Vf5ytE2qn3faRMJb+NgFHvZQFJXT2AttflcJK2XWWhMOTlif+rAgc2oJ2PxaIRukbhPslrIoi72BRmdjF9ws1vQkLwi/UD1RoCx5gn24oTcRVTU3/URxy9pnCEfsffb8DVrwr3mmRvSExcEUebx2nt73OHkKDboBHsOVbNQMdxrpwsryTCVe6VW2XUe3BrugSU9mXaJrLi74I0xtZrG7ld3242rnSnKBabiQ07WX6ztnty1sCFZtN4yH79R31xyogXtxtWyeSVQRrjLLTpjJBpXQ="],
    "datatype": "BYTES",
    "name": "AUDIO_CHUNK"
  }],
  "parameters": {
    "sequence_start": false,
    "sequence_end": true,
    "sequence_id": 1742224659836
  }
}
Received response: {"model_name":"vad_model","model_version":"1","outputs":[{"name":"EVENT","datatype":"BYTES","shape":[1],"data":["ENDOFSTREAM"]},{"name":"TIMESTAMP","datatype":"FP32","shape":[1],"data":[-1.0]}]}
Response JSON for chunk 4:
{"model_name":"vad_model","model_version":"1","outputs":[{"name":"EVENT","datatype":"BYTES","shape":[1],"data":["ENDOFSTREAM"]},{"name":"TIMESTAMP","datatype":"FP32","shape":[1],"data":[-1.0]}]}
]]></system-out>
  <system-err><![CDATA[]]></system-err>
</testsuite>
