<?xml version="1.0" encoding="UTF-8"?>
<testsuite name="com.flink.practice.app.vad.VadInferenceTest" tests="1" skipped="0" failures="0" errors="0" timestamp="2025-03-01T15:56:46" hostname="DESKTOP-FTHIR2G" time="0.487">
  <properties/>
  <testcase name="testVadInference()" classname="com.flink.practice.app.vad.VadInferenceTest" time="0.487"/>
  <system-out><![CDATA[Actual VAD result: {}
]]></system-out>
  <system-err><![CDATA[]]></system-err>
</testsuite>
