<?xml version="1.0" encoding="UTF-8"?>
<testsuite name="com.flink.practice.test.TritonVadClientIntegrationTest" tests="1" skipped="0" failures="0" errors="0" timestamp="2025-03-16T15:48:04" hostname="DESKTOP-FTHIR2G" time="0.037">
  <properties/>
  <testcase name="testProcessAudioChunk_SplitInto1280ByteChunks()" classname="com.flink.practice.test.TritonVadClientIntegrationTest" time="0.037"/>
  <system-out><![CDATA[Sending request for chunk 1
Sending request to: http://localhost:8000/v2/models/vad_model/infer
Request JSON: {
  "outputs": [
    {"name": "EVENT"},
    {"name": "TIMESTAMP"}
  ],
  "inputs": [{
    "shape": [1],
    "data": ["oO28TGnooOwXpnrVPZb7SG1n1ZsRHos15DUZww6NuOOVV9zCHRAd0478RRho2dfVYkZ2NWhibHZhMrkbctIL6NrBKiAq5R3FBO6ZHEKRs5SMEYJQbDc9jtuHMglvGiWcjOJjprecxymsT/3y4wx4VLsv5ikP+iG9hHgU//XpS8VL6uvNHy69ddteWm22SiLEgSbnj7U4q7/2jF3OipaWhr3QCnBw5RrzjCFOcvsOQjK3LnRXtu3WwKx8kLjJRLSfCrGUm+zFQNbdVtN5RUrV6/bYqFvhiQ5EhqZN/N42iEJhNpFuiryWW5D3Kg38z7kLH8IuOfTO6xtJGXMxDGtw6nIYtE91orRFi0YkvttcL7nUV3G7JXrOkR0sBcknilFh86e4qowPmNZYcSasc+0jafys1f2cvoyZDadhixomwscca/Li4fzRSabAnVenZESzQ15ol/aPyEuLe3/9Y0jvBirKpIc6N9boxliuNi6CC7GXhrPDxLyz6OkMPSySUBSM38vz9ZOh1g0uik44FSlJqqzDrl8K2UxU4Aj/es4ioI4A4n98mkfUzPqxKiU69tsHeUr7vcD4XlQN0CG5T6Zha9bF/sQyQNCFZqr0l9ImlyK5C97JVDrO129u/+/lk1XQrmRjwPFfRlZVywAZ486OiWvoqawnIfs16yOMEXCU741Z3GaSobtbO816UsPLX0TIU/aLLQvARqTIfMvtZa/446yHhAHC+mq5eU16u7d+bYp31OtPy7MBFzP6n5tQCV0JARu7wAd62Agmt+eqLStPOKIP0kij7U9ivEq3z0zygn+10KSA1T1YG0ZLkGSDNefL5JYGwMRNy7bYEpVyjUQFe6iluBXHtA9IcI0O0mUFXqwPQNl10g3vhF1F/iTWEutMwKXGKSxKPRDeUZpKU7B60jxcxtJl+5VpCAxHSAOntkBmSAHfh8hPOe2tfH8gYBNWRFxpmouCFQX6P0WOgdDl1AfdJYMOjJdsoHjhO3QJtMlIhW/3RIi/hTdy6QrRgr2MlAeW8S2F+6ceWyhQS3L1diq1fFoFFdU9JoTAPwnEetsCTXSLAAtcDjBxFyN0iD6jETc0MjbPM9QU0N+fUutC0suvFb3cfY0RxHmRjRMI6oHpp9dWtEVIfrHh/ZhrL21LbFxa4Ma5FINsl7HXIHIKXuHqLSBQCg85kL65RCSF/0blZb/r+lgP1OCgbujmUkbT6y2kgE2cLiarvlKD5M14DTySO8ZmxvGveAEo+4TYhqI//tos5iJ0Cd70UmckVkJ3+jY5SCwgBSmyKb54b7lyzNhsEcvG9zxiaCfuh/KjYmisJT/qJOrO4LKPGOTuau8g9UIgYo4Bl8NtWBcGb5VLKWOoGuJXkMzxvT87JJ2nImCaRvfDUt4h3Xbejs5Rz93GNY6c94W5LOO9/E3Y60WuXgyPznsc3vod7gxr6WJ7+wy6RzuqoGlwmsDwNsycXiBcWel93GjNPfqnbN11/1ZEAI8TLFlP9B0See2qFkfD0d/OTKwnpo/kolSENkeZEdX01jrF/2y/75e+PNXj2MSs/X5fyWq8iQ9vDDFq9jj7I4G0XTvAhtUoeAgB+XEQSpbZwgoDm4HcAE3Ojpah8wJVldLPC+dgSPlG9iWuTwA2c520H6mtQ29UUPdwT4F5BZ/w3QSmSXBjHGzK4Jt9kh4E27ILseZCyj7azWqw8YtrnAc="],
    "datatype": "BYTES",
    "name": "AUDIO_CHUNK"
  }],
  "parameters": {
    "sequence_start": true,
    "sequence_end": false,
    "sequence_id": 1742140084799
  }
}
Received response: {"model_name":"vad_model","model_version":"1","outputs":[{"name":"EVENT","datatype":"BYTES","shape":[1],"data":["STARTOFSTREAM"]},{"name":"TIMESTAMP","datatype":"FP32","shape":[1],"data":[-1.0]}]}
Response JSON for chunk 1:
{"model_name":"vad_model","model_version":"1","outputs":[{"name":"EVENT","datatype":"BYTES","shape":[1],"data":["STARTOFSTREAM"]},{"name":"TIMESTAMP","datatype":"FP32","shape":[1],"data":[-1.0]}]}
Sending request for chunk 2
Sending request to: http://localhost:8000/v2/models/vad_model/infer
Request JSON: {
  "outputs": [
    {"name": "EVENT"},
    {"name": "TIMESTAMP"}
  ],
  "inputs": [{
    "shape": [1],
    "data": ["Bw0m42GuGjDqwNKvAFMRgOGcS1szwdzn+Gd3i38YoS+DITJakb/ZTWBQKI1bMqEYqNa+sr3t3ckD1alvv6hvjAxBTauU3mP2W0Q2dQXSMhgx1vWD//kT6OBXhvZIAOjOX9wwi692EUisPd8HN/Q2SOvGeEoIu7A6YRjFiCwpiUy8kv80XVl+dUoZe2N8TkFHCue+0V4bPdLAmGiIEILgWGn+YkDO0PQ7ztAM0TQgrDkGnAwieNWSHhgeodSuPEATL5Hmy2OCONT46iNgEhmoaRiXT25E/mKk6aiEolQsVwzbgCHAMyHbOyh8S8afj/KZwAmrPqJfE3iYfZ0aZOSDQL7DgTCK8ISQ5bYosLUHrDtB6qUX5qL8I+w8kWnSJv3kLh3K5mQW2zlaDKuUBAkJjSNILSpaS1OXkoxiuKmiKW8DOpX29r3tydTc7wSQRdfjsbDcLLmARVqbTw/PhgLBDhrdb84mCljPRbi7ZTAQEQx5oz5btqkXi/lujfobS5CM1htcnA7Ye0/ELqv5ESP5r88W97tz1kkXBTJoLa6J+yCaqs8DfVGDQgsxfSUytng0SQwKOwr7Dzv8JoA4l9KWXlA5fxN1TxI2+AAZ4ubluVFENbDZCPqmkH2br2fFj3C+5d+IIa6M0S4MsjFiVWk49V6nazHtflDgDKVVxDof57TKms+0Eqg9/O85qQv6mMKn+qBOzK2o/3CTuQm+i8Ejd3XXmeo/92N16hAVBybFJMe/XaZgMoQA0dzX+f9h2JTC3hDF1wgpd4BrYgbSfNx4YBn7e9LXViTtGEC1x/p0AQkCfCA99LdlWoXN93JzYlRdt2yd+e64PNRbvGUoqDYQXWTEwIa+LNxObbUCKNe1TgMLgSCPPIDvsx15uUNReVtch9hedtMwXfT+Ib6rSaeZes31kVF4ei1zum3/p+3TbB11xhMJ13BZCzYw6XW6X6YteJxCY8/31c3zVDixDOc52TuoAyEgT3FStxLDr/SWEFnMjmQiYyVR/Gw1HgFNe/ygaqDJOzlmSv1HojLuERpKEEpz6j7HNyvBLHpk4Ojvf/KY5rYGYdui/lB+HyYCosBQu9FanoVl+i0fm7KhJfk9Zt3jNvIKgYwBYL2euQn6d3qqdwmymLEZkJdVG+3jruQDV1/q/VrJ+cCqLdXuP3ZSquXsaEDyhQK9x3QSMRLrHwOmukvXrYgGaIQlsZsPuoH/APhlRvcdT2VHKiNUOfi/33A+7gwRiKbI5+PdU7nO2crRMv+BAMGvLJP26Cjxj5ex3naqiMjno4HygJLw0IkABPWuimvazFwEjCENFGcpq6kdoEm7ylEXoGhuHty8Q7MlSqpb30SQz6z1wkrK3peLb98iguRA/MPjLYhVJTnenL9zU7p9dPXLUvdauwor+fXa1yBXqgp8AZHMtD0B1hp2oVieX9OT/ATznfrtvzf0Ei9AES3DOmcdpvQVoAt3QWqAoyjnsDwG5o5Z/IoAgUfvjVdtJc6Xx15d9shfSdQW+lxDLumzAe5KRH1Mhv6ZpwfU3GyTlRtdFSBJN7ip+CLXvO2Nrujm9DAJw0EiEqbtAW2W0pvfdbBecgf3xIXCR3EBlt2wl+R7qiPGBUW04ZXt+8zIUaGI9YrqbTv1Z2enMMH6jljGZ46fdYaN4mkYjqXizM3i4Oq9S/pf1Uw37tqVDhkkq67RPCVb6CF9WCxULc0="],
    "datatype": "BYTES",
    "name": "AUDIO_CHUNK"
  }],
  "parameters": {
    "sequence_start": false,
    "sequence_end": false,
    "sequence_id": 1742140084799
  }
}
Received response: {"model_name":"vad_model","model_version":"1","outputs":[{"name":"EVENT","datatype":"BYTES","shape":[1],"data":["NOEVENT"]},{"name":"TIMESTAMP","datatype":"FP32","shape":[1],"data":[-1.0]}]}
Response JSON for chunk 2:
{"model_name":"vad_model","model_version":"1","outputs":[{"name":"EVENT","datatype":"BYTES","shape":[1],"data":["NOEVENT"]},{"name":"TIMESTAMP","datatype":"FP32","shape":[1],"data":[-1.0]}]}
Sending request for chunk 3
Sending request to: http://localhost:8000/v2/models/vad_model/infer
Request JSON: {
  "outputs": [
    {"name": "EVENT"},
    {"name": "TIMESTAMP"}
  ],
  "inputs": [{
    "shape": [1],
    "data": ["Z7Cj02Z7Fivhw5S8sni6BbRz23X1xnUpNHj+eZNkI2dznBDNe9Jkcp9U3Vnk6uvN1P3ttZyW01OVWmss1/iiSkg3EmTavLxtZtTztgeWWnpEUOMCBArh2p3gMygUFi8JRMwZzOt7qqmoz60Xck8X2hJ7GnBbDjfyvjcivn7rgOhHiea/SVsWkv3iKwvSI9lUEpXdPkiKRLfS+ymc2YBTjjfLBYRBQ6BNnBt2JaVtRWdbUEpLY5jAa5Mfmj7/tIZffnpgd1gb65Dm5xN/vzu0LseeCIG4kTnlI2VzoV6MM8iHd2dgwvwBatyXgcjJB6u5d2aBnUnoisqGZuW7d8+L+0QXsSXrNEEfpG2l2b28h39NRofJidFDxyQuNM5g+Z77q68Z6fIXbYAIPqbHbA0Wd3FqoyDhwEgUSF+IkEN2XuI0NLmMKaPgc/agxbX4GgnBzXB4EC6yOZSj7mvf3TF7dl3iP4GX7/0cAbIfyFprk8CRXe2WQURnSclq9ZgAdvYPJv6LXXZ0SrTeYHLZ3S+Xya+fEspeo2AastTj+xEZgLGWnoontRnhDOhRTteh2yhBYCXzwL5DZLE7CC0Aivz7BDSKtWZ2GiTOnU5T8hkKXiqdgMPoDWw9wqO0wM5528iajiPAEJG32JsfRloijbWinqYbIQ7sj1gpDuWBtABpomS1ZUUhELoWwrTdrtiZvQ6ef31T5nB6GCYFGbmq07445r/wiDWxxbV9R5G6HKy9dflunsGwoUi2afTsgNW9G9f+RCad1Wd7IqXkY8O5ijMr1X9MDZ38MzbTq1LvJhvys4DiVYAs2WvFSEAgoJbL9bRoAKCG/vIsO3jeWf2rX0bEA7r5AtHi2WXdLimEyln65SwFgOn5Z0XDCaWIb+aOXSyD8AKJ6Q9NMqYr2kSE9mwbn+U2l0Yz6xa7/cNA/cO7p10uNvhkJPRYX9N3umO0FZYduxa+0KTydJBEyFF7qnKCQiGYZTuY11mdabAed3sPKibmLSGG+nBFYsExX8oFwP1t++lTqRTcfPBUrIqohs6+bYkLclvqZt3wGhWAliv8OVnwNZUg95QVn5yu9gnmdlncC5RupBw7HRzbJ6/MhNj/qrlrITrV5n60cUVdGP6Cq3aZ5TQtrQR0sfZ4IPUO7gLIFA10TPN5+DWkCuTABbpfo59Mfx+upRFKPrllQNubd9pB6kJqzfzPiSz0K62Hdp8HU0i6oqK1UWLqE6O8kTUWiobun3WRNoCAozQrHuQ8imsqnyZSBDypKhmXVs7ogeXmrfzXo6Hpr/rHqzJn0KGZtGGDeRi/OqGRSCx0NjCJZjqB26BGFYY62vnmAO3RgCsJdcesvLQIqK3dINilyLP7i1UyaO83rKzHwbEEZ8SCrJ2rIvFvOHzD/KA+UhyoOKWmfJXVCQV/3lhINjEDWfQcgYmF9PiT5W3nPHTLF9jbbFfSotHassaVUNytBfeS7On7W37urILZJ5PDDUjm9vwabTEupGkl41kCcKGq+kjDVLmvrSRDtcuIWCd9yEO19Q67/X37OHiO42AZukYlptfiANlK2bNSedgfwrJKy1jIVAKZl+7dem/S4JIh7aOspo+6cLjVv3Aje37PBW6oOx5SLfCbTHMufJIkuXLHzq0xu9XPKANynZm6ru6se2VLlqS77TPLn0osm1kQOl0y0bQO8JVSw+hZFLZipMbVp4hjC5U="],
    "datatype": "BYTES",
    "name": "AUDIO_CHUNK"
  }],
  "parameters": {
    "sequence_start": false,
    "sequence_end": false,
    "sequence_id": 1742140084799
  }
}
Received response: {"model_name":"vad_model","model_version":"1","outputs":[{"name":"EVENT","datatype":"BYTES","shape":[1],"data":["NOEVENT"]},{"name":"TIMESTAMP","datatype":"FP32","shape":[1],"data":[-1.0]}]}
Response JSON for chunk 3:
{"model_name":"vad_model","model_version":"1","outputs":[{"name":"EVENT","datatype":"BYTES","shape":[1],"data":["NOEVENT"]},{"name":"TIMESTAMP","datatype":"FP32","shape":[1],"data":[-1.0]}]}
Sending request for chunk 4
Sending request to: http://localhost:8000/v2/models/vad_model/infer
Request JSON: {
  "outputs": [
    {"name": "EVENT"},
    {"name": "TIMESTAMP"}
  ],
  "inputs": [{
    "shape": [1],
    "data": ["Ag3mZbl7cko8Bhs9lK3RxiU1+/iY34IC2PEOK4o7drulZYE8Gb0dbIoIe2NFMWkSJ+0ByUTVxxxYdixR+ZSTfc+pof8+POqYZUVxt4iT++gFmeVVuaddsFL91CwUNnjcex/KIK2wt73hVP0h1Vxyqm9NuPFI/L1829ltACsTOtAto9QeIoAuejSzA6j2kFTF1xnXLbRVS7Zs4WjLJX2Y+Gh0VLUK0YuXN6HQZY1FM1n2HF1Qt867Ul/URKX7nwsQNxLWYwpt7UTplOY2jIii2EWpNGh+pDChdlYCVDtR1SilJ47ldnNHO+w5+lG6lvhRhXl4TymRxAhVdw/Chi7tVEWISfLa221GBgI+ezViTfM49RZwTfaalwPL67USDOLaqjywKXXI2zOiRV/R62h0syWF6epx17mDbRIHdCizCoPwni1auagi00z01qMf2+rG2Pex1ZSkON7jc5zBp/Cf2TKHD23NKyuHOdVvM+sR9Kwf9q+gpdSNgJlDjBV/85l7EYiuIQsDsuK9VyS4uFVeLo6HwFgKUAWrKFx2ojf7aqU0O7FpgnSq7dLztYnH9Kmc/KY5ZxqrqeIKB5dLaVbxQ8KdvKh0vXD8mBqg0qupjP0E5/OkozAqXCF1KIRAsTq56XwjUtlE9nTPtkjHzVELlIUmNBJkvIeoMMdKjwC08l9b8mZf251ReV49kPXn86NlI1VnSZRlkmdgprSUf/GWmczwmeJYWlwy0E0j44oWQu/DR+LOWvmBe71sroSkJcrcdeD5h2StSGDS4i/bmGb3OhOdF7RSRTOYt90Z1O/DYMqUS04yxN1Y6rcSYH7KrbLs/7H1oA4y1A+iboiv8dUAyeqa4f1ziCJi9F88YisZb6k9pl46k60IbjYfomLPKW8IO+Ik3iGzB9KkmVfPms+VccNw7AjYZdLJD+JeV8PQ4xbSvFC6r67PuQRM5ndN2IskSwRzd0pTxbUuldQ+m+3/Y/o5lWW0yYnP+MCj0klRpmjWg/I8SxNTXXaKm6s40z4mhtmqD/vSI/aFkCag6vX+nyaH64muEjetMKALpBFz/BhKmNbSA2xe3lXBBgNi9eJnQm9HnT2ITVyH6dN4rRtrcp8Ms9R9KwnyNnl3fTIZ1l32ykb5ND9fSQ3nrnoshxJC45JQB9KPsHybPTYZsjtkilDLJ03DMazpNU81AL85siH3iX74m8EngBnE8fiPDjvfJMh2TI/zPnPWZhGLLDChw7+fT0UnJphG61KKlEcxRquJ1DoZMexSBa7pFMJL3gRzpS0rOPjBAI9vsc3rr5fHxFpjcJq1YVdQ3YLzY4t9eQsXpf3PRmtPJKeokA1uQKZut/uDFB1TWSZm1aNMbqsFRwUMWu96zH3KuRNIa387bauB/b6d3CLe67EUqSUIWHOCZImeurQ2XLBwgIOTswC1xeF12JRcEXkYDC3HX4QEaEGtAW48R0T0/7hf6xcsFvFSwQMcFHiHpdUlfOOin1HWzF7DEEA3S626JcakleQG3NpRzNh3AjGwUZEZFPcr3qI/eEOO8cKfnMltvDwRJKn7moR/CnM+57iLSa8fiI51ljb/6ZE71KarDekffRkNtfeSkGxu2WVrFzUo4u8KQI73IX7ubAuRuH1GGRPNbhKrvCNypnY6JPGsw25KuHpQGGXogETHm8/SP9od/v4+fAqlEGg4zaQaeez3QPzTGeCbzCM="],
    "datatype": "BYTES",
    "name": "AUDIO_CHUNK"
  }],
  "parameters": {
    "sequence_start": false,
    "sequence_end": true,
    "sequence_id": 1742140084799
  }
}
Received response: {"model_name":"vad_model","model_version":"1","outputs":[{"name":"EVENT","datatype":"BYTES","shape":[1],"data":["ENDOFSTREAM"]},{"name":"TIMESTAMP","datatype":"FP32","shape":[1],"data":[-1.0]}]}
Response JSON for chunk 4:
{"model_name":"vad_model","model_version":"1","outputs":[{"name":"EVENT","datatype":"BYTES","shape":[1],"data":["ENDOFSTREAM"]},{"name":"TIMESTAMP","datatype":"FP32","shape":[1],"data":[-1.0]}]}
]]></system-out>
  <system-err><![CDATA[]]></system-err>
</testsuite>
