<?xml version="1.0" encoding="UTF-8"?>
<testsuite name="com.flink.practice.test.TritonVadClientIntegrationTest" tests="1" skipped="0" failures="0" errors="0" timestamp="2025-03-09T10:52:52" hostname="DESKTOP-FTHIR2G" time="0.173">
  <properties/>
  <testcase name="testProcessAudioChunk_SplitInto1280ByteChunks()" classname="com.flink.practice.test.TritonVadClientIntegrationTest" time="0.173"/>
  <system-out><![CDATA[Sending request for chunk 1
Sending request to: http://localhost:8000/v2/models/vad_model/infer
Request JSON: {
  "outputs": [
    {"name": "EVENT"},
    {"name": "TIMESTAMP"}
  ],
  "inputs": [{
    "shape": [1],
    "data": ["ZsEwcnkI5XfqL3WBG0fK+FZkH1Is56/kJcmnaYWQjNH70jolmMHSuwkknPNPfD1ezx0OFtHkr+ldL7rjNQktnIB+o/9jtDHHevRFXLvrlNE7yy2hPdYvkTGG4LU8HU+FLVq/WeupZtvsee7DQ8h9lEYZjfQLfxKxE0+K9Bgm1Z0/3uRQ+T5joLBoK6WeIS1s3jLqjcx9FEBVfZDcXNMJnnghnbmGJsHSPaEG2tgqJwu3xeJ4hjZJ8bBOFHArWQV9naV/W0E8E8CsECJv0tA4KcgWcH8xjVo5wbMw4sHuGQX3Mws7DGdW1DwhRxa9oJ3fzCYh8TlwFQWHSEBD65zhINPJDS5/S6wuz7pDxKP+i+TC5sQ0/zINEOfcuZWJXMe1ApVtN2TOyQ5s0zbg3quhrm58dlxYuF8ZKI3lsROFJeJaAGUvOWfD77uPrkyfnepd1pY9QAxt5Ct4auwkEYtTXjLQgw2xQiFQjPM5fWgjfIXF0rQ3WBJQzmWzBIaiDj2R6k4HwjM1ZXpQIlC9kl3elUsvaGdtWBc3ZJy8kvY5XKJhiVvsWn1sHJ4vr8fIA761OpLduu5IGo9NqKXB1G8xdH2b1+RzVlcfsH+Uz4p7oEurXHkQdoFi5dyQ4uAVSpL7pwwHgAJb4Pzjt3Anqz6UWHgPsdAQPn61Mr9ZxCfoadlMPBKqPbdNwjs/+cLUkRcJv/89Jr0zQslTVI79io3EdV3eF3mPK2YM3E657P+Kr45lG0JR8jr8zabBYRVWkEAc0IeJnRffE4uSkoSp/GfpaZC9kBsXymAsePE/xrSXPsMcS90nJgKfBkpZbW7vNMDJLJONSAlAvZF5/3dDYCprOMFkJnPFQKpzl1UgANDCoIpoj1P3mP44ID2Bw7AujXtmvvdmpCwFW14u7seM6u2FrDbwFVIKVS9rvF4+i4LxN0kZ2qyWTIpX2Goe2VNcNOfMzlLtkZY67DvSOlHr1vMs7ltxSzxHvoQgyOZreZucc04r2IJS6thVmsBrUDU4ap6REZ/EdfL0rW5sTQH17uvSXYxZS22m5ky8qYPRBMmClYBMvTIfWmqAqJvu2OXxLOfv9axEGN/RzU0WafncPzIk6iKrRZ08lYRIPx04+ROGSCus+WbQnboc+3P/RG5k8jczK+kkg4tJ/2pmk0T5F2D1a7wcPKxdPYZFj1+OEJTQlbEExsgC7arkx8OyVA2X3HA1dR1PD48Nf3IgoFBmQ8zZ68+anLk/70ZcLFXXrnycyfTqsWVbGWAs1D0ubPx1hZOdsRd8Ew3x6qgaLTXYh9ZCaXHTtSjSJZ/B4rXtH0Q72sdToF3uGpLstiy2TX3MvZnnJ2OJwggWTFRvmpkRXhryB2K4O2He7ZyGpLVx7zE4IXFq3gEi+4iKZyn/PTWF29xGEIAPiQNcBCjoSv1o9OQtxV0j7mRfIiRmuF8N2Q2y75WQQO4G6EKyfwKQ854ic4woZ0Xkyt5LPymnuIO3YYrItZ0InGoeusSlIco94SFI/Ju0cRGXlH8ui+g/mGR+mDxW9FglHe38UeAWKnAEJ3bon7LjcdGRYu5XTa09bXU2GpfV4FF/0KydddgcNgrAAtlwlulixluvXPQQE3MO7hLYsoZKAtj148P1ACzIP0x9Vt3V+MBPafBxbExGZw+gr4sF0BfLXr4XxCZObg1UfuU5c6vSA2epCgiYgddweNovwdM="],
    "datatype": "BYTES",
    "name": "AUDIO_CHUNK"
  }],
  "parameters": {
    "sequence_start": true,
    "sequence_end": false,
    "sequence_id": 1741517572634
  }
}
Received response: {"model_name":"vad_model","model_version":"1","outputs":[{"name":"EVENT","datatype":"BYTES","shape":[1],"data":["STARTOFSTREAM"]},{"name":"TIMESTAMP","datatype":"FP32","shape":[1],"data":[-1.0]}]}
Response JSON for chunk 1:
{"model_name":"vad_model","model_version":"1","outputs":[{"name":"EVENT","datatype":"BYTES","shape":[1],"data":["STARTOFSTREAM"]},{"name":"TIMESTAMP","datatype":"FP32","shape":[1],"data":[-1.0]}]}
Sending request for chunk 2
Sending request to: http://localhost:8000/v2/models/vad_model/infer
Request JSON: {
  "outputs": [
    {"name": "EVENT"},
    {"name": "TIMESTAMP"}
  ],
  "inputs": [{
    "shape": [1],
    "data": ["gI5eJ0LLFXEiiEq53uGix5e4Cjz6l/esFJvclv12Dk7ntJfyzBExhgM8gIBIRg4K3bCKELMRluTMwdT7AJd7T1teOPJb4bT9HIvbvmvqRugC21BkGsve0VeB4urrjho+tEesXCE1FdG6Zdl3S9AqBlTUypLuu9Ckw0zM+lxZaEbPQ2NGBQD78M/r//jAmn7xYCyH3t4ay94FndKBBUtR4w94lJYh77+qcj1PjvVTSYd66Z8LEMjy6nVJjcQrwfJF16h8FUT8rzdd28t46YNyNTgdQRabh+qkUHDrxCkgdLkRlmmCcND6mm6XxBrxlpxg94i9Rg0MaBc17xf96yGRkKpnJFhd9n7mJhW2XzSUdXtVUuPg5dBvo6lrREh0dK+DEyqNZvXc2Bkt2u1/LiT4CbXHgvAaxUFQk+ucuViomafCWnmw1qlfEszuTmIu51bgvjRZQZLFQDvA/eUnQm85Tq+EJw3T2/ltcQ7aCNcbjGrcxtFkrOde/mByh8JwKusz1+zZ5HO989UvaNumo5XHrr6BTsS3k9hqh6MFGzLJRFW9TmoAcKdB4jvv3zlbAzUK1kPrInhvSCWtTSusbvdpquSo6Ms6E9iocDvUwKCF1Fzc2uydqBhehy74ZQ4fnEfOVhmXnHJ9AxjM+e52ZpVfdkwoTi90r8Gqy+0Wt9GnUEkgytSCbxjqbfHsSMpzOnQb41Ud8vsw7qcoxdpWJzOW0NPtyfC8TqF6pX1EIOWRgOclGpvs1KEM40x5CalW7VRLBczmBpgVgd1S2ybcqaQopdoMTvCFCBq4JBLxzKfaUdrO3YendA+fGYashIYFjiB0jQt8NA044vb/3IwP+GKgbUz6UIt5fpswdE9kZg7ytDgMrrurW2qZZhM1u2I8sKuuH5MRcAAHKm5yqjdXM8R7XuvKj7nUqh7499sznfZcnSXtAEQkF0IAMnmMDymwXefsAQw/2dEQMWUn4sAEwnJ7it/feaEDIBTRqZ2qYhzktUnokln7HsohuoQffJLNuJcjInxHoLgaVBrC30HP3P92yoGtntt99cyu0TsT11hSKuxoToAQYzhDpqu+NNyt4qFjbpo0VSFN48I3R1RjOa0x/2SI1qjh3SLc7rD2bB6e9ViXXWTHM6HOyMHihB9ZwPFrUrEvUUVxlII6aOB1E8od0KakS/FRIrvp4fhFCjearCpsUkCDVszcxOCRxmBEe9WLirs2Rwp8jzTpBQZuYz9uYXazQN0OfzPRVyd4+LuJAuP4kJSoY7/deJPwQ7oE2QWKM6fMChzix5e5ToZaWieDPOXKtolVHReGenIk1FMzhlPtZ0DYY/llvUPL9zhTxqf1DevPGExxjOafEBzgHoznSvGDJL15JuWH2f3Jh65Pk55wg+GhqZsF1eWjrzxGsaRvENp6aimrymV/dWGMxqn75M96jHlBrPl6lHGNpEFvbdogpv7x8fvJteEPTCfMjgRbM2H1At3csXza04A0mE9IhXmdqeuF4gyezKn2GkOzLoVn1C75uFvhd0VyAmBqp70VeRsQl0pwbRazXzgEgjyVP3n02wAE5ntgSgpntej15UIAXmZW3MALxCte1bM1h/OXPej8qmUy1ZbCx+6w15J1EvXRQAmIjOnnb0Jbmtw9La/KcRd+dCtTKWctN8QRrR+xv29hvdKKdW3cCvkBS79SEvuSLU89+jzzXI3RJQSZ6hs="],
    "datatype": "BYTES",
    "name": "AUDIO_CHUNK"
  }],
  "parameters": {
    "sequence_start": false,
    "sequence_end": false,
    "sequence_id": 1741517572634
  }
}
Received response: {"model_name":"vad_model","model_version":"1","outputs":[{"name":"EVENT","datatype":"BYTES","shape":[1],"data":["NOSPEECH"]},{"name":"TIMESTAMP","datatype":"FP32","shape":[1],"data":[-1.0]}]}
Response JSON for chunk 2:
{"model_name":"vad_model","model_version":"1","outputs":[{"name":"EVENT","datatype":"BYTES","shape":[1],"data":["NOSPEECH"]},{"name":"TIMESTAMP","datatype":"FP32","shape":[1],"data":[-1.0]}]}
Sending request for chunk 3
Sending request to: http://localhost:8000/v2/models/vad_model/infer
Request JSON: {
  "outputs": [
    {"name": "EVENT"},
    {"name": "TIMESTAMP"}
  ],
  "inputs": [{
    "shape": [1],
    "data": ["zCck5PGkMBl2lzTkKdVbQO5BNDDB4HAxohEA8zFvTykNX1y7TvjW8mK6n0NxuhK/iS38fXXkCrWkVNurrvo+wnh7teAJqbZJatjuE/Nx6Tbwkb4jwkhGE6yJYhil92VEhYDoFnSEHh18GRPl1GyzihAdwP6D2SMRazU4M9OhShiyu1gclXMORispOrgJgX3FGOO7aIoFnxB1dg3NCZMdf/+A6RKovZN6LIfVn+Ev/gX6YghUGsl7dMLd/Tmv8Vd9c/ceYZsaeybbZwsOeDxYRO+aqBBuaPfGL9ddgDzvgJCV9dskkZVCILQkM/9Fkins8Cy7xTH65e77ob0uv5a0j/PtTkhgP3V02jw/gI17IMo9k/nmBMIG5krZIjVZ68Wvn+vfCROx2tyT5TZr7SeRudpkOXL8Wpkypoy628FWFiWsnjFQaF4k/MkqIZbUgsXTDaohjSKyfd156IU3vmd8RrZ4h3NSuAIii58DGwZaAaDiQIYv8dBovZNuw0uw4NNlV9kiPngfzC6KntbRGtR06KdRG+Pad/i2qr4WXQgWEcyzSmnFtKYfKZwakY/9NpdlcNNyRcOIrwDV7rDZzJzxZ+3N5WWWpS07Pf+tP23+o2aUIHblhEElkRF0+58USaTHrzd3nN8akBgJIc13f0I0+y6bzUlpRvGcvJqHW498AuennD2vBt/cQEO+Ubcabi7nnWHoabN8HnEdj0Qm/8Q0NQTOGBm2plsuUo8gH3pFhtcEE5anF7UuBtr1PZq4ytz1/eXJck7ViUM+Z98PrjyH48ujZGM9JvlefxRlBiWPHstK5AklYB9WNTdkWMcZHqNjHEI0mkK37SX+iSaHRPsix6laJ4cy/T3DD7Dix/QA/4tmSrOWNhqHAiqXzlklvu3cWin9LUDttsm70PKOy484Bt5LtKWftvXPO/f93257oOmkS1QXuIaNHtWINOL8nh37+RyQ6PVjTTVNSLFu2kmF2E60Ag78WyQyHUjQxDsTUJr0/wXVJPS/HuADnTK1gXqVJjpZGyStvCPzK774ERgQM0zXS64Njq4+WQfgKWLbmZp+lLIaeeoy0t+PSMpYpqZeRmpARwTYmwyArE5x1d0056lnNYz7Btl1Ci4gxsFaKpJoufGpU/JIrwFy2OkanYAXg2EblNyaWHvCz6PkTpyYqv5i6dS2QYfe6zPKiMzIiiXnZQ+sA9bGqvqNPafYEn2rlhfxmt4JiRAz9O57ngpSFTbLdOyKQlQhx6H3noptofWEHkHW7te6NTIz0ajWtBtv1qap+0FXQkfkxKrVZHl/sF/qSowBvW/dI9ie9M3AYPSxKZahKdoIty8iaJ25h2/+gr2RU6JY6tymqXEwcB3sbLIMG7b5EtX9KtYAXLEkzdiMXkNJUbOMeUBW/nvCTQTDTA0xoZvNzDh7/8wCyB2MHuDcgigF6Tim2QzsblhXuubyecvrsCy/1WxfFAVN2Pd0JmWXoaWjLBs8pVZf2wC4GaDOz3AITC0pa4q6yeT3lhfIJXHjjmXh7ppYPaqKYCdWUWG0lSyz1B6LqBDHBFVtmXZDNmYQpLvdBwrg+LW6jXyGHpiS1JclBQLG7rF6Qxbno93JafGxkp38Hk0cQ7Cz1cVV5Tlx8E5XqbN2a+QocY4FI39H6HlbcdPnoT4tvfQ+GJbR36RWynR/dyKjN2PabRh2aqojCYCwT5i/1wAHkAg="],
    "datatype": "BYTES",
    "name": "AUDIO_CHUNK"
  }],
  "parameters": {
    "sequence_start": false,
    "sequence_end": false,
    "sequence_id": 1741517572634
  }
}
Received response: {"model_name":"vad_model","model_version":"1","outputs":[{"name":"EVENT","datatype":"BYTES","shape":[1],"data":["NOSPEECH"]},{"name":"TIMESTAMP","datatype":"FP32","shape":[1],"data":[-1.0]}]}
Response JSON for chunk 3:
{"model_name":"vad_model","model_version":"1","outputs":[{"name":"EVENT","datatype":"BYTES","shape":[1],"data":["NOSPEECH"]},{"name":"TIMESTAMP","datatype":"FP32","shape":[1],"data":[-1.0]}]}
Sending request for chunk 4
Sending request to: http://localhost:8000/v2/models/vad_model/infer
Request JSON: {
  "outputs": [
    {"name": "EVENT"},
    {"name": "TIMESTAMP"}
  ],
  "inputs": [{
    "shape": [1],
    "data": ["ippM+sW5kWgmTQB1On8qcpyhAv7C6a0cEdB2CV971CauRjDSXeFoPWQ2PqYJv/X3Ex0E51lNJbAjs2vFfz5C2Bizwyasv+TfpBtnhJLwxblEYchmcgfTBXKSNGWqaftL4Unj9CSUGjpzfPPVG5RI8rtMg10JWL+bTCR1K70ZHiUn81+r690gCAOwD726Uqt+RpgYfA6Gm/fmTPh6qc3h8IpRZ/ZdHszfq7W559zEoFp5W3ta5kl4JNh2Cm/1FJLGsQ4H9IhrUQlklZjqv4jHxCuhyVPrB+8XnnuW5jqOwFHDNx0Ur9K4EU5QLy73qG239wuW/efaR0wZHMcBpjVIeO+pRx7IiklzKWFNaO1S6ia8ihGMnW5mRAwJL4h6A/ym5I6k2P72WUvdzN41W90HpB4dBzlAqoe9oXu5q4zaGpFZ6XWSL3kt2PLCfQvRHjiWAqjbz/oqGgrhXeUixsbi14Yx+mVuFMpkGM5nXTMUjT4W2gPVZ447cD8DDaOli92gqQEMXYLf71uhlLiROdevGUcgolsXjaRtDnG8WbqCwJqD0lrEZkecdgIpDAru5E8ESKo+gA/lDXIGN1giLcr5UdjHTuHHIcNdVurqUzK0xLoSf8urSBRY+MPXlts1w0T/84zp7omPJ6La9KBZOJzb6V6hZjYv4//lRsGObqHg3ysfQTa+Q69+oHIiYz8ICwwMLUSMvSS/qb9y1VrPUsU9oC90Gpe+H0bDI5vjcv4LjLtBD6uF++TNkJCCl32+sksT9zKa/nlS+JaX9bdVSR7/9qFzTIt+W89bzGs60W9Hp/nQI+HXKK6IUJznMtVtW7kTGRBDfOi9B4e1oYaugo1dpRizou0xgVG5pYaTNMLt0L23JZGta9aRAsFqHxIpWQ2gsE+jUS3E3e5HGKxI8tZ3c08c+UasCN3Rxpt7RCn3hsp8t3wobaw4CL1yYmZ/Blhe+BZqSUKMUzuCgDtqXStDVudT72dzDq19Ze2rTzrA60qNmLrJOnedHxVUI5Uxf0seXKZSxnSQHiNB4eZ8zVIMwy44Y7WWmErhgkm8byfgbT7OxPaZ3axmoHe5szozHjH+vGUru8ki7dQxJN4bVo7VCDHmiK/LhF+W0pOvNjrqGG9gPvp9PCbvaHBgo+LmWmOj/v7MLpGChgo+cbI/CI3XMwRxPQzN26wT7euJ4pU2X6ezbT59NsxgRk/2cjCT4YGS2DKYsku/nZ0+bsL+NRBdF1G3aa70hQsTu7uxNSgO8vnPQ8yk+3mWjFkh8PArA2/g3FMRervkoRzbLk7j5Rpesx8DD6QWnW1MHDrbhPLV/uTfim/gqxBjVC8C59U+2LqOxZM8vkgsjTDG4NezlsjoQOVfJ52d18Fb1y3o8HsVJVn/EJt9M/g6kXy544s6s7EPAY+2SZsvyF0agCijOSfL2dDSH2XqyKEWxfy7jJJ08n5HmXqYZIl4P+O9eP7lvRBnf8JoYXZY5boPIG5rabBSYFDhmmHp8ha7P1PG2EQM5+IYv9vqVR3LKygOJfsd3qy/utdpU9MJhM3gk7Of7j2TEukRnvH25MH7xe80UB6nNTumNw/4+r0T2J2LxwHOPV3TBvNVUD4+UoH+g6cQcpXA/DlTjWrv44n88F6XEqTM4KLHHehuBrRBW9AIy0s0Enw8G3BzhXOXJoR2O4sZg+f6TkV1o/Ka1/JOmrOFIBC0viY="],
    "datatype": "BYTES",
    "name": "AUDIO_CHUNK"
  }],
  "parameters": {
    "sequence_start": false,
    "sequence_end": true,
    "sequence_id": 1741517572634
  }
}
Received response: {"model_name":"vad_model","model_version":"1","outputs":[{"name":"EVENT","datatype":"BYTES","shape":[1],"data":["ENDOFSTREAM"]},{"name":"TIMESTAMP","datatype":"FP32","shape":[1],"data":[-1.0]}]}
Response JSON for chunk 4:
{"model_name":"vad_model","model_version":"1","outputs":[{"name":"EVENT","datatype":"BYTES","shape":[1],"data":["ENDOFSTREAM"]},{"name":"TIMESTAMP","datatype":"FP32","shape":[1],"data":[-1.0]}]}
]]></system-out>
  <system-err><![CDATA[]]></system-err>
</testsuite>
