<?xml version="1.0" encoding="UTF-8"?>
<testsuite name="com.flink.practice.test.TritonVadClientTest" tests="2" skipped="0" failures="0" errors="0" timestamp="2025-03-09T06:14:10" hostname="DESKTOP-FTHIR2G" time="10.011">
  <properties/>
  <testcase name="testProcessAudioChunk_With512ByteChunk()" classname="com.flink.practice.test.TritonVadClientTest" time="0.01"/>
  <testcase name="testReset()" classname="com.flink.practice.test.TritonVadClientTest" time="10.0"/>
  <system-out><![CDATA[Send request for VadClientTest
Sending request to: http://localhost:8000/v2/models/vad_model/infer
Request JSON: {
  "outputs": [
    {"name": "EVENT"},
    {"name": "TIMESTAMP"}
  ],
  "inputs": [{
    "shape": [1],
    "data": ["bybomGxISpqs5FAMCv9TKLtROfSlAdNfJYQwt8kuRMYx93K0Xn74AxF5HFscT3BnMnoMNX/owI5j0B8hrBIWAawkXbAllXR/EqG0bEgO/xWamwPW2jgJq0L+Pxg/KgNE0Zexjgerj+6mZ1jS8VQwmPjm83Om7PVHH1xYQKNKIl7X+IoFO2ZWTqnytB6Thm5c1Xxo9ASRKKl3narMTLG1obvTqqlufzZKW3tQ9TsgLZ2+WTc2y/h9xGvbRG6BOoh/u8wgEkIcWwnh1iviCddSJ8RSFwIGv8U4QyVjjd3nStPa5PNgy/lJmMOO3LO1Blm//CFJNHSZ93HnoEKq0baswmDO/2gQZwvIbImhWAhweij/gqVoB3vQ3mg7CCwfxybOV1F4vZAPZ3uuQjQNXkeLImxfooplhgHvdemcVmDRttcPwMRTupX/ITuUWAIrk1TsYgshi2rQWozmd6GagO0BcZp7pQRz/VaQLQ5tfHPajPkGkhcmpPKb5DXs2/Q9qZm3UYjVJZTmBXt+333WTyPIlAMSZxLWbdSkAHXAnKtuXWNNMpqpapevmpFOnMBvQfkWBSpxLnbcfTqJ6vfTsjoycO7B8q0113zlqMF8h5N0Xjc9dT48LvW5STbfBUOOo4r5WEBaKamYJ1prV50xEVfzt+AXSIheXV5LEUBw8U8veXPxS01vb3Thj2cPd8RTHMJbqFs2ZphLuDBIhQqSV/pGauX8BZul856djIJ7ElUfrqVRXCbHI/ox/q5yRo7erchWotkfi1qqkfKvK+EIK8GRVx3ESE166UOJOWis9XHG6+Jc2xX9EyLbaAZAgJJ5l8kKUZjrKMryW+mCQt04byo2L4qCzINJlMIyrxdCy/nqhoS2FUG7dyqktkjLv2GLEDJHZ/uZiOl090EpJuVt+YWDmRmddXOXktPk7bm7TE02APhyUn5C0syqb9iCFxza0vCNy6/mmnWdcuP3QyRBkWaKqe64fZNaZIn7hQEqX5JKvN8h/IzNEIA9sJA9NCkGUBCwY9lOCMq94O7c2t0FKzODUvV566uZVI6zB8o9lK+rCMkbPM/K3d94kO3kDtJCrs/lI5cV7PkM+ZFNnO+fZrOQG6a77zNF8OxcrFs8P4kXeRcNdJ5PSDWDmXnH0d9U6OMhVgkLziaejOZxOTKJRbNBdRgwgyxXhiEURR9cXHspllbEQdgEmVwQl3kfVQDQrAsKLUZiJydIZZSOKEjNLBqKXUmRa3QrbaqMY85SJxhlP6Q4+ZF1cISDRNeZAEWR2N2lhuj2xFu6PrOzLjkMHhE9TK3Q530bCSBbx2tQnSQESC/dwDxFH4LLyVLpNc15qPOC/iRD98g6hhymebMXNhSfMg=="],
    "datatype": "BYTES",
    "name": "AUDIO_CHUNK"
  }],
  "parameters": {
    "sequence_start": true,
    "sequence_end": false,
    "sequence_id": 1741500850770
  }
}
Received response: {"model_name":"vad_model","model_version":"1","outputs":[{"name":"EVENT","datatype":"BYTES","shape":[1],"data":["STARTOFSTREAM"]},{"name":"TIMESTAMP","datatype":"FP32","shape":[1],"data":[-1.0]}]}
Response JSON (512 bytes): {"model_name":"vad_model","model_version":"1","outputs":[{"name":"EVENT","datatype":"BYTES","shape":[1],"data":["STARTOFSTREAM"]},{"name":"TIMESTAMP","datatype":"FP32","shape":[1],"data":[-1.0]}]}
Sending request to: http://localhost:8000/v2/models/vad_model/infer
Request JSON: {
  "outputs": [
    {"name": "EVENT"},
    {"name": "TIMESTAMP"}
  ],
  "inputs": [{
    "shape": [1],
    "data": ["AFHCS5/eBj5Y9D0hEDXmDjhwNJia3Wd3JG59oKO9DCPUeTvnmCml8bqNj63brT/CbMTWsOrk3uedR2JVQso3P5QpGubJmKpQQyQDl74UkpVi0SykinQYFUDhk+PgwO5yLbJq+w/McLOjgIXTeZkaWZjIt6iAiaYHoGpqO3Or8IDOS4DCO4YSSm6FlozdSSuSDmLR4Aj/1jVyZ86/R784aGkZqlSRl4minQe1SE9AmZjKqFy+EKG1UxGQucF785C5Nz3UKUqYr+sKNz0ISiJSCVXXE7q7Dk6Z+0HDaYXncOsx/YaPEnOrgPeWe7va7rItPUQFr99sV/lSgJrPqhlja5j39T2Kv5VviIb2rSEdepCRXhHrhuizHVyEj1mHbWoZbWcRF8fsXX1EWTBB1Qpvemi6e41xCW6CBN6O4IsCIi/5eMvn0Ts6oJj/Y5fAuhh6Wi3hHJDUHbNWJDB/elqRUUeuAxgliiwJVD/+nD/jHWsF+yRWi77fgQY2umTrz+6xpVPKkTTsZZwsfNU1xEwoq4kRJxY8bkcK6gk/f8tcyq4nBO7M4heTJzgQYjFUgGVLDVZV6DNP+HV8DzFS2bBaXCQ+BdgHn1u8dDR5DwrG/hY4AWo0MfTNw1kfFNknmOa3twdmbPH5nVRBeUyNknMiOLgL6T2tSb5FxPsr6J+xhA8/o72W4GEyTeLOr2ivingev6ouKFKY3yQjYUoXfHWrVN9TOkKJez5TAB7oxbWnHAuA3CD6f1c8/oGmHuXNi0ul/zF5AJTRYxcncIQqD0B3T7cE1izFz16WC+6oa/VyblTJD6q8Hh9TeUaoAw66MJDdHpnCqG2NvrST5bKwLnaTIK1tm6Q4ao7lM8tIl8ictEH53T818KJ5cxAXcFcB9EQT3X6gdmXuY04l2B883xuKfouyfUZ9uwOzHMmnOs/0n7rRPYOPINdrgDgxVZ63OOmNnm0xxnb9tOx1bwpBTBHICsWQ9IdUyhKS7JMhMKA/GXoAypPr87xiUnyrlI/+qIE6Nn4s7eJC+9Snoezf+VxHHADjf3c9/msEudwhGMJobFtpcaykH7s//y74p0m6C1OO9UDFsVTI4ypVQZBkSCGYQ+SOVddTp985MNpEsuvTSUe39f5UakfD6Z6mGGmS7W2b8xhF1DtA4WC7ZwZgK1ksqyTJgS5mv017h6m7GnmpJ4gk5Cg4hx3yCMVmsrgqudaPnXUzmGJOEDclh+aAKLhPeMvb/cldoJDNpJvi7C86JtqG9FwaLn8n7zN9sfufGgMNf5Zq6tQtCAKWsfjdkkm238nayXPKq7TYj7pZgjHW7/eb+icnejnKHjuzdlpDys6qVMXG/u8vrSe639ivBqtJ6w=="],
    "datatype": "BYTES",
    "name": "AUDIO_CHUNK"
  }],
  "parameters": {
    "sequence_start": true,
    "sequence_end": false,
    "sequence_id": 1741500850780
  }
}
15:14:10.906 [SessionTracker] INFO org.apache.zookeeper.server.SessionTrackerImpl -- SessionTrackerImpl exited loop!
Received response: {"model_name":"vad_model","model_version":"1","outputs":[{"name":"EVENT","datatype":"BYTES","shape":[1],"data":["STARTOFSTREAM"]},{"name":"TIMESTAMP","datatype":"FP32","shape":[1],"data":[-1.0]}]}
Response JSON after reset: {"model_name":"vad_model","model_version":"1","outputs":[{"name":"EVENT","datatype":"BYTES","shape":[1],"data":["STARTOFSTREAM"]},{"name":"TIMESTAMP","datatype":"FP32","shape":[1],"data":[-1.0]}]}
]]></system-out>
  <system-err><![CDATA[]]></system-err>
</testsuite>
