<?xml version="1.0" encoding="UTF-8"?>
<testsuite name="com.flink.practice.test.TritonVadClientIntegrationTest" tests="1" skipped="0" failures="0" errors="0" timestamp="2025-03-09T05:43:13" hostname="DESKTOP-FTHIR2G" time="0.16">
  <properties/>
  <testcase name="testProcessAudioChunk_SplitInto1280ByteChunks()" classname="com.flink.practice.test.TritonVadClientIntegrationTest" time="0.16"/>
  <system-out><![CDATA[Sending request for chunk 1
Sending request to: http://localhost:8000/v2/models/vad_model/infer
Request JSON: {
  "outputs": [
    {"name": "EVENT"},
    {"name": "TIMESTAMP"}
  ],
  "inputs": [{
    "shape": [1],
    "data": ["+3SkH25nzkugpTcBcIJTbgBs/pnkXK/L39TU/Iv6jwGgxsMf/I67FZsIUzuz1x2gSrLTdIqj8veBrPuBk+qN1QOf1S21ZEi9MW/tEHsqNx+u6F4F7epwRyFXq1F2chfGjFDzMBzy8CrCwY0amntaiAUL1XEbzsFs4LAhrqGopQSoZaHhZ7Lb4U4KZde4dhzEb0kDDxRB8NbBrZRRl6f6ekcdlSMBlcps/IQr5tF43g/QzJ+FTDtpSy3y/5NsfK4wYff8vgjQOfaWQF+JtOarhk6LPrItMiUecPvchkxl++JsUZ4gz4KW9QtPhkuF0/s+1SxcypNjlmY52IdD8l9j+egSWqBdKLdu7YVWyjv3kPeT/zBtTvAlFx5xUr8xCAn71Gnqbe3Z//vxzuTpI/Xxmnz8PaujxkkMFmGIFm/G1Yk1l+urbGHcvnEIPvNb8jOWx9vFu8tcff/9XeVlJU7HsZbLgXH+G3pd7XULbFh8ER1uOaQLczunyRMxQPhgbP4LgxMuY3qs62eFwCTHYL+H+rLJNI07WLWHfT9sxEMmac4NVKRT6X0g2oGHMWgRDXR6lp08tTdAegPDopP1gyciYklXtOULFlrzyoC81tiy601fdwddcRIVOlDRi37pgN+D0eiXeNI3CUduKVpneyBICRovK9ZkSm749tbmhtS2CkNBAjjA5NU8vh8GxROQXiEAFiej2INak01nHcPWtB9cbbsHO0sd1Qw8tXMRtQPVsNBl0DWYsBb7Ab3Em0SQkhMWZBTu4AufqrqoB1tVlGFW5WA/VjrF7vxZ84ubjoFlKPHkVlsRcIQBApaAjdhWvjmQINDzGQ/5BClpSTT3NbwKLOp9H4rE7xCMw0YrzjI4QioG2+nCzcxOomTz/HJtJtBGpjTQwrFnasaUfDPYYrXeyzN5AVO1LDFjizgYNH+O5TFNrwVclWF9oxOfibX2C1jLEFm3+nCBROprqKXl1HegnZlHWRwD5JpZbraAqFKopynIojesGiTuDfRr//drjUn6RinrzkL52kB4FmykroMMfMnsQaPDeBoM+43G9FWAeiCWDkFnzPFN/CevV2eVatitR0DnVPDYL3y20//vNzbp+s4MkLbRdiN+FO1JZ2eTLyu5LVSCGk6Ew0Mlw9HLR/rTt3DDrrJssQH+KbFE14S0olrxGJ4tHOCrIYY/Yl/PtBoeq9KnhqWEyUet3kVtTFqRqaehbwsc12K0nRW4VIfxi1RNOFyYY+VKdTyxOQQF1zjpkdDkB+YCeMXPSuegON+trhWcWeareXOzO9EBTa1wdqJq7E1rzGdnAOVWlU15NnUGDAJzpGjv4E1eIO9LTh4tHspU1PKljtx1Qw5l97q2vDiuEFq3W9g1N+c+DdVxN5vtmq7YTmgdIhi3agNSqcbwpixA5TvhITKHeUh0GOkrAWGeegmjkvggQcp0/KLYUfK1tgSx/oHS2Pd4KroS4/1zEwFIbwpoN+ktrs9lQsQ9vU7XRboCVve3ZPo1pxhTeJNc//RfD/p0/nuzqdoeHRDQXuG0SP8261pRRM9jUadbId2Zr0Y0A0iIr1ITOzhooKtWbNT/3sJhCmXfXG84z/oj+FmocmyR6xayxP4eJu3uAqvgwjU/LuBA6DbY0h2SAlRUJqmqoIBi41AravOS9HpcVxQav/TmjaVKyaErpTVlEl0nAhguxZ9RuUl2RrlWsvc="],
    "datatype": "BYTES",
    "name": "AUDIO_CHUNK"
  }],
  "parameters": {
    "sequence_start": true,
    "sequence_end": false,
    "sequence_id": 1741498993140
  }
}
Received response: {"model_name":"vad_model","model_version":"1","outputs":[{"name":"EVENT","datatype":"BYTES","shape":[1],"data":["STARTOFSTREAM"]},{"name":"TIMESTAMP","datatype":"FP32","shape":[1],"data":[-1.0]}]}
Response JSON for chunk 1:
{"model_name":"vad_model","model_version":"1","outputs":[{"name":"EVENT","datatype":"BYTES","shape":[1],"data":["STARTOFSTREAM"]},{"name":"TIMESTAMP","datatype":"FP32","shape":[1],"data":[-1.0]}]}
Sending request for chunk 2
Sending request to: http://localhost:8000/v2/models/vad_model/infer
Request JSON: {
  "outputs": [
    {"name": "EVENT"},
    {"name": "TIMESTAMP"}
  ],
  "inputs": [{
    "shape": [1],
    "data": ["Vvd1N4QGh/Kd6HpdRnSkCMG7fjdkhn0CAM1r3e1ZVMIqUHRuqZQa5xYLx/TMw/Pi9HxU4wkJjfKfJPHNE+HhCliIPwnSmZ5JkKt2hNfr7EitUz411WkJ+vHq8vkm6nRm6Yj2mKIBxAcIuj2VWuzQVmecNfT1J3eBt90A/LJcmfHqpoNeb02UtyKc9w0eNI9e4Vt7fYh/umWUZiHIWSgBreyftLTEFoMWo71aVz0nDaWeg+OcJJSu1ZGzXQNSsy04hKalod9hPaf1sF3fp/VnJWZGlJRRa4dqmV+IWuWYaJXMftFgM8AgOqbf7wqgwSohw3yrqAy3iNv+qgDv8Lel8+CqWM/nQoT/6crnFkAWs2mFGXzfRnDbdPJDdEZlkSi0YqdRhFY9Pb4T3Ejj8q093D+uVUtjQYzoD5/hCMn2BgP3NzQHjdcJ7B/FQib1iFV/x/8HH7zA/CfQ31w+twjjYsjDsQbRcMuwK3GMDt5Tnw26qpQCHXtRsxZRWaxbhXZ9AsKMqhbSulD5hPzuFB47f/XXwJlHzqYzo215aPhmyWNWNkEbiDAAFW9vgSdTYDZQHQF58m+TFkSieCe1Y9ItKno9kCIGAFmNFwrbISpTyNcYxTidvZnYBB2meMKFVVt1palAWKKVtfCfybfifZVSAZLM6IXP8AdzhtMc/Nx1Qx8Xr6amIpr4dVp+F2IDI2Adeb7kPzMD14Yv0Fwj+o55k4+gxBKCTEK5vqQVmMiaHE6CRBtc8IA8ydE1aZIFAUjk07sWnHCUcaXkRX3trdX9R6Ifeoz+GWNpCdF7rDavzOIsBly4z+TE5AxoyInjzJm8lUwYzMkIZtnWmY2sWs62tec47mc17sSOFg9tynTQ4spaONB/smwkoR08o7pUA4CD1b16H2wh46QJzZkJug1EPbQEPIeOdDVlJTDybZnROsbLuy7M9AF28pDiw7zmZVgzq9xFgiVZRxcbY2CosllQyCMzqAeASP0Pd++o3XqUNRIJWb4jtCdz5JBvIAa9Z8eaOio+KXXV15wzM6aCz6WFO970qkVsXE+99mVs8u3R7o7w6XFCbnPVPVhdh4WQvegY/ZE+mPBMy0ImJaHQBieF3itKmzy6aU6SIO4uGj0tWX58Da4w22IdetxCPI/irLe2VA4iPtzeqhzrJrpAqtqLQzjkUvE4Jk7pOYR+aO6ukkvYUdY1CguEDrmKAhF99oY5TufNwAgYKqVB5rSKrRy98qgEOuuvOskDsu6e97MC6U6jABzKwFykaFs2auA0eJmFuXfNOuqgkvueGsYeGymayl4Hz4vINvQE1DoDN6wUJnSF+bA1DfqLSG35tGfZ4eEBaaTcUP1Q91hca4eQ1KQ2A4mCLbQe/iDGsVl6i+XpGtTzRrXJL9mihYc5mIN9GeEpxXH2ilmj1VofPko0iol/g/AoleCkao1ETenYKgzQN2M/WTb7rDB0sxK+uiLnKsg3l2NBkJPI2xyK+UhL+xCrkoDauCU5IPstCHaMvHFAlpTjE6N4qmgasn8cUwdX3qvKFZPDQdjRdB4jiOC0b3vlUhOP8iiJzc2PT8CSqkMSal4PGXAYkg0j86gs/td9Uv25K6dkm0Wxw6ODJ5LYdc3HKIMHmc0nVqhAg9IJZwrYnClx/4sq5v9uEIYRA6+0NdxbCxusT4kLGWrCz0/a2eBapPBw4FzoodgfKvMzOmCEn30="],
    "datatype": "BYTES",
    "name": "AUDIO_CHUNK"
  }],
  "parameters": {
    "sequence_start": false,
    "sequence_end": false,
    "sequence_id": 1741498993140
  }
}
Received response: {"model_name":"vad_model","model_version":"1","outputs":[{"name":"EVENT","datatype":"BYTES","shape":[1],"data":["NOSPEECH"]},{"name":"TIMESTAMP","datatype":"FP32","shape":[1],"data":[-1.0]}]}
Response JSON for chunk 2:
{"model_name":"vad_model","model_version":"1","outputs":[{"name":"EVENT","datatype":"BYTES","shape":[1],"data":["NOSPEECH"]},{"name":"TIMESTAMP","datatype":"FP32","shape":[1],"data":[-1.0]}]}
Sending request for chunk 3
Sending request to: http://localhost:8000/v2/models/vad_model/infer
Request JSON: {
  "outputs": [
    {"name": "EVENT"},
    {"name": "TIMESTAMP"}
  ],
  "inputs": [{
    "shape": [1],
    "data": ["RF7z319dHmwWogRThHp0bvh+Hj++Fu/mIr/D8Opkmm9OZicFgw2VTVW/nH/0sYNinNtwqkrfPpiGPtbJV6OygE+fXOKEAlLb+vUdOOqp2JIy/JW/Z7hdnFL5SufBKm+R8KidXCWq9p+jXQyiegFvK9e9cxRgpZJF5q64u9ZTTUTewsSx3Cv/e5LX1D2LirlN6RnLjXXKhFuHXi8KV4MBDUpJZiNUa3TdLh/X2VhQvsyL6v2iXRf7yt3fAhyaGL2yakHeIOva61l/anEJ8e08RSS/GNa/wfZ8cwsgDwms04L29dLrNR6/WLWar2i7NNkK4MCSfriPsrc7c64toZ1ZAqujvgp3fKWOofx/p+wihMgtp3WhWPJQcwerANZ085VmzDVS/SwjGUc5mY8RECqdf0C833Uk8EK7ESEVmCeIYX2cEsOOhDgy2xkWMAqHxYXGjvERYZbfsYx0hinUdYnN9+X3VdLgveFA/SXpvQRhocRTBHypmPF1obDHIlSqRqs6dOe4TldCtlBIiZcdD4/7bg6yeNwNjGM+KpXLDyhPz/GaI/4cNWWUO4GeOxGEjw72A/2r5kl0+WqpeyuK5eAppK07Ssh2KA2t0ILZshImZCq4gDUrk8m579qMePzrpg5whSiHi08TPEKFwgxMvsAK23jWKHqqz7cXzpdl0djHRej/eK4ipiRXUJKZMcNd7hjW0wn+oj2JJHl38c7JW0TAw32OfMWVlVpxDMRFHx0luUAcHeyDciLk9y7NB4K9pQmzZemeCetrevCu3uLL/Nh3ceqdX+NgK3bMMCVK9VX80Deeha9aqtxD+1VX9FBP4s1Ul0n/FJSiupgcMwsLEy4jzBZHj26Kfphvhe0KRD00IanEwfBnkM9de3d4NjD2lDAAPnbxnHVM7Tniwm9TQuO1DNNQT6BH7fShKFeRfJbtt3aMTCpJCXh3erj7WG2te0ntbL4GSqOkFRH8Ocnqm5Vw0fiQkp0ZDDETde/hLyGoUub4M4SHAFfyOCNN7rdDGg6wf0QSsCxf39Mp6agAGCgfACkx7xquOEV0scZcFeAWt92kXqTH/VWFNA14NGVbFkqPcJDczHI7lL4ev1b2WGMJquqZ5eL5detx+U+Cd4t/RCmGm63/BckXxsaZ0OikkgU0W1AA0MTHJ+vruWGcnEjqP+QvDTOUTc78av0xl1HBex4EaIcetIlP0oeUe/NUZV17SvM8dz6ShnOuXA3HArTTvnZPEvRUsrydkuQpU9FeodY8mCRUmefqGJkOEGfrRUpYRwqsVONCkSp29YAEACqx2IAyVXQuINdtF/eshFgn/l6PTWfA02liLMIJLN4nTgkBoZtyePhag996v0PQJOxlD2usqR9KdTVZp5v/zlxb4KNv57Sz6Z1Nv/WexqxCagngftT/16SVOLx8LWNjC7GH/33oczZmQCw/ILMgpjhomHRr2oyL72/hvDqq9FJzlK5JosTud8YlE/F36N6Pn5u4wlyWZnVtgFuzAFYHriqXgdB5mcEk1sfVBtty3Xuk9yQKfhBxjRZNcFaQTuDUlU3gEOAwuxNYEVD3D9b7LopL+BqD/YqeE2hT6tCb0vxxVSPQfMUEJ38I4Dw8fhm4JjE9Jh5LHUJEQvzaS9CcqU2sLN00183rdEl6mG3o3FNiSx3+irxfRLvN91euOaorDVa8GbIP7h7VUOOjFFsH1rrUSTw="],
    "datatype": "BYTES",
    "name": "AUDIO_CHUNK"
  }],
  "parameters": {
    "sequence_start": false,
    "sequence_end": false,
    "sequence_id": 1741498993140
  }
}
Received response: {"model_name":"vad_model","model_version":"1","outputs":[{"name":"EVENT","datatype":"BYTES","shape":[1],"data":["NOSPEECH"]},{"name":"TIMESTAMP","datatype":"FP32","shape":[1],"data":[-1.0]}]}
Response JSON for chunk 3:
{"model_name":"vad_model","model_version":"1","outputs":[{"name":"EVENT","datatype":"BYTES","shape":[1],"data":["NOSPEECH"]},{"name":"TIMESTAMP","datatype":"FP32","shape":[1],"data":[-1.0]}]}
Sending request for chunk 4
Sending request to: http://localhost:8000/v2/models/vad_model/infer
Request JSON: {
  "outputs": [
    {"name": "EVENT"},
    {"name": "TIMESTAMP"}
  ],
  "inputs": [{
    "shape": [1],
    "data": ["BJfkTD/w25pLoRnmaVND0uY2L9kxlteEgy5XZ8J9dz5MXj3HysXGvJmcq9lr6K43gjcxCo12LEJ0pTqFnpsHSimhyu8Ls5NisW36s/Uy5gN+MxoV4u4zk4JV1daIpjhx4tUImeVHsBLTc51sORH07pWohNacJu0Arh8amU0IeAXFRuy17vG6ut8rGkw/WBegx6RdFxzKy9fauPsZ0Dqve6MOHvbxflXG3cDEEmJaMzPWCqV0NzUguFHC9fiGNqaoUiUsyW1v1St1LPLX071aQMnmQRC2bWqKPXJwqfkw1SQqfP7tExm8/nfnHSQVo26Qa9Jc89TtITwwzMABRqs/eIkqI0xLmSBrVSrlun8bDE/MafLmwz688Jxpx3ee0DJoT6rDNLCXdXikvfmDve9Bl7/Pj6snY/xBW9JvCsgkAWJiJFVRj9hUlZ9abgRQtsitW0Jr5ZkR1cEnZZK9nYIVhyvNVXZtnzq5pJv+4wk6txh7v0rGJb9nLyPQ+vuLavdPGFGpSH7hWty0fDQMkjDtCT656nrMeeq3UBmVKROhGhUYUWYkLkj6oPdrjQnlQK4+h9rWpQOTfisZNwMuTB2UDSLvJvycA/VMNuoAedJZJ4x92+a9MhpCRcg4HcZdRw59rmou+BptXZ1gu4p2fljYzQxm0fo3JyYFDv8d+QaHlts6zfV0r3lckQWnmjPf/hvQYwqHluD0U6F/hH4kGCIeu8am8aCV/L0E3siLFkE6SB51Q0eOdMsqxBO2wa/4asgPWNqiYbu50tVDcYUGw7kgUXiLoboruyCjp9uynyA/YEl6ekRYQ0iSXbOVZ9Hb1JWXaIDUCbEmEPp6kNjuntWOXbe1qNYFxSY0UNGk687BCbmFGD3kpx28HbBLHseU3a17IdMWVQtVTJdg9SskORyWvdDmx0Yih5Un03j2drbsTqTOPjyCE3guS80pw0iLuwu+km+W6yocC7RMIHdCzz3Sx1amglYQK615pp12IYjZphrWjErtPDLuy+4fM/88v6ZgVyVdrKnaM+ecx/ybx4ixfOriqa3JVbZYbPPRv29xDbfxgV6/uSWMz4Y2Mno1e46U4mSLbLW0rfLeDKiybRV6HUt5KpzNb1bg3fEOWZEY5noV6UDo2VhQ70G90bxRK+t9DByU+6lDEhJBardv7eTv+J7N7pSBMmhV86ySScdA04HiOns7xIXgk/L5ivgzNxLB3KyDdO7yr8M75Ps7kY9td//iOijHdmmZV/VR0J4/Us7yIUJd1bYGZr9jGu8G7JfYluq6ERGGkJ17S+15PV5OtkidDonegH7MC00wt44DjABjjXY3NvTfl4u2KV9zyby2CEnzmyaEz9YRm7pkJ+sRLyEZCu97Rda1WXyY2XqEqKyi/YvsvT767aRqReDj/QVxEaoZCVyEf2Tcvo9I26Xm8EhGTL0pZCJ1/NJQFGgLTGd596LgB1QE2q5ctDv37X1Kc3XRQeGX7LE1TsgAbtaJLiMwDDHe0hjajGGvg4Gt+sRcybK/0/foa8+xzgFF40Lb2uaBR/lMdSPaBvHMAvzoPYOggdbfdtQpL7fgCUyWLxfwDnZkor7CzxxEo0JUPu/pLL7r/loHu0IdFJDNe6LpbbsIUirXJqXyfu8tmij9QufdnjGdjJVE8EQjWaXax0fAE76txsupze9Obu7RgAtyMOLcYpcy0rYuthxVOAjiAic="],
    "datatype": "BYTES",
    "name": "AUDIO_CHUNK"
  }],
  "parameters": {
    "sequence_start": false,
    "sequence_end": true,
    "sequence_id": 1741498993140
  }
}
Received response: {"model_name":"vad_model","model_version":"1","outputs":[{"name":"EVENT","datatype":"BYTES","shape":[1],"data":["ENDOFSTREAM"]},{"name":"TIMESTAMP","datatype":"FP32","shape":[1],"data":[-1.0]}]}
Response JSON for chunk 4:
{"model_name":"vad_model","model_version":"1","outputs":[{"name":"EVENT","datatype":"BYTES","shape":[1],"data":["ENDOFSTREAM"]},{"name":"TIMESTAMP","datatype":"FP32","shape":[1],"data":[-1.0]}]}
]]></system-out>
  <system-err><![CDATA[]]></system-err>
</testsuite>
