<?xml version="1.0" encoding="UTF-8"?>
<testsuite name="com.flink.practice.test.AudioConsumeTest" tests="1" skipped="0" failures="0" errors="0" timestamp="2025-03-16T15:48:04" hostname="DESKTOP-FTHIR2G" time="0.299">
  <properties/>
  <testcase name="testAudioPacketConsumption(EmbeddedKafkaBroker)" classname="com.flink.practice.test.AudioConsumeTest" time="0.299"/>
  <system-out><![CDATA[00:48:04.279 [Test worker] INFO org.apache.kafka.clients.producer.ProducerConfig -- ProducerConfig values: 
	acks = -1
	auto.include.jmx.reporter = true
	batch.size = 16384
	bootstrap.servers = [127.0.0.1:53227]
	buffer.memory = 33554432
	client.dns.lookup = use_all_dns_ips
	client.id = producer-1
	compression.type = none
	connections.max.idle.ms = 540000
	delivery.timeout.ms = 120000
	enable.idempotence = true
	interceptor.classes = []
	key.serializer = class org.apache.kafka.common.serialization.StringSerializer
	linger.ms = 0
	max.block.ms = 60000
	max.in.flight.requests.per.connection = 5
	max.request.size = 1048576
	metadata.max.age.ms = 300000
	metadata.max.idle.ms = 300000
	metric.reporters = []
	metrics.num.samples = 2
	metrics.recording.level = INFO
	metrics.sample.window.ms = 30000
	partitioner.adaptive.partitioning.enable = true
	partitioner.availability.timeout.ms = 0
	partitioner.class = null
	partitioner.ignore.keys = false
	receive.buffer.bytes = 32768
	reconnect.backoff.max.ms = 1000
	reconnect.backoff.ms = 50
	request.timeout.ms = 30000
	retries = 2147483647
	retry.backoff.ms = 100
	sasl.client.callback.handler.class = null
	sasl.jaas.config = null
	sasl.kerberos.kinit.cmd = /usr/bin/kinit
	sasl.kerberos.min.time.before.relogin = 60000
	sasl.kerberos.service.name = null
	sasl.kerberos.ticket.renew.jitter = 0.05
	sasl.kerberos.ticket.renew.window.factor = 0.8
	sasl.login.callback.handler.class = null
	sasl.login.class = null
	sasl.login.connect.timeout.ms = null
	sasl.login.read.timeout.ms = null
	sasl.login.refresh.buffer.seconds = 300
	sasl.login.refresh.min.period.seconds = 60
	sasl.login.refresh.window.factor = 0.8
	sasl.login.refresh.window.jitter = 0.05
	sasl.login.retry.backoff.max.ms = 10000
	sasl.login.retry.backoff.ms = 100
	sasl.mechanism = GSSAPI
	sasl.oauthbearer.clock.skew.seconds = 30
	sasl.oauthbearer.expected.audience = null
	sasl.oauthbearer.expected.issuer = null
	sasl.oauthbearer.jwks.endpoint.refresh.ms = 3600000
	sasl.oauthbearer.jwks.endpoint.retry.backoff.max.ms = 10000
	sasl.oauthbearer.jwks.endpoint.retry.backoff.ms = 100
	sasl.oauthbearer.jwks.endpoint.url = null
	sasl.oauthbearer.scope.claim.name = scope
	sasl.oauthbearer.sub.claim.name = sub
	sasl.oauthbearer.token.endpoint.url = null
	security.protocol = PLAINTEXT
	security.providers = null
	send.buffer.bytes = 131072
	socket.connection.setup.timeout.max.ms = 30000
	socket.connection.setup.timeout.ms = 10000
	ssl.cipher.suites = null
	ssl.enabled.protocols = [TLSv1.2, TLSv1.3]
	ssl.endpoint.identification.algorithm = https
	ssl.engine.factory.class = null
	ssl.key.password = null
	ssl.keymanager.algorithm = SunX509
	ssl.keystore.certificate.chain = null
	ssl.keystore.key = null
	ssl.keystore.location = null
	ssl.keystore.password = null
	ssl.keystore.type = JKS
	ssl.protocol = TLSv1.3
	ssl.provider = null
	ssl.secure.random.implementation = null
	ssl.trustmanager.algorithm = PKIX
	ssl.truststore.certificates = null
	ssl.truststore.location = null
	ssl.truststore.password = null
	ssl.truststore.type = JKS
	transaction.timeout.ms = 60000
	transactional.id = null
	value.serializer = class org.apache.kafka.common.serialization.ByteArraySerializer

00:48:04.285 [Test worker] INFO org.apache.kafka.clients.producer.KafkaProducer -- [Producer clientId=producer-1] Instantiated an idempotent producer.
00:48:04.294 [Test worker] INFO org.apache.kafka.common.utils.AppInfoParser -- Kafka version: 3.4.1
00:48:04.294 [Test worker] INFO org.apache.kafka.common.utils.AppInfoParser -- Kafka commitId: 8a516edc2755df89
00:48:04.294 [Test worker] INFO org.apache.kafka.common.utils.AppInfoParser -- Kafka startTimeMs: 1742140084293
00:48:04.301 [kafka-producer-network-thread | producer-1] INFO org.apache.kafka.clients.Metadata -- [Producer clientId=producer-1] Resetting the last seen epoch of partition audio-packet-topic-0 to 0 since the associated topicId changed from null to rZ1KShmQSSuQEibY7znNnQ
00:48:04.302 [kafka-producer-network-thread | producer-1] INFO org.apache.kafka.clients.Metadata -- [Producer clientId=producer-1] Cluster ID: rckFBrrgQB6f9We5GJnlIQ
00:48:04.307 [controller-event-thread] INFO kafka.controller.KafkaController -- [Controller id=0] Acquired new producerId block ProducerIdsBlock(assignedBrokerId=0, firstProducerId=0, size=1000) by writing to Zk with path version 1
00:48:04.309 [kafka-producer-network-thread | producer-1] INFO org.apache.kafka.clients.producer.internals.TransactionManager -- [Producer clientId=producer-1] ProducerId set to 0 with epoch 0
00:48:04.310 [Test worker] INFO org.apache.kafka.clients.producer.KafkaProducer -- [Producer clientId=producer-1] Closing the Kafka producer with timeoutMillis = 9223372036854775807 ms.
00:48:04.347 [Test worker] INFO org.apache.kafka.common.metrics.Metrics -- Metrics scheduler closed
00:48:04.347 [Test worker] INFO org.apache.kafka.common.metrics.Metrics -- Closing reporter org.apache.kafka.common.metrics.JmxReporter
00:48:04.347 [Test worker] INFO org.apache.kafka.common.metrics.Metrics -- Metrics reporters closed
00:48:04.347 [Test worker] INFO org.apache.kafka.common.utils.AppInfoParser -- App info kafka.producer for producer-1 unregistered
00:48:04.351 [Test worker] INFO org.apache.kafka.clients.consumer.ConsumerConfig -- ConsumerConfig values: 
	allow.auto.create.topics = true
	auto.commit.interval.ms = 5000
	auto.include.jmx.reporter = true
	auto.offset.reset = earliest
	bootstrap.servers = [127.0.0.1:53227]
	check.crcs = true
	client.dns.lookup = use_all_dns_ips
	client.id = consumer-test-group-1
	client.rack = 
	connections.max.idle.ms = 540000
	default.api.timeout.ms = 60000
	enable.auto.commit = true
	exclude.internal.topics = true
	fetch.max.bytes = 52428800
	fetch.max.wait.ms = 500
	fetch.min.bytes = 1
	group.id = test-group
	group.instance.id = null
	heartbeat.interval.ms = 3000
	interceptor.classes = []
	internal.leave.group.on.close = true
	internal.throw.on.fetch.stable.offset.unsupported = false
	isolation.level = read_uncommitted
	key.deserializer = class org.apache.kafka.common.serialization.StringDeserializer
	max.partition.fetch.bytes = 1048576
	max.poll.interval.ms = 300000
	max.poll.records = 500
	metadata.max.age.ms = 300000
	metric.reporters = []
	metrics.num.samples = 2
	metrics.recording.level = INFO
	metrics.sample.window.ms = 30000
	partition.assignment.strategy = [class org.apache.kafka.clients.consumer.RangeAssignor, class org.apache.kafka.clients.consumer.CooperativeStickyAssignor]
	receive.buffer.bytes = 65536
	reconnect.backoff.max.ms = 1000
	reconnect.backoff.ms = 50
	request.timeout.ms = 30000
	retry.backoff.ms = 100
	sasl.client.callback.handler.class = null
	sasl.jaas.config = null
	sasl.kerberos.kinit.cmd = /usr/bin/kinit
	sasl.kerberos.min.time.before.relogin = 60000
	sasl.kerberos.service.name = null
	sasl.kerberos.ticket.renew.jitter = 0.05
	sasl.kerberos.ticket.renew.window.factor = 0.8
	sasl.login.callback.handler.class = null
	sasl.login.class = null
	sasl.login.connect.timeout.ms = null
	sasl.login.read.timeout.ms = null
	sasl.login.refresh.buffer.seconds = 300
	sasl.login.refresh.min.period.seconds = 60
	sasl.login.refresh.window.factor = 0.8
	sasl.login.refresh.window.jitter = 0.05
	sasl.login.retry.backoff.max.ms = 10000
	sasl.login.retry.backoff.ms = 100
	sasl.mechanism = GSSAPI
	sasl.oauthbearer.clock.skew.seconds = 30
	sasl.oauthbearer.expected.audience = null
	sasl.oauthbearer.expected.issuer = null
	sasl.oauthbearer.jwks.endpoint.refresh.ms = 3600000
	sasl.oauthbearer.jwks.endpoint.retry.backoff.max.ms = 10000
	sasl.oauthbearer.jwks.endpoint.retry.backoff.ms = 100
	sasl.oauthbearer.jwks.endpoint.url = null
	sasl.oauthbearer.scope.claim.name = scope
	sasl.oauthbearer.sub.claim.name = sub
	sasl.oauthbearer.token.endpoint.url = null
	security.protocol = PLAINTEXT
	security.providers = null
	send.buffer.bytes = 131072
	session.timeout.ms = 45000
	socket.connection.setup.timeout.max.ms = 30000
	socket.connection.setup.timeout.ms = 10000
	ssl.cipher.suites = null
	ssl.enabled.protocols = [TLSv1.2, TLSv1.3]
	ssl.endpoint.identification.algorithm = https
	ssl.engine.factory.class = null
	ssl.key.password = null
	ssl.keymanager.algorithm = SunX509
	ssl.keystore.certificate.chain = null
	ssl.keystore.key = null
	ssl.keystore.location = null
	ssl.keystore.password = null
	ssl.keystore.type = JKS
	ssl.protocol = TLSv1.3
	ssl.provider = null
	ssl.secure.random.implementation = null
	ssl.trustmanager.algorithm = PKIX
	ssl.truststore.certificates = null
	ssl.truststore.location = null
	ssl.truststore.password = null
	ssl.truststore.type = JKS
	value.deserializer = class org.apache.kafka.common.serialization.ByteArrayDeserializer

00:48:04.370 [Test worker] INFO org.apache.kafka.common.utils.AppInfoParser -- Kafka version: 3.4.1
00:48:04.370 [Test worker] INFO org.apache.kafka.common.utils.AppInfoParser -- Kafka commitId: 8a516edc2755df89
00:48:04.370 [Test worker] INFO org.apache.kafka.common.utils.AppInfoParser -- Kafka startTimeMs: 1742140084370
00:48:04.370 [Test worker] INFO org.apache.kafka.clients.consumer.KafkaConsumer -- [Consumer clientId=consumer-test-group-1, groupId=test-group] Subscribed to topic(s): audio-packet-topic
00:48:04.374 [Test worker] INFO org.apache.kafka.clients.Metadata -- [Consumer clientId=consumer-test-group-1, groupId=test-group] Resetting the last seen epoch of partition audio-packet-topic-0 to 0 since the associated topicId changed from null to rZ1KShmQSSuQEibY7znNnQ
00:48:04.374 [Test worker] INFO org.apache.kafka.clients.Metadata -- [Consumer clientId=consumer-test-group-1, groupId=test-group] Cluster ID: rckFBrrgQB6f9We5GJnlIQ
00:48:04.377 [data-plane-kafka-request-handler-0] INFO kafka.zk.AdminZkClient -- Creating topic __consumer_offsets with configuration {compression.type=producer, cleanup.policy=compact, segment.bytes=104857600} and initial partition assignment HashMap(0 -> ArrayBuffer(0), 1 -> ArrayBuffer(0), 2 -> ArrayBuffer(0), 3 -> ArrayBuffer(0), 4 -> ArrayBuffer(0))
00:48:04.380 [controller-event-thread] INFO kafka.controller.KafkaController -- [Controller id=0] New topics: [Set(__consumer_offsets)], deleted topics: [HashSet()], new partition replica assignment [Set(TopicIdReplicaAssignment(__consumer_offsets,Some(XQlcj-LNSWC6UEbjLHEMxA),HashMap(__consumer_offsets-4 -> ReplicaAssignment(replicas=0, addingReplicas=, removingReplicas=), __consumer_offsets-3 -> ReplicaAssignment(replicas=0, addingReplicas=, removingReplicas=), __consumer_offsets-2 -> ReplicaAssignment(replicas=0, addingReplicas=, removingReplicas=), __consumer_offsets-0 -> ReplicaAssignment(replicas=0, addingReplicas=, removingReplicas=), __consumer_offsets-1 -> ReplicaAssignment(replicas=0, addingReplicas=, removingReplicas=))))]
00:48:04.380 [controller-event-thread] INFO kafka.controller.KafkaController -- [Controller id=0] New partition creation callback for __consumer_offsets-4,__consumer_offsets-3,__consumer_offsets-2,__consumer_offsets-0,__consumer_offsets-1
00:48:04.380 [controller-event-thread] INFO state.change.logger -- [Controller id=0 epoch=1] Changed partition __consumer_offsets-4 state from NonExistentPartition to NewPartition with assigned replicas 0
00:48:04.380 [controller-event-thread] INFO state.change.logger -- [Controller id=0 epoch=1] Changed partition __consumer_offsets-3 state from NonExistentPartition to NewPartition with assigned replicas 0
00:48:04.380 [controller-event-thread] INFO state.change.logger -- [Controller id=0 epoch=1] Changed partition __consumer_offsets-2 state from NonExistentPartition to NewPartition with assigned replicas 0
00:48:04.380 [controller-event-thread] INFO state.change.logger -- [Controller id=0 epoch=1] Changed partition __consumer_offsets-0 state from NonExistentPartition to NewPartition with assigned replicas 0
00:48:04.380 [controller-event-thread] INFO state.change.logger -- [Controller id=0 epoch=1] Changed partition __consumer_offsets-1 state from NonExistentPartition to NewPartition with assigned replicas 0
00:48:04.381 [controller-event-thread] INFO state.change.logger -- [Controller id=0 epoch=1] Sending UpdateMetadata request to brokers HashSet() for 0 partitions
00:48:04.381 [controller-event-thread] INFO state.change.logger -- [Controller id=0 epoch=1] Sending UpdateMetadata request to brokers HashSet() for 0 partitions
00:48:04.385 [controller-event-thread] INFO state.change.logger -- [Controller id=0 epoch=1] Changed partition __consumer_offsets-4 from NewPartition to OnlinePartition with state LeaderAndIsr(leader=0, leaderEpoch=0, isr=List(0), leaderRecoveryState=RECOVERED, partitionEpoch=0)
00:48:04.385 [controller-event-thread] INFO state.change.logger -- [Controller id=0 epoch=1] Changed partition __consumer_offsets-3 from NewPartition to OnlinePartition with state LeaderAndIsr(leader=0, leaderEpoch=0, isr=List(0), leaderRecoveryState=RECOVERED, partitionEpoch=0)
00:48:04.385 [controller-event-thread] INFO state.change.logger -- [Controller id=0 epoch=1] Changed partition __consumer_offsets-2 from NewPartition to OnlinePartition with state LeaderAndIsr(leader=0, leaderEpoch=0, isr=List(0), leaderRecoveryState=RECOVERED, partitionEpoch=0)
00:48:04.385 [controller-event-thread] INFO state.change.logger -- [Controller id=0 epoch=1] Changed partition __consumer_offsets-0 from NewPartition to OnlinePartition with state LeaderAndIsr(leader=0, leaderEpoch=0, isr=List(0), leaderRecoveryState=RECOVERED, partitionEpoch=0)
00:48:04.385 [controller-event-thread] INFO state.change.logger -- [Controller id=0 epoch=1] Changed partition __consumer_offsets-1 from NewPartition to OnlinePartition with state LeaderAndIsr(leader=0, leaderEpoch=0, isr=List(0), leaderRecoveryState=RECOVERED, partitionEpoch=0)
00:48:04.385 [controller-event-thread] INFO state.change.logger -- [Controller id=0 epoch=1] Sending LeaderAndIsr request to broker 0 with 5 become-leader and 0 become-follower partitions
00:48:04.385 [controller-event-thread] INFO state.change.logger -- [Controller id=0 epoch=1] Sending UpdateMetadata request to brokers HashSet(0) for 5 partitions
00:48:04.385 [controller-event-thread] INFO state.change.logger -- [Controller id=0 epoch=1] Sending UpdateMetadata request to brokers HashSet() for 0 partitions
00:48:04.386 [data-plane-kafka-request-handler-2] INFO state.change.logger -- [Broker id=0] Handling LeaderAndIsr request correlationId 3 from controller 0 for 5 partitions
00:48:04.387 [data-plane-kafka-request-handler-2] INFO kafka.server.ReplicaFetcherManager -- [ReplicaFetcherManager on broker 0] Removed fetcher for partitions HashSet(__consumer_offsets-4, __consumer_offsets-3, __consumer_offsets-2, __consumer_offsets-0, __consumer_offsets-1)
00:48:04.387 [data-plane-kafka-request-handler-2] INFO state.change.logger -- [Broker id=0] Stopped fetchers as part of LeaderAndIsr request correlationId 3 from controller 0 epoch 1 as part of the become-leader transition for 5 partitions
00:48:04.391 [data-plane-kafka-request-handler-2] INFO kafka.log.UnifiedLog$ -- [LogLoader partition=__consumer_offsets-3, dir=C:\Users\user\AppData\Local\Temp\spring.kafka.d91968cb-7d21-4e92-b6ab-5a2d85f116ab3455532899045201147] Loading producer state till offset 0 with message format version 2
00:48:04.392 [data-plane-kafka-request-handler-2] INFO kafka.log.LogManager -- Created log for partition __consumer_offsets-3 in C:\Users\user\AppData\Local\Temp\spring.kafka.d91968cb-7d21-4e92-b6ab-5a2d85f116ab3455532899045201147\__consumer_offsets-3 with properties {cleanup.policy=compact, compression.type="producer", segment.bytes=104857600}
00:48:04.392 [data-plane-kafka-request-handler-2] INFO kafka.cluster.Partition -- [Partition __consumer_offsets-3 broker=0] No checkpointed highwatermark is found for partition __consumer_offsets-3
00:48:04.392 [data-plane-kafka-request-handler-2] INFO kafka.cluster.Partition -- [Partition __consumer_offsets-3 broker=0] Log loaded for partition __consumer_offsets-3 with initial high watermark 0
00:48:04.392 [data-plane-kafka-request-handler-2] INFO state.change.logger -- [Broker id=0] Leader __consumer_offsets-3 with topic id Some(XQlcj-LNSWC6UEbjLHEMxA) starts at leader epoch 0 from offset 0 with partition epoch 0, high watermark 0, ISR [0], adding replicas [] and removing replicas []. Previous leader epoch was -1.
00:48:04.403 [data-plane-kafka-request-handler-2] INFO kafka.log.UnifiedLog$ -- [LogLoader partition=__consumer_offsets-2, dir=C:\Users\user\AppData\Local\Temp\spring.kafka.d91968cb-7d21-4e92-b6ab-5a2d85f116ab3455532899045201147] Loading producer state till offset 0 with message format version 2
00:48:04.403 [data-plane-kafka-request-handler-2] INFO kafka.log.LogManager -- Created log for partition __consumer_offsets-2 in C:\Users\user\AppData\Local\Temp\spring.kafka.d91968cb-7d21-4e92-b6ab-5a2d85f116ab3455532899045201147\__consumer_offsets-2 with properties {cleanup.policy=compact, compression.type="producer", segment.bytes=104857600}
00:48:04.403 [data-plane-kafka-request-handler-2] INFO kafka.cluster.Partition -- [Partition __consumer_offsets-2 broker=0] No checkpointed highwatermark is found for partition __consumer_offsets-2
00:48:04.403 [data-plane-kafka-request-handler-2] INFO kafka.cluster.Partition -- [Partition __consumer_offsets-2 broker=0] Log loaded for partition __consumer_offsets-2 with initial high watermark 0
00:48:04.403 [data-plane-kafka-request-handler-2] INFO state.change.logger -- [Broker id=0] Leader __consumer_offsets-2 with topic id Some(XQlcj-LNSWC6UEbjLHEMxA) starts at leader epoch 0 from offset 0 with partition epoch 0, high watermark 0, ISR [0], adding replicas [] and removing replicas []. Previous leader epoch was -1.
00:48:04.415 [data-plane-kafka-request-handler-2] INFO kafka.log.UnifiedLog$ -- [LogLoader partition=__consumer_offsets-4, dir=C:\Users\user\AppData\Local\Temp\spring.kafka.d91968cb-7d21-4e92-b6ab-5a2d85f116ab3455532899045201147] Loading producer state till offset 0 with message format version 2
00:48:04.415 [data-plane-kafka-request-handler-2] INFO kafka.log.LogManager -- Created log for partition __consumer_offsets-4 in C:\Users\user\AppData\Local\Temp\spring.kafka.d91968cb-7d21-4e92-b6ab-5a2d85f116ab3455532899045201147\__consumer_offsets-4 with properties {cleanup.policy=compact, compression.type="producer", segment.bytes=104857600}
00:48:04.415 [data-plane-kafka-request-handler-2] INFO kafka.cluster.Partition -- [Partition __consumer_offsets-4 broker=0] No checkpointed highwatermark is found for partition __consumer_offsets-4
00:48:04.415 [data-plane-kafka-request-handler-2] INFO kafka.cluster.Partition -- [Partition __consumer_offsets-4 broker=0] Log loaded for partition __consumer_offsets-4 with initial high watermark 0
00:48:04.415 [data-plane-kafka-request-handler-2] INFO state.change.logger -- [Broker id=0] Leader __consumer_offsets-4 with topic id Some(XQlcj-LNSWC6UEbjLHEMxA) starts at leader epoch 0 from offset 0 with partition epoch 0, high watermark 0, ISR [0], adding replicas [] and removing replicas []. Previous leader epoch was -1.
00:48:04.426 [data-plane-kafka-request-handler-2] INFO kafka.log.UnifiedLog$ -- [LogLoader partition=__consumer_offsets-1, dir=C:\Users\user\AppData\Local\Temp\spring.kafka.d91968cb-7d21-4e92-b6ab-5a2d85f116ab3455532899045201147] Loading producer state till offset 0 with message format version 2
00:48:04.427 [data-plane-kafka-request-handler-2] INFO kafka.log.LogManager -- Created log for partition __consumer_offsets-1 in C:\Users\user\AppData\Local\Temp\spring.kafka.d91968cb-7d21-4e92-b6ab-5a2d85f116ab3455532899045201147\__consumer_offsets-1 with properties {cleanup.policy=compact, compression.type="producer", segment.bytes=104857600}
00:48:04.427 [data-plane-kafka-request-handler-2] INFO kafka.cluster.Partition -- [Partition __consumer_offsets-1 broker=0] No checkpointed highwatermark is found for partition __consumer_offsets-1
00:48:04.427 [data-plane-kafka-request-handler-2] INFO kafka.cluster.Partition -- [Partition __consumer_offsets-1 broker=0] Log loaded for partition __consumer_offsets-1 with initial high watermark 0
00:48:04.427 [data-plane-kafka-request-handler-2] INFO state.change.logger -- [Broker id=0] Leader __consumer_offsets-1 with topic id Some(XQlcj-LNSWC6UEbjLHEMxA) starts at leader epoch 0 from offset 0 with partition epoch 0, high watermark 0, ISR [0], adding replicas [] and removing replicas []. Previous leader epoch was -1.
00:48:04.438 [data-plane-kafka-request-handler-2] INFO kafka.log.UnifiedLog$ -- [LogLoader partition=__consumer_offsets-0, dir=C:\Users\user\AppData\Local\Temp\spring.kafka.d91968cb-7d21-4e92-b6ab-5a2d85f116ab3455532899045201147] Loading producer state till offset 0 with message format version 2
00:48:04.439 [data-plane-kafka-request-handler-2] INFO kafka.log.LogManager -- Created log for partition __consumer_offsets-0 in C:\Users\user\AppData\Local\Temp\spring.kafka.d91968cb-7d21-4e92-b6ab-5a2d85f116ab3455532899045201147\__consumer_offsets-0 with properties {cleanup.policy=compact, compression.type="producer", segment.bytes=104857600}
00:48:04.439 [data-plane-kafka-request-handler-2] INFO kafka.cluster.Partition -- [Partition __consumer_offsets-0 broker=0] No checkpointed highwatermark is found for partition __consumer_offsets-0
00:48:04.439 [data-plane-kafka-request-handler-2] INFO kafka.cluster.Partition -- [Partition __consumer_offsets-0 broker=0] Log loaded for partition __consumer_offsets-0 with initial high watermark 0
00:48:04.439 [data-plane-kafka-request-handler-2] INFO state.change.logger -- [Broker id=0] Leader __consumer_offsets-0 with topic id Some(XQlcj-LNSWC6UEbjLHEMxA) starts at leader epoch 0 from offset 0 with partition epoch 0, high watermark 0, ISR [0], adding replicas [] and removing replicas []. Previous leader epoch was -1.
00:48:04.445 [data-plane-kafka-request-handler-2] INFO kafka.coordinator.group.GroupCoordinator -- [GroupCoordinator 0]: Elected as the group coordinator for partition 3 in epoch 0
00:48:04.446 [data-plane-kafka-request-handler-2] INFO kafka.coordinator.group.GroupMetadataManager -- [GroupMetadataManager brokerId=0] Scheduling loading of offsets and group metadata from __consumer_offsets-3 for epoch 0
00:48:04.446 [data-plane-kafka-request-handler-2] INFO kafka.coordinator.group.GroupCoordinator -- [GroupCoordinator 0]: Elected as the group coordinator for partition 2 in epoch 0
00:48:04.446 [data-plane-kafka-request-handler-2] INFO kafka.coordinator.group.GroupMetadataManager -- [GroupMetadataManager brokerId=0] Scheduling loading of offsets and group metadata from __consumer_offsets-2 for epoch 0
00:48:04.446 [data-plane-kafka-request-handler-2] INFO kafka.coordinator.group.GroupCoordinator -- [GroupCoordinator 0]: Elected as the group coordinator for partition 4 in epoch 0
00:48:04.446 [data-plane-kafka-request-handler-2] INFO kafka.coordinator.group.GroupMetadataManager -- [GroupMetadataManager brokerId=0] Scheduling loading of offsets and group metadata from __consumer_offsets-4 for epoch 0
00:48:04.446 [data-plane-kafka-request-handler-2] INFO kafka.coordinator.group.GroupCoordinator -- [GroupCoordinator 0]: Elected as the group coordinator for partition 1 in epoch 0
00:48:04.446 [data-plane-kafka-request-handler-2] INFO kafka.coordinator.group.GroupMetadataManager -- [GroupMetadataManager brokerId=0] Scheduling loading of offsets and group metadata from __consumer_offsets-1 for epoch 0
00:48:04.446 [data-plane-kafka-request-handler-2] INFO kafka.coordinator.group.GroupCoordinator -- [GroupCoordinator 0]: Elected as the group coordinator for partition 0 in epoch 0
00:48:04.447 [data-plane-kafka-request-handler-2] INFO kafka.coordinator.group.GroupMetadataManager -- [GroupMetadataManager brokerId=0] Scheduling loading of offsets and group metadata from __consumer_offsets-0 for epoch 0
00:48:04.447 [data-plane-kafka-request-handler-2] INFO state.change.logger -- [Broker id=0] Finished LeaderAndIsr request in 61ms correlationId 3 from controller 0 for 5 partitions
00:48:04.448 [data-plane-kafka-request-handler-3] INFO state.change.logger -- [Broker id=0] Add 5 partitions and deleted 0 partitions from metadata cache in response to UpdateMetadata request sent by controller 0 epoch 1 with correlation id 4
00:48:04.449 [group-metadata-manager-0] INFO kafka.coordinator.group.GroupMetadataManager -- [GroupMetadataManager brokerId=0] Finished loading offsets and group metadata from __consumer_offsets-3 in 3 milliseconds for epoch 0, of which 1 milliseconds was spent in the scheduler.
00:48:04.449 [group-metadata-manager-0] INFO kafka.coordinator.group.GroupMetadataManager -- [GroupMetadataManager brokerId=0] Finished loading offsets and group metadata from __consumer_offsets-2 in 3 milliseconds for epoch 0, of which 3 milliseconds was spent in the scheduler.
00:48:04.449 [group-metadata-manager-0] INFO kafka.coordinator.group.GroupMetadataManager -- [GroupMetadataManager brokerId=0] Finished loading offsets and group metadata from __consumer_offsets-4 in 3 milliseconds for epoch 0, of which 3 milliseconds was spent in the scheduler.
00:48:04.449 [group-metadata-manager-0] INFO kafka.coordinator.group.GroupMetadataManager -- [GroupMetadataManager brokerId=0] Finished loading offsets and group metadata from __consumer_offsets-1 in 3 milliseconds for epoch 0, of which 3 milliseconds was spent in the scheduler.
00:48:04.450 [group-metadata-manager-0] INFO kafka.coordinator.group.GroupMetadataManager -- [GroupMetadataManager brokerId=0] Finished loading offsets and group metadata from __consumer_offsets-0 in 3 milliseconds for epoch 0, of which 2 milliseconds was spent in the scheduler.
00:48:04.477 [Test worker] INFO org.apache.kafka.clients.consumer.internals.ConsumerCoordinator -- [Consumer clientId=consumer-test-group-1, groupId=test-group] Discovered group coordinator localhost:53227 (id: 2147483647 rack: null)
00:48:04.480 [Test worker] INFO org.apache.kafka.clients.consumer.internals.ConsumerCoordinator -- [Consumer clientId=consumer-test-group-1, groupId=test-group] (Re-)joining group
00:48:04.489 [data-plane-kafka-request-handler-7] INFO kafka.coordinator.group.GroupCoordinator -- [GroupCoordinator 0]: Dynamic member with unknown member id joins group test-group in Empty state. Created a new member id consumer-test-group-1-4e240bad-0408-4b1c-99a3-e068ffaccc66 and request the member to rejoin with this id.
00:48:04.491 [Test worker] INFO org.apache.kafka.clients.consumer.internals.ConsumerCoordinator -- [Consumer clientId=consumer-test-group-1, groupId=test-group] Request joining group due to: need to re-join with the given member-id: consumer-test-group-1-4e240bad-0408-4b1c-99a3-e068ffaccc66
00:48:04.491 [Test worker] INFO org.apache.kafka.clients.consumer.internals.ConsumerCoordinator -- [Consumer clientId=consumer-test-group-1, groupId=test-group] Request joining group due to: rebalance failed due to 'The group member needs to have a valid member id before actually entering a consumer group.' (MemberIdRequiredException)
00:48:04.491 [Test worker] INFO org.apache.kafka.clients.consumer.internals.ConsumerCoordinator -- [Consumer clientId=consumer-test-group-1, groupId=test-group] (Re-)joining group
00:48:04.494 [data-plane-kafka-request-handler-0] INFO kafka.coordinator.group.GroupCoordinator -- [GroupCoordinator 0]: Preparing to rebalance group test-group in state PreparingRebalance with old generation 0 (__consumer_offsets-2) (reason: Adding new member consumer-test-group-1-4e240bad-0408-4b1c-99a3-e068ffaccc66 with group instance id None; client reason: rebalance failed due to MemberIdRequiredException)
00:48:04.498 [executor-Rebalance] INFO kafka.coordinator.group.GroupCoordinator -- [GroupCoordinator 0]: Stabilized group test-group generation 1 (__consumer_offsets-2) with 1 members
00:48:04.499 [Test worker] INFO org.apache.kafka.clients.consumer.internals.ConsumerCoordinator -- [Consumer clientId=consumer-test-group-1, groupId=test-group] Successfully joined group with generation Generation{generationId=1, memberId='consumer-test-group-1-4e240bad-0408-4b1c-99a3-e068ffaccc66', protocol='range'}
00:48:04.500 [Test worker] INFO org.apache.kafka.clients.consumer.internals.ConsumerCoordinator -- [Consumer clientId=consumer-test-group-1, groupId=test-group] Finished assignment for group at generation 1: {consumer-test-group-1-4e240bad-0408-4b1c-99a3-e068ffaccc66=Assignment(partitions=[audio-packet-topic-0])}
00:48:04.503 [data-plane-kafka-request-handler-2] INFO kafka.coordinator.group.GroupCoordinator -- [GroupCoordinator 0]: Assignment received from leader consumer-test-group-1-4e240bad-0408-4b1c-99a3-e068ffaccc66 for group test-group for generation 1. The group has 1 members, 0 of which are static.
00:48:04.509 [Test worker] INFO org.apache.kafka.clients.consumer.internals.ConsumerCoordinator -- [Consumer clientId=consumer-test-group-1, groupId=test-group] Successfully synced group in generation Generation{generationId=1, memberId='consumer-test-group-1-4e240bad-0408-4b1c-99a3-e068ffaccc66', protocol='range'}
00:48:04.509 [Test worker] INFO org.apache.kafka.clients.consumer.internals.ConsumerCoordinator -- [Consumer clientId=consumer-test-group-1, groupId=test-group] Notifying assignor about the new Assignment(partitions=[audio-packet-topic-0])
00:48:04.512 [Test worker] INFO org.apache.kafka.clients.consumer.internals.ConsumerCoordinator -- [Consumer clientId=consumer-test-group-1, groupId=test-group] Adding newly assigned partitions: audio-packet-topic-0
00:48:04.519 [Test worker] INFO org.apache.kafka.clients.consumer.internals.ConsumerCoordinator -- [Consumer clientId=consumer-test-group-1, groupId=test-group] Found no committed offset for partition audio-packet-topic-0
00:48:04.526 [Test worker] INFO org.apache.kafka.clients.consumer.internals.SubscriptionState -- [Consumer clientId=consumer-test-group-1, groupId=test-group] Resetting offset for partition audio-packet-topic-0 to position FetchPosition{offset=0, offsetEpoch=Optional.empty, currentLeader=LeaderAndEpoch{leader=Optional[localhost:53227 (id: 0 rack: null)], epoch=0}}.
00:48:04.565 [Test worker] INFO org.apache.kafka.clients.consumer.internals.ConsumerCoordinator -- [Consumer clientId=consumer-test-group-1, groupId=test-group] Revoke previously assigned partitions audio-packet-topic-0
00:48:04.566 [Test worker] INFO org.apache.kafka.clients.consumer.internals.ConsumerCoordinator -- [Consumer clientId=consumer-test-group-1, groupId=test-group] Member consumer-test-group-1-4e240bad-0408-4b1c-99a3-e068ffaccc66 sending LeaveGroup request to coordinator localhost:53227 (id: 2147483647 rack: null) due to the consumer is being closed
00:48:04.566 [Test worker] INFO org.apache.kafka.clients.consumer.internals.ConsumerCoordinator -- [Consumer clientId=consumer-test-group-1, groupId=test-group] Resetting generation and member id due to: consumer pro-actively leaving the group
00:48:04.566 [Test worker] INFO org.apache.kafka.clients.consumer.internals.ConsumerCoordinator -- [Consumer clientId=consumer-test-group-1, groupId=test-group] Request joining group due to: consumer pro-actively leaving the group
00:48:04.568 [data-plane-kafka-request-handler-7] INFO kafka.coordinator.group.GroupCoordinator -- [GroupCoordinator 0]: Preparing to rebalance group test-group in state PreparingRebalance with old generation 1 (__consumer_offsets-2) (reason: Removing member consumer-test-group-1-4e240bad-0408-4b1c-99a3-e068ffaccc66 on LeaveGroup; client reason: the consumer is being closed)
00:48:04.568 [data-plane-kafka-request-handler-7] INFO kafka.coordinator.group.GroupCoordinator -- [GroupCoordinator 0]: Group test-group with generation 2 is now empty (__consumer_offsets-2)
00:48:04.570 [data-plane-kafka-request-handler-7] INFO kafka.coordinator.group.GroupCoordinator -- [GroupCoordinator 0]: Member MemberMetadata(memberId=consumer-test-group-1-4e240bad-0408-4b1c-99a3-e068ffaccc66, groupInstanceId=None, clientId=consumer-test-group-1, clientHost=/127.0.0.1, sessionTimeoutMs=45000, rebalanceTimeoutMs=300000, supportedProtocols=List(range, cooperative-sticky)) has left group test-group through explicit `LeaveGroup`; client reason: the consumer is being closed
00:48:04.572 [Test worker] INFO org.apache.kafka.common.metrics.Metrics -- Metrics scheduler closed
00:48:04.572 [Test worker] INFO org.apache.kafka.common.metrics.Metrics -- Closing reporter org.apache.kafka.common.metrics.JmxReporter
00:48:04.572 [Test worker] INFO org.apache.kafka.common.metrics.Metrics -- Metrics reporters closed
00:48:04.573 [Test worker] INFO org.apache.kafka.common.utils.AppInfoParser -- App info kafka.consumer for consumer-test-group-1 unregistered
Consumed record: key = test-session, value length = 5120 bytes
First 20 bytes: C3 96 B0 34 F7 A5 75 EE 8C F6 EE 30 3E 7B BD 6A 11 48 D1 A9 
00:48:04.574 [Test worker] INFO kafka.server.KafkaServer -- [KafkaServer id=0] shutting down
00:48:04.575 [Test worker] INFO kafka.common.ZkNodeChangeNotificationListener$ChangeEventProcessThread -- [/config/changes-event-process-thread]: Shutting down
00:48:04.575 [/config/changes-event-process-thread] INFO kafka.common.ZkNodeChangeNotificationListener$ChangeEventProcessThread -- [/config/changes-event-process-thread]: Stopped
00:48:04.575 [Test worker] INFO kafka.common.ZkNodeChangeNotificationListener$ChangeEventProcessThread -- [/config/changes-event-process-thread]: Shutdown completed
00:48:04.575 [Test worker] INFO kafka.network.SocketServer -- [SocketServer listenerType=ZK_BROKER, nodeId=0] Stopping socket server request processors
00:48:04.579 [BrokerToControllerChannelManager broker=0 name=forwarding] INFO org.apache.kafka.clients.NetworkClient -- [BrokerToControllerChannelManager broker=0 name=forwarding] Node 0 disconnected.
00:48:04.581 [Test worker] INFO kafka.network.SocketServer -- [SocketServer listenerType=ZK_BROKER, nodeId=0] Stopped socket server request processors
00:48:04.581 [Test worker] INFO kafka.server.KafkaRequestHandlerPool -- [data-plane Kafka Request Handler on Broker 0], shutting down
00:48:04.582 [Test worker] INFO kafka.server.KafkaRequestHandlerPool -- [data-plane Kafka Request Handler on Broker 0], shut down completely
00:48:04.583 [Test worker] INFO kafka.server.DelayedOperationPurgatory$ExpiredOperationReaper -- [ExpirationReaper-0-AlterAcls]: Shutting down
00:48:04.584 [Test worker] INFO kafka.server.DelayedOperationPurgatory$ExpiredOperationReaper -- [ExpirationReaper-0-AlterAcls]: Shutdown completed
00:48:04.584 [ExpirationReaper-0-AlterAcls] INFO kafka.server.DelayedOperationPurgatory$ExpiredOperationReaper -- [ExpirationReaper-0-AlterAcls]: Stopped
00:48:04.584 [Test worker] INFO kafka.server.KafkaApis -- [KafkaApi-0] Shutdown complete.
00:48:04.584 [Test worker] INFO kafka.server.DelayedOperationPurgatory$ExpiredOperationReaper -- [ExpirationReaper-0-topic]: Shutting down
00:48:04.585 [ExpirationReaper-0-topic] INFO kafka.server.DelayedOperationPurgatory$ExpiredOperationReaper -- [ExpirationReaper-0-topic]: Stopped
00:48:04.585 [Test worker] INFO kafka.server.DelayedOperationPurgatory$ExpiredOperationReaper -- [ExpirationReaper-0-topic]: Shutdown completed
00:48:04.585 [Test worker] INFO kafka.coordinator.transaction.TransactionCoordinator -- [TransactionCoordinator id=0] Shutting down.
00:48:04.585 [Test worker] INFO kafka.coordinator.transaction.TransactionStateManager -- [Transaction State Manager 0]: Shutdown complete
00:48:04.585 [Test worker] INFO kafka.coordinator.transaction.TransactionMarkerChannelManager -- [Transaction Marker Channel Manager 0]: Shutting down
00:48:04.586 [TxnMarkerSenderThread-0] INFO kafka.coordinator.transaction.TransactionMarkerChannelManager -- [Transaction Marker Channel Manager 0]: Stopped
00:48:04.586 [Test worker] INFO kafka.coordinator.transaction.TransactionMarkerChannelManager -- [Transaction Marker Channel Manager 0]: Shutdown completed
00:48:04.586 [Test worker] INFO kafka.coordinator.transaction.TransactionCoordinator -- [TransactionCoordinator id=0] Shutdown complete.
00:48:04.586 [Test worker] INFO kafka.coordinator.group.GroupCoordinator -- [GroupCoordinator 0]: Shutting down.
00:48:04.586 [Test worker] INFO kafka.server.DelayedOperationPurgatory$ExpiredOperationReaper -- [ExpirationReaper-0-Heartbeat]: Shutting down
00:48:04.586 [ExpirationReaper-0-Heartbeat] INFO kafka.server.DelayedOperationPurgatory$ExpiredOperationReaper -- [ExpirationReaper-0-Heartbeat]: Stopped
00:48:04.586 [Test worker] INFO kafka.server.DelayedOperationPurgatory$ExpiredOperationReaper -- [ExpirationReaper-0-Heartbeat]: Shutdown completed
00:48:04.587 [Test worker] INFO kafka.server.DelayedOperationPurgatory$ExpiredOperationReaper -- [ExpirationReaper-0-Rebalance]: Shutting down
00:48:04.587 [ExpirationReaper-0-Rebalance] INFO kafka.server.DelayedOperationPurgatory$ExpiredOperationReaper -- [ExpirationReaper-0-Rebalance]: Stopped
00:48:04.587 [Test worker] INFO kafka.server.DelayedOperationPurgatory$ExpiredOperationReaper -- [ExpirationReaper-0-Rebalance]: Shutdown completed
00:48:04.587 [Test worker] INFO kafka.coordinator.group.GroupCoordinator -- [GroupCoordinator 0]: Shutdown complete.
00:48:04.587 [Test worker] INFO kafka.server.ReplicaManager -- [ReplicaManager broker=0] Shutting down
00:48:04.587 [Test worker] INFO kafka.server.ReplicaManager$LogDirFailureHandler -- [LogDirFailureHandler]: Shutting down
00:48:04.587 [LogDirFailureHandler] INFO kafka.server.ReplicaManager$LogDirFailureHandler -- [LogDirFailureHandler]: Stopped
00:48:04.587 [Test worker] INFO kafka.server.ReplicaManager$LogDirFailureHandler -- [LogDirFailureHandler]: Shutdown completed
00:48:04.587 [Test worker] INFO kafka.server.ReplicaFetcherManager -- [ReplicaFetcherManager on broker 0] shutting down
00:48:04.588 [Test worker] INFO kafka.server.ReplicaFetcherManager -- [ReplicaFetcherManager on broker 0] shutdown completed
00:48:04.588 [Test worker] INFO kafka.server.ReplicaAlterLogDirsManager -- [ReplicaAlterLogDirsManager on broker 0] shutting down
00:48:04.588 [Test worker] INFO kafka.server.ReplicaAlterLogDirsManager -- [ReplicaAlterLogDirsManager on broker 0] shutdown completed
00:48:04.588 [Test worker] INFO kafka.server.DelayedOperationPurgatory$ExpiredOperationReaper -- [ExpirationReaper-0-Fetch]: Shutting down
00:48:04.588 [ExpirationReaper-0-Fetch] INFO kafka.server.DelayedOperationPurgatory$ExpiredOperationReaper -- [ExpirationReaper-0-Fetch]: Stopped
00:48:04.588 [Test worker] INFO kafka.server.DelayedOperationPurgatory$ExpiredOperationReaper -- [ExpirationReaper-0-Fetch]: Shutdown completed
00:48:04.588 [Test worker] INFO kafka.server.DelayedOperationPurgatory$ExpiredOperationReaper -- [ExpirationReaper-0-Produce]: Shutting down
00:48:04.589 [Test worker] INFO kafka.server.DelayedOperationPurgatory$ExpiredOperationReaper -- [ExpirationReaper-0-Produce]: Shutdown completed
00:48:04.589 [ExpirationReaper-0-Produce] INFO kafka.server.DelayedOperationPurgatory$ExpiredOperationReaper -- [ExpirationReaper-0-Produce]: Stopped
00:48:04.589 [Test worker] INFO kafka.server.DelayedOperationPurgatory$ExpiredOperationReaper -- [ExpirationReaper-0-DeleteRecords]: Shutting down
00:48:04.589 [Test worker] INFO kafka.server.DelayedOperationPurgatory$ExpiredOperationReaper -- [ExpirationReaper-0-DeleteRecords]: Shutdown completed
00:48:04.589 [ExpirationReaper-0-DeleteRecords] INFO kafka.server.DelayedOperationPurgatory$ExpiredOperationReaper -- [ExpirationReaper-0-DeleteRecords]: Stopped
00:48:04.589 [Test worker] INFO kafka.server.DelayedOperationPurgatory$ExpiredOperationReaper -- [ExpirationReaper-0-ElectLeader]: Shutting down
00:48:04.589 [Test worker] INFO kafka.server.DelayedOperationPurgatory$ExpiredOperationReaper -- [ExpirationReaper-0-ElectLeader]: Shutdown completed
00:48:04.589 [ExpirationReaper-0-ElectLeader] INFO kafka.server.DelayedOperationPurgatory$ExpiredOperationReaper -- [ExpirationReaper-0-ElectLeader]: Stopped
00:48:04.595 [Test worker] INFO kafka.server.ReplicaManager -- [ReplicaManager broker=0] Shut down completely
00:48:04.596 [Test worker] INFO kafka.server.BrokerToControllerRequestThread -- [BrokerToControllerChannelManager broker=0 name=alterPartition]: Shutting down
00:48:04.596 [BrokerToControllerChannelManager broker=0 name=alterPartition] INFO kafka.server.BrokerToControllerRequestThread -- [BrokerToControllerChannelManager broker=0 name=alterPartition]: Stopped
00:48:04.596 [Test worker] INFO kafka.server.BrokerToControllerRequestThread -- [BrokerToControllerChannelManager broker=0 name=alterPartition]: Shutdown completed
00:48:04.597 [Test worker] INFO kafka.server.BrokerToControllerChannelManagerImpl -- Broker to controller channel manager for alterPartition shutdown
00:48:04.597 [Test worker] INFO kafka.server.BrokerToControllerRequestThread -- [BrokerToControllerChannelManager broker=0 name=forwarding]: Shutting down
00:48:04.597 [BrokerToControllerChannelManager broker=0 name=forwarding] INFO kafka.server.BrokerToControllerRequestThread -- [BrokerToControllerChannelManager broker=0 name=forwarding]: Stopped
00:48:04.597 [Test worker] INFO kafka.server.BrokerToControllerRequestThread -- [BrokerToControllerChannelManager broker=0 name=forwarding]: Shutdown completed
00:48:04.597 [Test worker] INFO kafka.server.BrokerToControllerChannelManagerImpl -- Broker to controller channel manager for forwarding shutdown
00:48:04.597 [Test worker] INFO kafka.log.LogManager -- Shutting down.
00:48:04.598 [Test worker] INFO kafka.log.LogCleaner -- Shutting down the log cleaner.
00:48:04.598 [Test worker] INFO kafka.log.LogCleaner -- [kafka-log-cleaner-thread-0]: Shutting down
00:48:04.599 [kafka-log-cleaner-thread-0] INFO kafka.log.LogCleaner -- [kafka-log-cleaner-thread-0]: Stopped
00:48:04.599 [Test worker] INFO kafka.log.LogCleaner -- [kafka-log-cleaner-thread-0]: Shutdown completed
00:48:04.634 [log-closing-C:\Users\user\AppData\Local\Temp\spring.kafka.d91968cb-7d21-4e92-b6ab-5a2d85f116ab3455532899045201147] INFO kafka.log.ProducerStateManager -- [ProducerStateManager partition=audio-packet-topic-0] Wrote producer snapshot at offset 1 with 1 producer ids in 5 ms.
00:48:04.645 [log-closing-C:\Users\user\AppData\Local\Temp\spring.kafka.d91968cb-7d21-4e92-b6ab-5a2d85f116ab3455532899045201147] INFO kafka.log.ProducerStateManager -- [ProducerStateManager partition=__consumer_offsets-2] Wrote producer snapshot at offset 3 with 0 producer ids in 5 ms.
00:48:04.661 [Test worker] INFO kafka.log.LogManager -- Shutdown complete.
00:48:04.661 [Test worker] INFO kafka.controller.ControllerEventManager$ControllerEventThread -- [ControllerEventThread controllerId=0] Shutting down
00:48:04.661 [Test worker] INFO kafka.controller.ControllerEventManager$ControllerEventThread -- [ControllerEventThread controllerId=0] Shutdown completed
00:48:04.661 [controller-event-thread] INFO kafka.controller.ControllerEventManager$ControllerEventThread -- [ControllerEventThread controllerId=0] Stopped
00:48:04.662 [Test worker] INFO kafka.controller.ZkPartitionStateMachine -- [PartitionStateMachine controllerId=0] Stopped partition state machine
00:48:04.662 [Test worker] INFO kafka.controller.ZkReplicaStateMachine -- [ReplicaStateMachine controllerId=0] Stopped replica state machine
00:48:04.663 [Test worker] INFO kafka.controller.RequestSendThread -- [RequestSendThread controllerId=0] Shutting down
00:48:04.663 [Test worker] INFO kafka.controller.RequestSendThread -- [RequestSendThread controllerId=0] Shutdown completed
00:48:04.663 [Controller-0-to-broker-0-send-thread] INFO kafka.controller.RequestSendThread -- [RequestSendThread controllerId=0] Stopped
00:48:04.664 [Test worker] INFO kafka.controller.KafkaController -- [Controller id=0] Resigned
00:48:04.664 [Test worker] INFO kafka.server.FinalizedFeatureChangeListener$ChangeNotificationProcessorThread -- [feature-zk-node-event-process-thread]: Shutting down
00:48:04.664 [feature-zk-node-event-process-thread] INFO kafka.server.FinalizedFeatureChangeListener$ChangeNotificationProcessorThread -- [feature-zk-node-event-process-thread]: Stopped
00:48:04.664 [Test worker] INFO kafka.server.FinalizedFeatureChangeListener$ChangeNotificationProcessorThread -- [feature-zk-node-event-process-thread]: Shutdown completed
00:48:04.665 [Test worker] INFO kafka.zookeeper.ZooKeeperClient -- [ZooKeeperClient Kafka server] Closing.
00:48:04.768 [Test worker] INFO org.apache.zookeeper.ZooKeeper -- Session: 0x100053a911a0000 closed
00:48:04.768 [Test worker-EventThread] INFO org.apache.zookeeper.ClientCnxn -- EventThread shut down for session: 0x100053a911a0000
00:48:04.769 [Test worker] INFO kafka.zookeeper.ZooKeeperClient -- [ZooKeeperClient Kafka server] Closed.
00:48:04.769 [Test worker] INFO kafka.server.ClientQuotaManager$ThrottledChannelReaper -- [ThrottledChannelReaper-Fetch]: Shutting down
00:48:04.770 [ThrottledChannelReaper-Fetch] INFO kafka.server.ClientQuotaManager$ThrottledChannelReaper -- [ThrottledChannelReaper-Fetch]: Stopped
00:48:04.770 [Test worker] INFO kafka.server.ClientQuotaManager$ThrottledChannelReaper -- [ThrottledChannelReaper-Fetch]: Shutdown completed
00:48:04.770 [Test worker] INFO kafka.server.ClientQuotaManager$ThrottledChannelReaper -- [ThrottledChannelReaper-Produce]: Shutting down
00:48:04.770 [ThrottledChannelReaper-Produce] INFO kafka.server.ClientQuotaManager$ThrottledChannelReaper -- [ThrottledChannelReaper-Produce]: Stopped
00:48:04.770 [Test worker] INFO kafka.server.ClientQuotaManager$ThrottledChannelReaper -- [ThrottledChannelReaper-Produce]: Shutdown completed
00:48:04.770 [Test worker] INFO kafka.server.ClientQuotaManager$ThrottledChannelReaper -- [ThrottledChannelReaper-Request]: Shutting down
00:48:04.770 [ThrottledChannelReaper-Request] INFO kafka.server.ClientQuotaManager$ThrottledChannelReaper -- [ThrottledChannelReaper-Request]: Stopped
00:48:04.770 [Test worker] INFO kafka.server.ClientQuotaManager$ThrottledChannelReaper -- [ThrottledChannelReaper-Request]: Shutdown completed
00:48:04.770 [Test worker] INFO kafka.server.ClientQuotaManager$ThrottledChannelReaper -- [ThrottledChannelReaper-ControllerMutation]: Shutting down
00:48:04.770 [ThrottledChannelReaper-ControllerMutation] INFO kafka.server.ClientQuotaManager$ThrottledChannelReaper -- [ThrottledChannelReaper-ControllerMutation]: Stopped
00:48:04.770 [Test worker] INFO kafka.server.ClientQuotaManager$ThrottledChannelReaper -- [ThrottledChannelReaper-ControllerMutation]: Shutdown completed
00:48:04.771 [Test worker] INFO kafka.network.SocketServer -- [SocketServer listenerType=ZK_BROKER, nodeId=0] Shutting down socket server
00:48:04.778 [Test worker] INFO kafka.network.SocketServer -- [SocketServer listenerType=ZK_BROKER, nodeId=0] Shutdown completed
00:48:04.779 [Test worker] INFO org.apache.kafka.common.metrics.Metrics -- Metrics scheduler closed
00:48:04.779 [Test worker] INFO org.apache.kafka.common.metrics.Metrics -- Closing reporter org.apache.kafka.common.metrics.JmxReporter
00:48:04.779 [Test worker] INFO org.apache.kafka.common.metrics.Metrics -- Metrics reporters closed
00:48:04.780 [Test worker] INFO kafka.server.BrokerTopicStats -- Broker and topic stats closed
00:48:04.780 [Test worker] INFO org.apache.kafka.common.utils.AppInfoParser -- App info kafka.server for 0 unregistered
00:48:04.780 [Test worker] INFO kafka.server.KafkaServer -- [KafkaServer id=0] shut down completed
00:48:04.792 [ConnnectionExpirer] INFO org.apache.zookeeper.server.NIOServerCnxnFactory -- ConnnectionExpirerThread interrupted
00:48:04.792 [NIOServerCxnFactory.SelectorThread-2] INFO org.apache.zookeeper.server.NIOServerCnxnFactory -- selector thread exitted run method
00:48:04.792 [NIOServerCxnFactory.AcceptThread:/127.0.0.1:0] INFO org.apache.zookeeper.server.NIOServerCnxnFactory -- accept thread exitted run method
00:48:04.792 [NIOServerCxnFactory.SelectorThread-1] INFO org.apache.zookeeper.server.NIOServerCnxnFactory -- selector thread exitted run method
00:48:04.793 [NIOServerCxnFactory.SelectorThread-0] INFO org.apache.zookeeper.server.NIOServerCnxnFactory -- selector thread exitted run method
00:48:04.793 [Test worker] INFO org.apache.zookeeper.server.ZooKeeperServer -- shutting down
00:48:04.793 [Test worker] INFO org.apache.zookeeper.server.RequestThrottler -- Shutting down
00:48:04.793 [RequestThrottler] INFO org.apache.zookeeper.server.RequestThrottler -- Draining request throttler queue
00:48:04.793 [RequestThrottler] INFO org.apache.zookeeper.server.RequestThrottler -- RequestThrottler shutdown. Dropped 0 requests
00:48:04.793 [Test worker] INFO org.apache.zookeeper.server.SessionTrackerImpl -- Shutting down
00:48:04.793 [Test worker] INFO org.apache.zookeeper.server.PrepRequestProcessor -- Shutting down
00:48:04.793 [Test worker] INFO org.apache.zookeeper.server.SyncRequestProcessor -- Shutting down
00:48:04.793 [ProcessThread(sid:0 cport:53224):] INFO org.apache.zookeeper.server.PrepRequestProcessor -- PrepRequestProcessor exited loop!
00:48:04.793 [SyncThread:0] INFO org.apache.zookeeper.server.SyncRequestProcessor -- SyncRequestProcessor exited!
00:48:04.793 [Test worker] INFO org.apache.zookeeper.server.FinalRequestProcessor -- shutdown of request processor complete
]]></system-out>
  <system-err><![CDATA[]]></system-err>
</testsuite>
