<?xml version="1.0" encoding="UTF-8"?>
<testsuite name="com.flink.practice.test.AudioConsumeTest" tests="1" skipped="0" failures="0" errors="0" timestamp="2025-03-09T10:52:52" hostname="DESKTOP-FTHIR2G" time="0.296">
  <properties/>
  <testcase name="testAudioPacketConsumption(EmbeddedKafkaBroker)" classname="com.flink.practice.test.AudioConsumeTest" time="0.296"/>
  <system-out><![CDATA[19:52:52.029 [Test worker] INFO org.apache.kafka.clients.producer.ProducerConfig -- ProducerConfig values: 
	acks = -1
	auto.include.jmx.reporter = true
	batch.size = 16384
	bootstrap.servers = [127.0.0.1:58206]
	buffer.memory = 33554432
	client.dns.lookup = use_all_dns_ips
	client.id = producer-1
	compression.type = none
	connections.max.idle.ms = 540000
	delivery.timeout.ms = 120000
	enable.idempotence = true
	interceptor.classes = []
	key.serializer = class org.apache.kafka.common.serialization.StringSerializer
	linger.ms = 0
	max.block.ms = 60000
	max.in.flight.requests.per.connection = 5
	max.request.size = 1048576
	metadata.max.age.ms = 300000
	metadata.max.idle.ms = 300000
	metric.reporters = []
	metrics.num.samples = 2
	metrics.recording.level = INFO
	metrics.sample.window.ms = 30000
	partitioner.adaptive.partitioning.enable = true
	partitioner.availability.timeout.ms = 0
	partitioner.class = null
	partitioner.ignore.keys = false
	receive.buffer.bytes = 32768
	reconnect.backoff.max.ms = 1000
	reconnect.backoff.ms = 50
	request.timeout.ms = 30000
	retries = 2147483647
	retry.backoff.ms = 100
	sasl.client.callback.handler.class = null
	sasl.jaas.config = null
	sasl.kerberos.kinit.cmd = /usr/bin/kinit
	sasl.kerberos.min.time.before.relogin = 60000
	sasl.kerberos.service.name = null
	sasl.kerberos.ticket.renew.jitter = 0.05
	sasl.kerberos.ticket.renew.window.factor = 0.8
	sasl.login.callback.handler.class = null
	sasl.login.class = null
	sasl.login.connect.timeout.ms = null
	sasl.login.read.timeout.ms = null
	sasl.login.refresh.buffer.seconds = 300
	sasl.login.refresh.min.period.seconds = 60
	sasl.login.refresh.window.factor = 0.8
	sasl.login.refresh.window.jitter = 0.05
	sasl.login.retry.backoff.max.ms = 10000
	sasl.login.retry.backoff.ms = 100
	sasl.mechanism = GSSAPI
	sasl.oauthbearer.clock.skew.seconds = 30
	sasl.oauthbearer.expected.audience = null
	sasl.oauthbearer.expected.issuer = null
	sasl.oauthbearer.jwks.endpoint.refresh.ms = 3600000
	sasl.oauthbearer.jwks.endpoint.retry.backoff.max.ms = 10000
	sasl.oauthbearer.jwks.endpoint.retry.backoff.ms = 100
	sasl.oauthbearer.jwks.endpoint.url = null
	sasl.oauthbearer.scope.claim.name = scope
	sasl.oauthbearer.sub.claim.name = sub
	sasl.oauthbearer.token.endpoint.url = null
	security.protocol = PLAINTEXT
	security.providers = null
	send.buffer.bytes = 131072
	socket.connection.setup.timeout.max.ms = 30000
	socket.connection.setup.timeout.ms = 10000
	ssl.cipher.suites = null
	ssl.enabled.protocols = [TLSv1.2, TLSv1.3]
	ssl.endpoint.identification.algorithm = https
	ssl.engine.factory.class = null
	ssl.key.password = null
	ssl.keymanager.algorithm = SunX509
	ssl.keystore.certificate.chain = null
	ssl.keystore.key = null
	ssl.keystore.location = null
	ssl.keystore.password = null
	ssl.keystore.type = JKS
	ssl.protocol = TLSv1.3
	ssl.provider = null
	ssl.secure.random.implementation = null
	ssl.trustmanager.algorithm = PKIX
	ssl.truststore.certificates = null
	ssl.truststore.location = null
	ssl.truststore.password = null
	ssl.truststore.type = JKS
	transaction.timeout.ms = 60000
	transactional.id = null
	value.serializer = class org.apache.kafka.common.serialization.ByteArraySerializer

19:52:52.033 [Test worker] INFO org.apache.kafka.clients.producer.KafkaProducer -- [Producer clientId=producer-1] Instantiated an idempotent producer.
19:52:52.043 [Test worker] INFO org.apache.kafka.common.utils.AppInfoParser -- Kafka version: 3.4.1
19:52:52.043 [Test worker] INFO org.apache.kafka.common.utils.AppInfoParser -- Kafka commitId: 8a516edc2755df89
19:52:52.043 [Test worker] INFO org.apache.kafka.common.utils.AppInfoParser -- Kafka startTimeMs: 1741517572043
19:52:52.052 [kafka-producer-network-thread | producer-1] INFO org.apache.kafka.clients.Metadata -- [Producer clientId=producer-1] Resetting the last seen epoch of partition audio-packet-topic-0 to 0 since the associated topicId changed from null to BYKFtKkfQhijf4iwhN70pQ
19:52:52.053 [kafka-producer-network-thread | producer-1] INFO org.apache.kafka.clients.Metadata -- [Producer clientId=producer-1] Cluster ID: Eg5y8QXASgea0GTuWSw4gw
19:52:52.058 [controller-event-thread] INFO kafka.controller.KafkaController -- [Controller id=0] Acquired new producerId block ProducerIdsBlock(assignedBrokerId=0, firstProducerId=0, size=1000) by writing to Zk with path version 1
19:52:52.060 [kafka-producer-network-thread | producer-1] INFO org.apache.kafka.clients.producer.internals.TransactionManager -- [Producer clientId=producer-1] ProducerId set to 0 with epoch 0
19:52:52.060 [Test worker] INFO org.apache.kafka.clients.producer.KafkaProducer -- [Producer clientId=producer-1] Closing the Kafka producer with timeoutMillis = 9223372036854775807 ms.
19:52:52.095 [Test worker] INFO org.apache.kafka.common.metrics.Metrics -- Metrics scheduler closed
19:52:52.095 [Test worker] INFO org.apache.kafka.common.metrics.Metrics -- Closing reporter org.apache.kafka.common.metrics.JmxReporter
19:52:52.095 [Test worker] INFO org.apache.kafka.common.metrics.Metrics -- Metrics reporters closed
19:52:52.095 [Test worker] INFO org.apache.kafka.common.utils.AppInfoParser -- App info kafka.producer for producer-1 unregistered
19:52:52.099 [Test worker] INFO org.apache.kafka.clients.consumer.ConsumerConfig -- ConsumerConfig values: 
	allow.auto.create.topics = true
	auto.commit.interval.ms = 5000
	auto.include.jmx.reporter = true
	auto.offset.reset = earliest
	bootstrap.servers = [127.0.0.1:58206]
	check.crcs = true
	client.dns.lookup = use_all_dns_ips
	client.id = consumer-test-group-1
	client.rack = 
	connections.max.idle.ms = 540000
	default.api.timeout.ms = 60000
	enable.auto.commit = true
	exclude.internal.topics = true
	fetch.max.bytes = 52428800
	fetch.max.wait.ms = 500
	fetch.min.bytes = 1
	group.id = test-group
	group.instance.id = null
	heartbeat.interval.ms = 3000
	interceptor.classes = []
	internal.leave.group.on.close = true
	internal.throw.on.fetch.stable.offset.unsupported = false
	isolation.level = read_uncommitted
	key.deserializer = class org.apache.kafka.common.serialization.StringDeserializer
	max.partition.fetch.bytes = 1048576
	max.poll.interval.ms = 300000
	max.poll.records = 500
	metadata.max.age.ms = 300000
	metric.reporters = []
	metrics.num.samples = 2
	metrics.recording.level = INFO
	metrics.sample.window.ms = 30000
	partition.assignment.strategy = [class org.apache.kafka.clients.consumer.RangeAssignor, class org.apache.kafka.clients.consumer.CooperativeStickyAssignor]
	receive.buffer.bytes = 65536
	reconnect.backoff.max.ms = 1000
	reconnect.backoff.ms = 50
	request.timeout.ms = 30000
	retry.backoff.ms = 100
	sasl.client.callback.handler.class = null
	sasl.jaas.config = null
	sasl.kerberos.kinit.cmd = /usr/bin/kinit
	sasl.kerberos.min.time.before.relogin = 60000
	sasl.kerberos.service.name = null
	sasl.kerberos.ticket.renew.jitter = 0.05
	sasl.kerberos.ticket.renew.window.factor = 0.8
	sasl.login.callback.handler.class = null
	sasl.login.class = null
	sasl.login.connect.timeout.ms = null
	sasl.login.read.timeout.ms = null
	sasl.login.refresh.buffer.seconds = 300
	sasl.login.refresh.min.period.seconds = 60
	sasl.login.refresh.window.factor = 0.8
	sasl.login.refresh.window.jitter = 0.05
	sasl.login.retry.backoff.max.ms = 10000
	sasl.login.retry.backoff.ms = 100
	sasl.mechanism = GSSAPI
	sasl.oauthbearer.clock.skew.seconds = 30
	sasl.oauthbearer.expected.audience = null
	sasl.oauthbearer.expected.issuer = null
	sasl.oauthbearer.jwks.endpoint.refresh.ms = 3600000
	sasl.oauthbearer.jwks.endpoint.retry.backoff.max.ms = 10000
	sasl.oauthbearer.jwks.endpoint.retry.backoff.ms = 100
	sasl.oauthbearer.jwks.endpoint.url = null
	sasl.oauthbearer.scope.claim.name = scope
	sasl.oauthbearer.sub.claim.name = sub
	sasl.oauthbearer.token.endpoint.url = null
	security.protocol = PLAINTEXT
	security.providers = null
	send.buffer.bytes = 131072
	session.timeout.ms = 45000
	socket.connection.setup.timeout.max.ms = 30000
	socket.connection.setup.timeout.ms = 10000
	ssl.cipher.suites = null
	ssl.enabled.protocols = [TLSv1.2, TLSv1.3]
	ssl.endpoint.identification.algorithm = https
	ssl.engine.factory.class = null
	ssl.key.password = null
	ssl.keymanager.algorithm = SunX509
	ssl.keystore.certificate.chain = null
	ssl.keystore.key = null
	ssl.keystore.location = null
	ssl.keystore.password = null
	ssl.keystore.type = JKS
	ssl.protocol = TLSv1.3
	ssl.provider = null
	ssl.secure.random.implementation = null
	ssl.trustmanager.algorithm = PKIX
	ssl.truststore.certificates = null
	ssl.truststore.location = null
	ssl.truststore.password = null
	ssl.truststore.type = JKS
	value.deserializer = class org.apache.kafka.common.serialization.ByteArrayDeserializer

19:52:52.121 [Test worker] INFO org.apache.kafka.common.utils.AppInfoParser -- Kafka version: 3.4.1
19:52:52.122 [Test worker] INFO org.apache.kafka.common.utils.AppInfoParser -- Kafka commitId: 8a516edc2755df89
19:52:52.122 [Test worker] INFO org.apache.kafka.common.utils.AppInfoParser -- Kafka startTimeMs: 1741517572121
19:52:52.122 [Test worker] INFO org.apache.kafka.clients.consumer.KafkaConsumer -- [Consumer clientId=consumer-test-group-1, groupId=test-group] Subscribed to topic(s): audio-packet-topic
19:52:52.126 [Test worker] INFO org.apache.kafka.clients.Metadata -- [Consumer clientId=consumer-test-group-1, groupId=test-group] Resetting the last seen epoch of partition audio-packet-topic-0 to 0 since the associated topicId changed from null to BYKFtKkfQhijf4iwhN70pQ
19:52:52.126 [Test worker] INFO org.apache.kafka.clients.Metadata -- [Consumer clientId=consumer-test-group-1, groupId=test-group] Cluster ID: Eg5y8QXASgea0GTuWSw4gw
19:52:52.129 [data-plane-kafka-request-handler-0] INFO kafka.zk.AdminZkClient -- Creating topic __consumer_offsets with configuration {compression.type=producer, cleanup.policy=compact, segment.bytes=104857600} and initial partition assignment HashMap(0 -> ArrayBuffer(0), 1 -> ArrayBuffer(0), 2 -> ArrayBuffer(0), 3 -> ArrayBuffer(0), 4 -> ArrayBuffer(0))
19:52:52.133 [controller-event-thread] INFO kafka.controller.KafkaController -- [Controller id=0] New topics: [Set(__consumer_offsets)], deleted topics: [HashSet()], new partition replica assignment [Set(TopicIdReplicaAssignment(__consumer_offsets,Some(1fVTuMAbSM28V0xCXbV1Vw),HashMap(__consumer_offsets-4 -> ReplicaAssignment(replicas=0, addingReplicas=, removingReplicas=), __consumer_offsets-3 -> ReplicaAssignment(replicas=0, addingReplicas=, removingReplicas=), __consumer_offsets-2 -> ReplicaAssignment(replicas=0, addingReplicas=, removingReplicas=), __consumer_offsets-0 -> ReplicaAssignment(replicas=0, addingReplicas=, removingReplicas=), __consumer_offsets-1 -> ReplicaAssignment(replicas=0, addingReplicas=, removingReplicas=))))]
19:52:52.133 [controller-event-thread] INFO kafka.controller.KafkaController -- [Controller id=0] New partition creation callback for __consumer_offsets-4,__consumer_offsets-3,__consumer_offsets-2,__consumer_offsets-0,__consumer_offsets-1
19:52:52.133 [controller-event-thread] INFO state.change.logger -- [Controller id=0 epoch=1] Changed partition __consumer_offsets-4 state from NonExistentPartition to NewPartition with assigned replicas 0
19:52:52.133 [controller-event-thread] INFO state.change.logger -- [Controller id=0 epoch=1] Changed partition __consumer_offsets-3 state from NonExistentPartition to NewPartition with assigned replicas 0
19:52:52.133 [controller-event-thread] INFO state.change.logger -- [Controller id=0 epoch=1] Changed partition __consumer_offsets-2 state from NonExistentPartition to NewPartition with assigned replicas 0
19:52:52.133 [controller-event-thread] INFO state.change.logger -- [Controller id=0 epoch=1] Changed partition __consumer_offsets-0 state from NonExistentPartition to NewPartition with assigned replicas 0
19:52:52.133 [controller-event-thread] INFO state.change.logger -- [Controller id=0 epoch=1] Changed partition __consumer_offsets-1 state from NonExistentPartition to NewPartition with assigned replicas 0
19:52:52.133 [controller-event-thread] INFO state.change.logger -- [Controller id=0 epoch=1] Sending UpdateMetadata request to brokers HashSet() for 0 partitions
19:52:52.133 [controller-event-thread] INFO state.change.logger -- [Controller id=0 epoch=1] Sending UpdateMetadata request to brokers HashSet() for 0 partitions
19:52:52.138 [controller-event-thread] INFO state.change.logger -- [Controller id=0 epoch=1] Changed partition __consumer_offsets-4 from NewPartition to OnlinePartition with state LeaderAndIsr(leader=0, leaderEpoch=0, isr=List(0), leaderRecoveryState=RECOVERED, partitionEpoch=0)
19:52:52.138 [controller-event-thread] INFO state.change.logger -- [Controller id=0 epoch=1] Changed partition __consumer_offsets-3 from NewPartition to OnlinePartition with state LeaderAndIsr(leader=0, leaderEpoch=0, isr=List(0), leaderRecoveryState=RECOVERED, partitionEpoch=0)
19:52:52.138 [controller-event-thread] INFO state.change.logger -- [Controller id=0 epoch=1] Changed partition __consumer_offsets-2 from NewPartition to OnlinePartition with state LeaderAndIsr(leader=0, leaderEpoch=0, isr=List(0), leaderRecoveryState=RECOVERED, partitionEpoch=0)
19:52:52.138 [controller-event-thread] INFO state.change.logger -- [Controller id=0 epoch=1] Changed partition __consumer_offsets-0 from NewPartition to OnlinePartition with state LeaderAndIsr(leader=0, leaderEpoch=0, isr=List(0), leaderRecoveryState=RECOVERED, partitionEpoch=0)
19:52:52.138 [controller-event-thread] INFO state.change.logger -- [Controller id=0 epoch=1] Changed partition __consumer_offsets-1 from NewPartition to OnlinePartition with state LeaderAndIsr(leader=0, leaderEpoch=0, isr=List(0), leaderRecoveryState=RECOVERED, partitionEpoch=0)
19:52:52.138 [controller-event-thread] INFO state.change.logger -- [Controller id=0 epoch=1] Sending LeaderAndIsr request to broker 0 with 5 become-leader and 0 become-follower partitions
19:52:52.138 [controller-event-thread] INFO state.change.logger -- [Controller id=0 epoch=1] Sending UpdateMetadata request to brokers HashSet(0) for 5 partitions
19:52:52.138 [controller-event-thread] INFO state.change.logger -- [Controller id=0 epoch=1] Sending UpdateMetadata request to brokers HashSet() for 0 partitions
19:52:52.138 [data-plane-kafka-request-handler-2] INFO state.change.logger -- [Broker id=0] Handling LeaderAndIsr request correlationId 3 from controller 0 for 5 partitions
19:52:52.139 [data-plane-kafka-request-handler-2] INFO kafka.server.ReplicaFetcherManager -- [ReplicaFetcherManager on broker 0] Removed fetcher for partitions HashSet(__consumer_offsets-4, __consumer_offsets-3, __consumer_offsets-2, __consumer_offsets-0, __consumer_offsets-1)
19:52:52.139 [data-plane-kafka-request-handler-2] INFO state.change.logger -- [Broker id=0] Stopped fetchers as part of LeaderAndIsr request correlationId 3 from controller 0 epoch 1 as part of the become-leader transition for 5 partitions
19:52:52.146 [data-plane-kafka-request-handler-2] INFO kafka.log.UnifiedLog$ -- [LogLoader partition=__consumer_offsets-3, dir=C:\Users\user\AppData\Local\Temp\spring.kafka.21327a4d-d281-45db-ae9d-0d940b9338c19262964170964542371] Loading producer state till offset 0 with message format version 2
19:52:52.146 [data-plane-kafka-request-handler-2] INFO kafka.log.LogManager -- Created log for partition __consumer_offsets-3 in C:\Users\user\AppData\Local\Temp\spring.kafka.21327a4d-d281-45db-ae9d-0d940b9338c19262964170964542371\__consumer_offsets-3 with properties {cleanup.policy=compact, compression.type="producer", segment.bytes=104857600}
19:52:52.147 [data-plane-kafka-request-handler-2] INFO kafka.cluster.Partition -- [Partition __consumer_offsets-3 broker=0] No checkpointed highwatermark is found for partition __consumer_offsets-3
19:52:52.147 [data-plane-kafka-request-handler-2] INFO kafka.cluster.Partition -- [Partition __consumer_offsets-3 broker=0] Log loaded for partition __consumer_offsets-3 with initial high watermark 0
19:52:52.147 [data-plane-kafka-request-handler-2] INFO state.change.logger -- [Broker id=0] Leader __consumer_offsets-3 with topic id Some(1fVTuMAbSM28V0xCXbV1Vw) starts at leader epoch 0 from offset 0 with partition epoch 0, high watermark 0, ISR [0], adding replicas [] and removing replicas []. Previous leader epoch was -1.
19:52:52.158 [data-plane-kafka-request-handler-2] INFO kafka.log.UnifiedLog$ -- [LogLoader partition=__consumer_offsets-2, dir=C:\Users\user\AppData\Local\Temp\spring.kafka.21327a4d-d281-45db-ae9d-0d940b9338c19262964170964542371] Loading producer state till offset 0 with message format version 2
19:52:52.159 [data-plane-kafka-request-handler-2] INFO kafka.log.LogManager -- Created log for partition __consumer_offsets-2 in C:\Users\user\AppData\Local\Temp\spring.kafka.21327a4d-d281-45db-ae9d-0d940b9338c19262964170964542371\__consumer_offsets-2 with properties {cleanup.policy=compact, compression.type="producer", segment.bytes=104857600}
19:52:52.159 [data-plane-kafka-request-handler-2] INFO kafka.cluster.Partition -- [Partition __consumer_offsets-2 broker=0] No checkpointed highwatermark is found for partition __consumer_offsets-2
19:52:52.160 [data-plane-kafka-request-handler-2] INFO kafka.cluster.Partition -- [Partition __consumer_offsets-2 broker=0] Log loaded for partition __consumer_offsets-2 with initial high watermark 0
19:52:52.160 [data-plane-kafka-request-handler-2] INFO state.change.logger -- [Broker id=0] Leader __consumer_offsets-2 with topic id Some(1fVTuMAbSM28V0xCXbV1Vw) starts at leader epoch 0 from offset 0 with partition epoch 0, high watermark 0, ISR [0], adding replicas [] and removing replicas []. Previous leader epoch was -1.
19:52:52.170 [data-plane-kafka-request-handler-2] INFO kafka.log.UnifiedLog$ -- [LogLoader partition=__consumer_offsets-4, dir=C:\Users\user\AppData\Local\Temp\spring.kafka.21327a4d-d281-45db-ae9d-0d940b9338c19262964170964542371] Loading producer state till offset 0 with message format version 2
19:52:52.170 [data-plane-kafka-request-handler-2] INFO kafka.log.LogManager -- Created log for partition __consumer_offsets-4 in C:\Users\user\AppData\Local\Temp\spring.kafka.21327a4d-d281-45db-ae9d-0d940b9338c19262964170964542371\__consumer_offsets-4 with properties {cleanup.policy=compact, compression.type="producer", segment.bytes=104857600}
19:52:52.170 [data-plane-kafka-request-handler-2] INFO kafka.cluster.Partition -- [Partition __consumer_offsets-4 broker=0] No checkpointed highwatermark is found for partition __consumer_offsets-4
19:52:52.170 [data-plane-kafka-request-handler-2] INFO kafka.cluster.Partition -- [Partition __consumer_offsets-4 broker=0] Log loaded for partition __consumer_offsets-4 with initial high watermark 0
19:52:52.170 [data-plane-kafka-request-handler-2] INFO state.change.logger -- [Broker id=0] Leader __consumer_offsets-4 with topic id Some(1fVTuMAbSM28V0xCXbV1Vw) starts at leader epoch 0 from offset 0 with partition epoch 0, high watermark 0, ISR [0], adding replicas [] and removing replicas []. Previous leader epoch was -1.
19:52:52.182 [data-plane-kafka-request-handler-2] INFO kafka.log.UnifiedLog$ -- [LogLoader partition=__consumer_offsets-1, dir=C:\Users\user\AppData\Local\Temp\spring.kafka.21327a4d-d281-45db-ae9d-0d940b9338c19262964170964542371] Loading producer state till offset 0 with message format version 2
19:52:52.182 [data-plane-kafka-request-handler-2] INFO kafka.log.LogManager -- Created log for partition __consumer_offsets-1 in C:\Users\user\AppData\Local\Temp\spring.kafka.21327a4d-d281-45db-ae9d-0d940b9338c19262964170964542371\__consumer_offsets-1 with properties {cleanup.policy=compact, compression.type="producer", segment.bytes=104857600}
19:52:52.182 [data-plane-kafka-request-handler-2] INFO kafka.cluster.Partition -- [Partition __consumer_offsets-1 broker=0] No checkpointed highwatermark is found for partition __consumer_offsets-1
19:52:52.182 [data-plane-kafka-request-handler-2] INFO kafka.cluster.Partition -- [Partition __consumer_offsets-1 broker=0] Log loaded for partition __consumer_offsets-1 with initial high watermark 0
19:52:52.182 [data-plane-kafka-request-handler-2] INFO state.change.logger -- [Broker id=0] Leader __consumer_offsets-1 with topic id Some(1fVTuMAbSM28V0xCXbV1Vw) starts at leader epoch 0 from offset 0 with partition epoch 0, high watermark 0, ISR [0], adding replicas [] and removing replicas []. Previous leader epoch was -1.
19:52:52.195 [data-plane-kafka-request-handler-2] INFO kafka.log.UnifiedLog$ -- [LogLoader partition=__consumer_offsets-0, dir=C:\Users\user\AppData\Local\Temp\spring.kafka.21327a4d-d281-45db-ae9d-0d940b9338c19262964170964542371] Loading producer state till offset 0 with message format version 2
19:52:52.196 [data-plane-kafka-request-handler-2] INFO kafka.log.LogManager -- Created log for partition __consumer_offsets-0 in C:\Users\user\AppData\Local\Temp\spring.kafka.21327a4d-d281-45db-ae9d-0d940b9338c19262964170964542371\__consumer_offsets-0 with properties {cleanup.policy=compact, compression.type="producer", segment.bytes=104857600}
19:52:52.196 [data-plane-kafka-request-handler-2] INFO kafka.cluster.Partition -- [Partition __consumer_offsets-0 broker=0] No checkpointed highwatermark is found for partition __consumer_offsets-0
19:52:52.196 [data-plane-kafka-request-handler-2] INFO kafka.cluster.Partition -- [Partition __consumer_offsets-0 broker=0] Log loaded for partition __consumer_offsets-0 with initial high watermark 0
19:52:52.196 [data-plane-kafka-request-handler-2] INFO state.change.logger -- [Broker id=0] Leader __consumer_offsets-0 with topic id Some(1fVTuMAbSM28V0xCXbV1Vw) starts at leader epoch 0 from offset 0 with partition epoch 0, high watermark 0, ISR [0], adding replicas [] and removing replicas []. Previous leader epoch was -1.
19:52:52.203 [data-plane-kafka-request-handler-2] INFO kafka.coordinator.group.GroupCoordinator -- [GroupCoordinator 0]: Elected as the group coordinator for partition 3 in epoch 0
19:52:52.203 [data-plane-kafka-request-handler-2] INFO kafka.coordinator.group.GroupMetadataManager -- [GroupMetadataManager brokerId=0] Scheduling loading of offsets and group metadata from __consumer_offsets-3 for epoch 0
19:52:52.204 [data-plane-kafka-request-handler-2] INFO kafka.coordinator.group.GroupCoordinator -- [GroupCoordinator 0]: Elected as the group coordinator for partition 2 in epoch 0
19:52:52.204 [data-plane-kafka-request-handler-2] INFO kafka.coordinator.group.GroupMetadataManager -- [GroupMetadataManager brokerId=0] Scheduling loading of offsets and group metadata from __consumer_offsets-2 for epoch 0
19:52:52.204 [data-plane-kafka-request-handler-2] INFO kafka.coordinator.group.GroupCoordinator -- [GroupCoordinator 0]: Elected as the group coordinator for partition 4 in epoch 0
19:52:52.204 [data-plane-kafka-request-handler-2] INFO kafka.coordinator.group.GroupMetadataManager -- [GroupMetadataManager brokerId=0] Scheduling loading of offsets and group metadata from __consumer_offsets-4 for epoch 0
19:52:52.204 [data-plane-kafka-request-handler-2] INFO kafka.coordinator.group.GroupCoordinator -- [GroupCoordinator 0]: Elected as the group coordinator for partition 1 in epoch 0
19:52:52.204 [data-plane-kafka-request-handler-2] INFO kafka.coordinator.group.GroupMetadataManager -- [GroupMetadataManager brokerId=0] Scheduling loading of offsets and group metadata from __consumer_offsets-1 for epoch 0
19:52:52.204 [data-plane-kafka-request-handler-2] INFO kafka.coordinator.group.GroupCoordinator -- [GroupCoordinator 0]: Elected as the group coordinator for partition 0 in epoch 0
19:52:52.204 [data-plane-kafka-request-handler-2] INFO kafka.coordinator.group.GroupMetadataManager -- [GroupMetadataManager brokerId=0] Scheduling loading of offsets and group metadata from __consumer_offsets-0 for epoch 0
19:52:52.204 [data-plane-kafka-request-handler-2] INFO state.change.logger -- [Broker id=0] Finished LeaderAndIsr request in 66ms correlationId 3 from controller 0 for 5 partitions
19:52:52.205 [data-plane-kafka-request-handler-3] INFO state.change.logger -- [Broker id=0] Add 5 partitions and deleted 0 partitions from metadata cache in response to UpdateMetadata request sent by controller 0 epoch 1 with correlation id 4
19:52:52.207 [group-metadata-manager-0] INFO kafka.coordinator.group.GroupMetadataManager -- [GroupMetadataManager brokerId=0] Finished loading offsets and group metadata from __consumer_offsets-3 in 3 milliseconds for epoch 0, of which 1 milliseconds was spent in the scheduler.
19:52:52.207 [group-metadata-manager-0] INFO kafka.coordinator.group.GroupMetadataManager -- [GroupMetadataManager brokerId=0] Finished loading offsets and group metadata from __consumer_offsets-2 in 3 milliseconds for epoch 0, of which 3 milliseconds was spent in the scheduler.
19:52:52.207 [group-metadata-manager-0] INFO kafka.coordinator.group.GroupMetadataManager -- [GroupMetadataManager brokerId=0] Finished loading offsets and group metadata from __consumer_offsets-4 in 3 milliseconds for epoch 0, of which 3 milliseconds was spent in the scheduler.
19:52:52.208 [group-metadata-manager-0] INFO kafka.coordinator.group.GroupMetadataManager -- [GroupMetadataManager brokerId=0] Finished loading offsets and group metadata from __consumer_offsets-1 in 4 milliseconds for epoch 0, of which 4 milliseconds was spent in the scheduler.
19:52:52.208 [group-metadata-manager-0] INFO kafka.coordinator.group.GroupMetadataManager -- [GroupMetadataManager brokerId=0] Finished loading offsets and group metadata from __consumer_offsets-0 in 4 milliseconds for epoch 0, of which 4 milliseconds was spent in the scheduler.
19:52:52.229 [Test worker] INFO org.apache.kafka.clients.consumer.internals.ConsumerCoordinator -- [Consumer clientId=consumer-test-group-1, groupId=test-group] Discovered group coordinator localhost:58206 (id: 2147483647 rack: null)
19:52:52.231 [Test worker] INFO org.apache.kafka.clients.consumer.internals.ConsumerCoordinator -- [Consumer clientId=consumer-test-group-1, groupId=test-group] (Re-)joining group
19:52:52.241 [data-plane-kafka-request-handler-7] INFO kafka.coordinator.group.GroupCoordinator -- [GroupCoordinator 0]: Dynamic member with unknown member id joins group test-group in Empty state. Created a new member id consumer-test-group-1-22f5e7cb-12e5-41ff-aa00-87a9384a0881 and request the member to rejoin with this id.
19:52:52.243 [Test worker] INFO org.apache.kafka.clients.consumer.internals.ConsumerCoordinator -- [Consumer clientId=consumer-test-group-1, groupId=test-group] Request joining group due to: need to re-join with the given member-id: consumer-test-group-1-22f5e7cb-12e5-41ff-aa00-87a9384a0881
19:52:52.243 [Test worker] INFO org.apache.kafka.clients.consumer.internals.ConsumerCoordinator -- [Consumer clientId=consumer-test-group-1, groupId=test-group] Request joining group due to: rebalance failed due to 'The group member needs to have a valid member id before actually entering a consumer group.' (MemberIdRequiredException)
19:52:52.243 [Test worker] INFO org.apache.kafka.clients.consumer.internals.ConsumerCoordinator -- [Consumer clientId=consumer-test-group-1, groupId=test-group] (Re-)joining group
19:52:52.246 [data-plane-kafka-request-handler-0] INFO kafka.coordinator.group.GroupCoordinator -- [GroupCoordinator 0]: Preparing to rebalance group test-group in state PreparingRebalance with old generation 0 (__consumer_offsets-2) (reason: Adding new member consumer-test-group-1-22f5e7cb-12e5-41ff-aa00-87a9384a0881 with group instance id None; client reason: rebalance failed due to MemberIdRequiredException)
19:52:52.249 [executor-Rebalance] INFO kafka.coordinator.group.GroupCoordinator -- [GroupCoordinator 0]: Stabilized group test-group generation 1 (__consumer_offsets-2) with 1 members
19:52:52.250 [Test worker] INFO org.apache.kafka.clients.consumer.internals.ConsumerCoordinator -- [Consumer clientId=consumer-test-group-1, groupId=test-group] Successfully joined group with generation Generation{generationId=1, memberId='consumer-test-group-1-22f5e7cb-12e5-41ff-aa00-87a9384a0881', protocol='range'}
19:52:52.251 [Test worker] INFO org.apache.kafka.clients.consumer.internals.ConsumerCoordinator -- [Consumer clientId=consumer-test-group-1, groupId=test-group] Finished assignment for group at generation 1: {consumer-test-group-1-22f5e7cb-12e5-41ff-aa00-87a9384a0881=Assignment(partitions=[audio-packet-topic-0])}
19:52:52.255 [data-plane-kafka-request-handler-2] INFO kafka.coordinator.group.GroupCoordinator -- [GroupCoordinator 0]: Assignment received from leader consumer-test-group-1-22f5e7cb-12e5-41ff-aa00-87a9384a0881 for group test-group for generation 1. The group has 1 members, 0 of which are static.
19:52:52.263 [Test worker] INFO org.apache.kafka.clients.consumer.internals.ConsumerCoordinator -- [Consumer clientId=consumer-test-group-1, groupId=test-group] Successfully synced group in generation Generation{generationId=1, memberId='consumer-test-group-1-22f5e7cb-12e5-41ff-aa00-87a9384a0881', protocol='range'}
19:52:52.263 [Test worker] INFO org.apache.kafka.clients.consumer.internals.ConsumerCoordinator -- [Consumer clientId=consumer-test-group-1, groupId=test-group] Notifying assignor about the new Assignment(partitions=[audio-packet-topic-0])
19:52:52.264 [Test worker] INFO org.apache.kafka.clients.consumer.internals.ConsumerCoordinator -- [Consumer clientId=consumer-test-group-1, groupId=test-group] Adding newly assigned partitions: audio-packet-topic-0
19:52:52.269 [Test worker] INFO org.apache.kafka.clients.consumer.internals.ConsumerCoordinator -- [Consumer clientId=consumer-test-group-1, groupId=test-group] Found no committed offset for partition audio-packet-topic-0
19:52:52.276 [Test worker] INFO org.apache.kafka.clients.consumer.internals.SubscriptionState -- [Consumer clientId=consumer-test-group-1, groupId=test-group] Resetting offset for partition audio-packet-topic-0 to position FetchPosition{offset=0, offsetEpoch=Optional.empty, currentLeader=LeaderAndEpoch{leader=Optional[localhost:58206 (id: 0 rack: null)], epoch=0}}.
19:52:52.304 [Test worker] INFO org.apache.kafka.clients.consumer.internals.ConsumerCoordinator -- [Consumer clientId=consumer-test-group-1, groupId=test-group] Revoke previously assigned partitions audio-packet-topic-0
19:52:52.304 [Test worker] INFO org.apache.kafka.clients.consumer.internals.ConsumerCoordinator -- [Consumer clientId=consumer-test-group-1, groupId=test-group] Member consumer-test-group-1-22f5e7cb-12e5-41ff-aa00-87a9384a0881 sending LeaveGroup request to coordinator localhost:58206 (id: 2147483647 rack: null) due to the consumer is being closed
19:52:52.305 [Test worker] INFO org.apache.kafka.clients.consumer.internals.ConsumerCoordinator -- [Consumer clientId=consumer-test-group-1, groupId=test-group] Resetting generation and member id due to: consumer pro-actively leaving the group
19:52:52.305 [Test worker] INFO org.apache.kafka.clients.consumer.internals.ConsumerCoordinator -- [Consumer clientId=consumer-test-group-1, groupId=test-group] Request joining group due to: consumer pro-actively leaving the group
19:52:52.307 [data-plane-kafka-request-handler-7] INFO kafka.coordinator.group.GroupCoordinator -- [GroupCoordinator 0]: Preparing to rebalance group test-group in state PreparingRebalance with old generation 1 (__consumer_offsets-2) (reason: Removing member consumer-test-group-1-22f5e7cb-12e5-41ff-aa00-87a9384a0881 on LeaveGroup; client reason: the consumer is being closed)
19:52:52.307 [data-plane-kafka-request-handler-7] INFO kafka.coordinator.group.GroupCoordinator -- [GroupCoordinator 0]: Group test-group with generation 2 is now empty (__consumer_offsets-2)
19:52:52.309 [data-plane-kafka-request-handler-7] INFO kafka.coordinator.group.GroupCoordinator -- [GroupCoordinator 0]: Member MemberMetadata(memberId=consumer-test-group-1-22f5e7cb-12e5-41ff-aa00-87a9384a0881, groupInstanceId=None, clientId=consumer-test-group-1, clientHost=/127.0.0.1, sessionTimeoutMs=45000, rebalanceTimeoutMs=300000, supportedProtocols=List(range, cooperative-sticky)) has left group test-group through explicit `LeaveGroup`; client reason: the consumer is being closed
19:52:52.310 [Test worker] INFO org.apache.kafka.common.metrics.Metrics -- Metrics scheduler closed
19:52:52.310 [Test worker] INFO org.apache.kafka.common.metrics.Metrics -- Closing reporter org.apache.kafka.common.metrics.JmxReporter
19:52:52.310 [Test worker] INFO org.apache.kafka.common.metrics.Metrics -- Metrics reporters closed
19:52:52.311 [Test worker] INFO org.apache.kafka.common.utils.AppInfoParser -- App info kafka.consumer for consumer-test-group-1 unregistered
Consumed record: key = test-session, value length = 5120 bytes
First 20 bytes: C0 35 2E 5F 65 D0 9C DC 9C 04 14 6E 6F 4E D1 D9 49 F0 29 E4 
19:52:52.316 [Test worker] INFO kafka.server.KafkaServer -- [KafkaServer id=0] shutting down
19:52:52.317 [Test worker] INFO kafka.common.ZkNodeChangeNotificationListener$ChangeEventProcessThread -- [/config/changes-event-process-thread]: Shutting down
19:52:52.317 [Test worker] INFO kafka.common.ZkNodeChangeNotificationListener$ChangeEventProcessThread -- [/config/changes-event-process-thread]: Shutdown completed
19:52:52.317 [/config/changes-event-process-thread] INFO kafka.common.ZkNodeChangeNotificationListener$ChangeEventProcessThread -- [/config/changes-event-process-thread]: Stopped
19:52:52.317 [Test worker] INFO kafka.network.SocketServer -- [SocketServer listenerType=ZK_BROKER, nodeId=0] Stopping socket server request processors
19:52:52.319 [BrokerToControllerChannelManager broker=0 name=forwarding] INFO org.apache.kafka.clients.NetworkClient -- [BrokerToControllerChannelManager broker=0 name=forwarding] Node 0 disconnected.
19:52:52.320 [Test worker] INFO kafka.network.SocketServer -- [SocketServer listenerType=ZK_BROKER, nodeId=0] Stopped socket server request processors
19:52:52.321 [Test worker] INFO kafka.server.KafkaRequestHandlerPool -- [data-plane Kafka Request Handler on Broker 0], shutting down
19:52:52.322 [Test worker] INFO kafka.server.KafkaRequestHandlerPool -- [data-plane Kafka Request Handler on Broker 0], shut down completely
19:52:52.323 [Test worker] INFO kafka.server.DelayedOperationPurgatory$ExpiredOperationReaper -- [ExpirationReaper-0-AlterAcls]: Shutting down
19:52:52.324 [ExpirationReaper-0-AlterAcls] INFO kafka.server.DelayedOperationPurgatory$ExpiredOperationReaper -- [ExpirationReaper-0-AlterAcls]: Stopped
19:52:52.324 [Test worker] INFO kafka.server.DelayedOperationPurgatory$ExpiredOperationReaper -- [ExpirationReaper-0-AlterAcls]: Shutdown completed
19:52:52.324 [Test worker] INFO kafka.server.KafkaApis -- [KafkaApi-0] Shutdown complete.
19:52:52.324 [Test worker] INFO kafka.server.DelayedOperationPurgatory$ExpiredOperationReaper -- [ExpirationReaper-0-topic]: Shutting down
19:52:52.325 [ExpirationReaper-0-topic] INFO kafka.server.DelayedOperationPurgatory$ExpiredOperationReaper -- [ExpirationReaper-0-topic]: Stopped
19:52:52.325 [Test worker] INFO kafka.server.DelayedOperationPurgatory$ExpiredOperationReaper -- [ExpirationReaper-0-topic]: Shutdown completed
19:52:52.325 [Test worker] INFO kafka.coordinator.transaction.TransactionCoordinator -- [TransactionCoordinator id=0] Shutting down.
19:52:52.326 [Test worker] INFO kafka.coordinator.transaction.TransactionStateManager -- [Transaction State Manager 0]: Shutdown complete
19:52:52.326 [Test worker] INFO kafka.coordinator.transaction.TransactionMarkerChannelManager -- [Transaction Marker Channel Manager 0]: Shutting down
19:52:52.326 [TxnMarkerSenderThread-0] INFO kafka.coordinator.transaction.TransactionMarkerChannelManager -- [Transaction Marker Channel Manager 0]: Stopped
19:52:52.326 [Test worker] INFO kafka.coordinator.transaction.TransactionMarkerChannelManager -- [Transaction Marker Channel Manager 0]: Shutdown completed
19:52:52.326 [Test worker] INFO kafka.coordinator.transaction.TransactionCoordinator -- [TransactionCoordinator id=0] Shutdown complete.
19:52:52.326 [Test worker] INFO kafka.coordinator.group.GroupCoordinator -- [GroupCoordinator 0]: Shutting down.
19:52:52.327 [Test worker] INFO kafka.server.DelayedOperationPurgatory$ExpiredOperationReaper -- [ExpirationReaper-0-Heartbeat]: Shutting down
19:52:52.327 [ExpirationReaper-0-Heartbeat] INFO kafka.server.DelayedOperationPurgatory$ExpiredOperationReaper -- [ExpirationReaper-0-Heartbeat]: Stopped
19:52:52.327 [Test worker] INFO kafka.server.DelayedOperationPurgatory$ExpiredOperationReaper -- [ExpirationReaper-0-Heartbeat]: Shutdown completed
19:52:52.327 [Test worker] INFO kafka.server.DelayedOperationPurgatory$ExpiredOperationReaper -- [ExpirationReaper-0-Rebalance]: Shutting down
19:52:52.327 [ExpirationReaper-0-Rebalance] INFO kafka.server.DelayedOperationPurgatory$ExpiredOperationReaper -- [ExpirationReaper-0-Rebalance]: Stopped
19:52:52.327 [Test worker] INFO kafka.server.DelayedOperationPurgatory$ExpiredOperationReaper -- [ExpirationReaper-0-Rebalance]: Shutdown completed
19:52:52.327 [Test worker] INFO kafka.coordinator.group.GroupCoordinator -- [GroupCoordinator 0]: Shutdown complete.
19:52:52.327 [Test worker] INFO kafka.server.ReplicaManager -- [ReplicaManager broker=0] Shutting down
19:52:52.328 [Test worker] INFO kafka.server.ReplicaManager$LogDirFailureHandler -- [LogDirFailureHandler]: Shutting down
19:52:52.328 [LogDirFailureHandler] INFO kafka.server.ReplicaManager$LogDirFailureHandler -- [LogDirFailureHandler]: Stopped
19:52:52.328 [Test worker] INFO kafka.server.ReplicaManager$LogDirFailureHandler -- [LogDirFailureHandler]: Shutdown completed
19:52:52.328 [Test worker] INFO kafka.server.ReplicaFetcherManager -- [ReplicaFetcherManager on broker 0] shutting down
19:52:52.328 [Test worker] INFO kafka.server.ReplicaFetcherManager -- [ReplicaFetcherManager on broker 0] shutdown completed
19:52:52.328 [Test worker] INFO kafka.server.ReplicaAlterLogDirsManager -- [ReplicaAlterLogDirsManager on broker 0] shutting down
19:52:52.328 [Test worker] INFO kafka.server.ReplicaAlterLogDirsManager -- [ReplicaAlterLogDirsManager on broker 0] shutdown completed
19:52:52.328 [Test worker] INFO kafka.server.DelayedOperationPurgatory$ExpiredOperationReaper -- [ExpirationReaper-0-Fetch]: Shutting down
19:52:52.328 [ExpirationReaper-0-Fetch] INFO kafka.server.DelayedOperationPurgatory$ExpiredOperationReaper -- [ExpirationReaper-0-Fetch]: Stopped
19:52:52.328 [Test worker] INFO kafka.server.DelayedOperationPurgatory$ExpiredOperationReaper -- [ExpirationReaper-0-Fetch]: Shutdown completed
19:52:52.328 [Test worker] INFO kafka.server.DelayedOperationPurgatory$ExpiredOperationReaper -- [ExpirationReaper-0-Produce]: Shutting down
19:52:52.329 [ExpirationReaper-0-Produce] INFO kafka.server.DelayedOperationPurgatory$ExpiredOperationReaper -- [ExpirationReaper-0-Produce]: Stopped
19:52:52.329 [Test worker] INFO kafka.server.DelayedOperationPurgatory$ExpiredOperationReaper -- [ExpirationReaper-0-Produce]: Shutdown completed
19:52:52.329 [Test worker] INFO kafka.server.DelayedOperationPurgatory$ExpiredOperationReaper -- [ExpirationReaper-0-DeleteRecords]: Shutting down
19:52:52.329 [ExpirationReaper-0-DeleteRecords] INFO kafka.server.DelayedOperationPurgatory$ExpiredOperationReaper -- [ExpirationReaper-0-DeleteRecords]: Stopped
19:52:52.329 [Test worker] INFO kafka.server.DelayedOperationPurgatory$ExpiredOperationReaper -- [ExpirationReaper-0-DeleteRecords]: Shutdown completed
19:52:52.329 [Test worker] INFO kafka.server.DelayedOperationPurgatory$ExpiredOperationReaper -- [ExpirationReaper-0-ElectLeader]: Shutting down
19:52:52.329 [ExpirationReaper-0-ElectLeader] INFO kafka.server.DelayedOperationPurgatory$ExpiredOperationReaper -- [ExpirationReaper-0-ElectLeader]: Stopped
19:52:52.329 [Test worker] INFO kafka.server.DelayedOperationPurgatory$ExpiredOperationReaper -- [ExpirationReaper-0-ElectLeader]: Shutdown completed
19:52:52.335 [Test worker] INFO kafka.server.ReplicaManager -- [ReplicaManager broker=0] Shut down completely
19:52:52.335 [Test worker] INFO kafka.server.BrokerToControllerRequestThread -- [BrokerToControllerChannelManager broker=0 name=alterPartition]: Shutting down
19:52:52.335 [Test worker] INFO kafka.server.BrokerToControllerRequestThread -- [BrokerToControllerChannelManager broker=0 name=alterPartition]: Shutdown completed
19:52:52.335 [BrokerToControllerChannelManager broker=0 name=alterPartition] INFO kafka.server.BrokerToControllerRequestThread -- [BrokerToControllerChannelManager broker=0 name=alterPartition]: Stopped
19:52:52.335 [Test worker] INFO kafka.server.BrokerToControllerChannelManagerImpl -- Broker to controller channel manager for alterPartition shutdown
19:52:52.335 [Test worker] INFO kafka.server.BrokerToControllerRequestThread -- [BrokerToControllerChannelManager broker=0 name=forwarding]: Shutting down
19:52:52.335 [BrokerToControllerChannelManager broker=0 name=forwarding] INFO kafka.server.BrokerToControllerRequestThread -- [BrokerToControllerChannelManager broker=0 name=forwarding]: Stopped
19:52:52.335 [Test worker] INFO kafka.server.BrokerToControllerRequestThread -- [BrokerToControllerChannelManager broker=0 name=forwarding]: Shutdown completed
19:52:52.336 [Test worker] INFO kafka.server.BrokerToControllerChannelManagerImpl -- Broker to controller channel manager for forwarding shutdown
19:52:52.336 [Test worker] INFO kafka.log.LogManager -- Shutting down.
19:52:52.336 [Test worker] INFO kafka.log.LogCleaner -- Shutting down the log cleaner.
19:52:52.336 [Test worker] INFO kafka.log.LogCleaner -- [kafka-log-cleaner-thread-0]: Shutting down
19:52:52.337 [Test worker] INFO kafka.log.LogCleaner -- [kafka-log-cleaner-thread-0]: Shutdown completed
19:52:52.337 [kafka-log-cleaner-thread-0] INFO kafka.log.LogCleaner -- [kafka-log-cleaner-thread-0]: Stopped
19:52:52.374 [log-closing-C:\Users\user\AppData\Local\Temp\spring.kafka.21327a4d-d281-45db-ae9d-0d940b9338c19262964170964542371] INFO kafka.log.ProducerStateManager -- [ProducerStateManager partition=audio-packet-topic-0] Wrote producer snapshot at offset 1 with 1 producer ids in 5 ms.
19:52:52.385 [log-closing-C:\Users\user\AppData\Local\Temp\spring.kafka.21327a4d-d281-45db-ae9d-0d940b9338c19262964170964542371] INFO kafka.log.ProducerStateManager -- [ProducerStateManager partition=__consumer_offsets-2] Wrote producer snapshot at offset 3 with 0 producer ids in 4 ms.
19:52:52.399 [Test worker] INFO kafka.log.LogManager -- Shutdown complete.
19:52:52.399 [Test worker] INFO kafka.controller.ControllerEventManager$ControllerEventThread -- [ControllerEventThread controllerId=0] Shutting down
19:52:52.399 [Test worker] INFO kafka.controller.ControllerEventManager$ControllerEventThread -- [ControllerEventThread controllerId=0] Shutdown completed
19:52:52.399 [controller-event-thread] INFO kafka.controller.ControllerEventManager$ControllerEventThread -- [ControllerEventThread controllerId=0] Stopped
19:52:52.400 [Test worker] INFO kafka.controller.ZkPartitionStateMachine -- [PartitionStateMachine controllerId=0] Stopped partition state machine
19:52:52.401 [Test worker] INFO kafka.controller.ZkReplicaStateMachine -- [ReplicaStateMachine controllerId=0] Stopped replica state machine
19:52:52.401 [Test worker] INFO kafka.controller.RequestSendThread -- [RequestSendThread controllerId=0] Shutting down
19:52:52.401 [Test worker] INFO kafka.controller.RequestSendThread -- [RequestSendThread controllerId=0] Shutdown completed
19:52:52.401 [Controller-0-to-broker-0-send-thread] INFO kafka.controller.RequestSendThread -- [RequestSendThread controllerId=0] Stopped
19:52:52.402 [Test worker] INFO kafka.controller.KafkaController -- [Controller id=0] Resigned
19:52:52.402 [Test worker] INFO kafka.server.FinalizedFeatureChangeListener$ChangeNotificationProcessorThread -- [feature-zk-node-event-process-thread]: Shutting down
19:52:52.402 [feature-zk-node-event-process-thread] INFO kafka.server.FinalizedFeatureChangeListener$ChangeNotificationProcessorThread -- [feature-zk-node-event-process-thread]: Stopped
19:52:52.402 [Test worker] INFO kafka.server.FinalizedFeatureChangeListener$ChangeNotificationProcessorThread -- [feature-zk-node-event-process-thread]: Shutdown completed
19:52:52.402 [Test worker] INFO kafka.zookeeper.ZooKeeperClient -- [ZooKeeperClient Kafka server] Closing.
19:52:52.506 [Test worker-EventThread] INFO org.apache.zookeeper.ClientCnxn -- EventThread shut down for session: 0x1002d8707b90000
19:52:52.506 [Test worker] INFO org.apache.zookeeper.ZooKeeper -- Session: 0x1002d8707b90000 closed
19:52:52.507 [Test worker] INFO kafka.zookeeper.ZooKeeperClient -- [ZooKeeperClient Kafka server] Closed.
19:52:52.507 [Test worker] INFO kafka.server.ClientQuotaManager$ThrottledChannelReaper -- [ThrottledChannelReaper-Fetch]: Shutting down
19:52:52.508 [ThrottledChannelReaper-Fetch] INFO kafka.server.ClientQuotaManager$ThrottledChannelReaper -- [ThrottledChannelReaper-Fetch]: Stopped
19:52:52.508 [Test worker] INFO kafka.server.ClientQuotaManager$ThrottledChannelReaper -- [ThrottledChannelReaper-Fetch]: Shutdown completed
19:52:52.508 [Test worker] INFO kafka.server.ClientQuotaManager$ThrottledChannelReaper -- [ThrottledChannelReaper-Produce]: Shutting down
19:52:52.508 [Test worker] INFO kafka.server.ClientQuotaManager$ThrottledChannelReaper -- [ThrottledChannelReaper-Produce]: Shutdown completed
19:52:52.508 [ThrottledChannelReaper-Produce] INFO kafka.server.ClientQuotaManager$ThrottledChannelReaper -- [ThrottledChannelReaper-Produce]: Stopped
19:52:52.508 [Test worker] INFO kafka.server.ClientQuotaManager$ThrottledChannelReaper -- [ThrottledChannelReaper-Request]: Shutting down
19:52:52.508 [ThrottledChannelReaper-Request] INFO kafka.server.ClientQuotaManager$ThrottledChannelReaper -- [ThrottledChannelReaper-Request]: Stopped
19:52:52.508 [Test worker] INFO kafka.server.ClientQuotaManager$ThrottledChannelReaper -- [ThrottledChannelReaper-Request]: Shutdown completed
19:52:52.509 [Test worker] INFO kafka.server.ClientQuotaManager$ThrottledChannelReaper -- [ThrottledChannelReaper-ControllerMutation]: Shutting down
19:52:52.509 [Test worker] INFO kafka.server.ClientQuotaManager$ThrottledChannelReaper -- [ThrottledChannelReaper-ControllerMutation]: Shutdown completed
19:52:52.509 [ThrottledChannelReaper-ControllerMutation] INFO kafka.server.ClientQuotaManager$ThrottledChannelReaper -- [ThrottledChannelReaper-ControllerMutation]: Stopped
19:52:52.509 [Test worker] INFO kafka.network.SocketServer -- [SocketServer listenerType=ZK_BROKER, nodeId=0] Shutting down socket server
19:52:52.516 [Test worker] INFO kafka.network.SocketServer -- [SocketServer listenerType=ZK_BROKER, nodeId=0] Shutdown completed
19:52:52.516 [Test worker] INFO org.apache.kafka.common.metrics.Metrics -- Metrics scheduler closed
19:52:52.516 [Test worker] INFO org.apache.kafka.common.metrics.Metrics -- Closing reporter org.apache.kafka.common.metrics.JmxReporter
19:52:52.517 [Test worker] INFO org.apache.kafka.common.metrics.Metrics -- Metrics reporters closed
19:52:52.517 [Test worker] INFO kafka.server.BrokerTopicStats -- Broker and topic stats closed
19:52:52.517 [Test worker] INFO org.apache.kafka.common.utils.AppInfoParser -- App info kafka.server for 0 unregistered
19:52:52.517 [Test worker] INFO kafka.server.KafkaServer -- [KafkaServer id=0] shut down completed
19:52:52.526 [ConnnectionExpirer] INFO org.apache.zookeeper.server.NIOServerCnxnFactory -- ConnnectionExpirerThread interrupted
19:52:52.527 [NIOServerCxnFactory.SelectorThread-2] INFO org.apache.zookeeper.server.NIOServerCnxnFactory -- selector thread exitted run method
19:52:52.527 [NIOServerCxnFactory.SelectorThread-0] INFO org.apache.zookeeper.server.NIOServerCnxnFactory -- selector thread exitted run method
19:52:52.527 [NIOServerCxnFactory.SelectorThread-1] INFO org.apache.zookeeper.server.NIOServerCnxnFactory -- selector thread exitted run method
19:52:52.527 [NIOServerCxnFactory.AcceptThread:/127.0.0.1:0] INFO org.apache.zookeeper.server.NIOServerCnxnFactory -- accept thread exitted run method
19:52:52.527 [Test worker] INFO org.apache.zookeeper.server.ZooKeeperServer -- shutting down
19:52:52.527 [Test worker] INFO org.apache.zookeeper.server.RequestThrottler -- Shutting down
19:52:52.528 [RequestThrottler] INFO org.apache.zookeeper.server.RequestThrottler -- Draining request throttler queue
19:52:52.528 [RequestThrottler] INFO org.apache.zookeeper.server.RequestThrottler -- RequestThrottler shutdown. Dropped 0 requests
19:52:52.528 [Test worker] INFO org.apache.zookeeper.server.SessionTrackerImpl -- Shutting down
19:52:52.528 [Test worker] INFO org.apache.zookeeper.server.PrepRequestProcessor -- Shutting down
19:52:52.528 [Test worker] INFO org.apache.zookeeper.server.SyncRequestProcessor -- Shutting down
19:52:52.528 [SyncThread:0] INFO org.apache.zookeeper.server.SyncRequestProcessor -- SyncRequestProcessor exited!
19:52:52.528 [ProcessThread(sid:0 cport:58204):] INFO org.apache.zookeeper.server.PrepRequestProcessor -- PrepRequestProcessor exited loop!
19:52:52.528 [Test worker] INFO org.apache.zookeeper.server.FinalRequestProcessor -- shutdown of request processor complete
]]></system-out>
  <system-err><![CDATA[]]></system-err>
</testsuite>
